#
# A fatal error has been detected by the Java Runtime Environment:
#
#  EXCEPTION_ACCESS_VIOLATION (0xc0000005) at pc=0x00007ffb87176730, pid=13936, tid=4416
#
# JRE version: OpenJDK Runtime Environment Temurin-11.0.12+7 (11.0.12+7) (build 11.0.12+7)
# Java VM: OpenJDK 64-Bit Server VM Temurin-11.0.12+7 (11.0.12+7, mixed mode, tiered, compressed oops, g1 gc, windows-amd64)
# Problematic frame:
# C  [glass.dll+0x26730]
#
# No core dump will be written. Minidumps are not enabled by default on client versions of Windows
#
# If you would like to submit a bug report, please visit:
#   https://github.com/adoptium/adoptium-support/issues
#

---------------  S U M M A R Y ------------

Command Line: -javaagent:C:\Program Files\JetBrains\IntelliJ IDEA 2021.2.3\lib\idea_rt.jar=52915:C:\Program Files\JetBrains\IntelliJ IDEA 2021.2.3\bin -Dfile.encoding=UTF-8 --module-path=C:\Users\OlgaL\.m2\repository\org\openjfx\javafx-base\11.0.2\javafx-base-11.0.2-win.jar;C:\Users\OlgaL\.m2\repository\org\openjfx\javafx-controls\11.0.2\javafx-controls-11.0.2-win.jar;C:\Users\OlgaL\.m2\repository\org\openjfx\javafx-fxml\11.0.2\javafx-fxml-11.0.2-win.jar;C:\Users\OlgaL\IdeaProjects\Jeweller\target\classes;C:\Users\OlgaL\.m2\repository\org\openjfx\javafx-graphics\11.0.2\javafx-graphics-11.0.2-win.jar -Djdk.module.main=com.example.jeweller com.example.jeweller/com.example.jeweller.HelloApplication

Host: Intel(R) Core(TM) i5-7200U CPU @ 2.50GHz, 4 cores, 7G,  Windows 10 , 64 bit Build 19041 (10.0.19041.1348)
Time: Thu Dec 23 15:39:43 2021 FLE Standard Time elapsed time: 44.114942 seconds (0d 0h 0m 44s)

---------------  T H R E A D  ---------------

Current thread (0x000001d4b426e800):  VMThread "VM Thread" [stack: 0x00000053e0800000,0x00000053e0900000] [id=4416]

Stack: [0x00000053e0800000,0x00000053e0900000],  sp=0x00000053e08fef90,  free space=1019k
Native frames: (J=compiled Java code, j=interpreted, Vv=VM code, C=native code)
C  [glass.dll+0x26730]


siginfo: EXCEPTION_ACCESS_VIOLATION (0xc0000005), reading address 0x0000000000000000


Register to memory mapping:

RIP=0x00007ffb87176730 glass.dll
RAX=0x0 is NULL
RBX=0x000001d4b429a868 is a global jni handle
RCX=0x000001d4b426e800 points into unknown readable memory: 0x00007ffb12445d78 | 78 5d 44 12 fb 7f 00 00
RDX=0x00000053e08fef90 points into unknown readable memory: 0x0000000000000000 | 00 00 00 00 00 00 00 00
RSP=0x00000053e08fef90 points into unknown readable memory: 0x0000000000000000 | 00 00 00 00 00 00 00 00
RBP=0x000001d4b4295d48 points into unknown readable memory: 0x000033e40a6a75e4 | e4 75 6a 0a e4 33 00 00
RSI=0x000001d4b4295d20 points into unknown readable memory: 0x71735e640a6d8a5c | 5c 8a 6d 0a 64 5e 73 71
RDI=0x000033e40a6a75e4 is an unknown value
R8 =0x0000000000010002 is an unknown value
R9 =0x000033e40a6a75e4 is an unknown value
R10=0x0000000000008000 is an unknown value
R11=0x00000053e08fef30 points into unknown readable memory: 0x000001d4b4295d20 | 20 5d 29 b4 d4 01 00 00
R12=0x00007ffb87173be0 glass.dll
R13=0x00000053e24ff1c0 is pointing into the stack for thread: 0x000001d4b621b800
R14=0x00000053e08ff098 points into unknown readable memory: 0x00000053e08ff080 | 80 f0 8f e0 53 00 00 00
R15=0x000001d4b4295d20 points into unknown readable memory: 0x71735e640a6d8a5c | 5c 8a 6d 0a 64 5e 73 71


Registers:
RAX=0x0000000000000000, RBX=0x000001d4b429a868, RCX=0x000001d4b426e800, RDX=0x00000053e08fef90
RSP=0x00000053e08fef90, RBP=0x000001d4b4295d48, RSI=0x000001d4b4295d20, RDI=0x000033e40a6a75e4
R8 =0x0000000000010002, R9 =0x000033e40a6a75e4, R10=0x0000000000008000, R11=0x00000053e08fef30
R12=0x00007ffb87173be0, R13=0x00000053e24ff1c0, R14=0x00000053e08ff098, R15=0x000001d4b4295d20
RIP=0x00007ffb87176730, EFLAGS=0x0000000000010206

Top of Stack: (sp=0x00000053e08fef90)
0x00000053e08fef90:   0000000000000000 00007ffba412f05b
0x00000053e08fefa0:   000001d4b4295d30 000001d4b4295d20
0x00000053e08fefb0:   fffffffffffffffe 00007ffb87173be0
0x00000053e08fefc0:   000001d4b4295d28 00007ffba41342d6
0x00000053e08fefd0:   000001d4b4295d30 000001d400000000
0x00000053e08fefe0:   000001d4b4295d48 000001d4b4295d20
0x00000053e08feff0:   fffffffffffffffe 0000000000000000
0x00000053e08ff000:   0000000000000001 00007ffb87150000
0x00000053e08ff010:   00000053e08ff088 00007ffba41341fb
0x00000053e08ff020:   0000000000000000 00000053e08ff098
0x00000053e08ff030:   00000053e08ff350 00007ffba4210e40
0x00000053e08ff040:   0000000000000001 00007ffba41341b4
0x00000053e08ff050:   0000000000000000 0000000000000001
0x00000053e08ff060:   00007ffb0000000d 00000053e08ff088
0x00000053e08ff070:   0000000000000000 00007ffb87173a60
0x00000053e08ff080:   00007ffb8718d100 0000005300000002 

Instructions: (pc=0x00007ffb87176730)
0x00007ffb87176630:   8b 4d 60 e8 d8 c9 ff ff 48 8b 55 68 48 8b 8d 08
0x00007ffb87176640:   01 00 00 e8 a9 be ff ff 33 d2 33 c9 e8 a9 de ff
0x00007ffb87176650:   ff 90 cc cc cc cc cc cc cc cc cc cc cc cc cc cc
0x00007ffb87176660:   48 8d 8a 80 00 00 00 e9 14 ea fe ff 48 89 54 24
0x00007ffb87176670:   10 55 48 83 ec 20 48 8b ea 48 8d 05 1d cb ff ff
0x00007ffb87176680:   48 83 c4 20 5d c3 cc 40 55 48 8b ea 48 8b 01 33
0x00007ffb87176690:   c9 81 38 05 00 00 c0 0f 94 c1 8b c1 5d c3 cc 40
0x00007ffb871766a0:   55 48 83 ec 20 48 8b ea 8a 4d 40 48 83 c4 20 5d
0x00007ffb871766b0:   e9 23 ce ff ff cc 40 55 48 83 ec 20 48 8b ea e8
0x00007ffb871766c0:   3c cc ff ff 8a 4d 38 48 83 c4 20 5d e9 07 ce ff
0x00007ffb871766d0:   ff cc 40 55 48 83 ec 30 48 8b ea 48 8b 01 8b 10
0x00007ffb871766e0:   48 89 4c 24 28 89 54 24 20 4c 8d 0d d0 d1 ff ff
0x00007ffb871766f0:   4c 8b 45 70 8b 55 68 48 8b 4d 60 e8 70 cb ff ff
0x00007ffb87176700:   90 48 83 c4 30 5d c3 cc cc cc cc cc cc cc cc cc
0x00007ffb87176710:   40 53 48 83 ec 30 48 c7 44 24 20 fe ff ff ff 48
0x00007ffb87176720:   8b 1d ea 63 01 00 48 85 db 74 16 e8 90 86 ff ff
0x00007ffb87176730:   4c 8b 00 48 8b d3 48 8b c8 41 ff 90 b0 00 00 00
0x00007ffb87176740:   90 48 83 c4 30 5b c3 cc cc cc cc cc cc cc cc cc
0x00007ffb87176750:   40 53 48 83 ec 20 48 8b 1d 4b 65 01 00 48 85 db
0x00007ffb87176760:   74 57 b8 ff ff ff ff f0 0f c1 43 10 83 f8 01 75
0x00007ffb87176770:   3d 48 85 db 74 38 48 8b 0b 48 85 c9 74 0d ff 15
0x00007ffb87176780:   24 0b 00 00 48 c7 03 00 00 00 00 48 8b 4b 08 48
0x00007ffb87176790:   85 c9 74 0d e8 77 c8 ff ff 48 c7 43 08 00 00 00
0x00007ffb871767a0:   00 ba 18 00 00 00 48 8b cb e8 62 c8 ff ff 48 c7
0x00007ffb871767b0:   05 ef 64 01 00 00 00 00 00 48 83 c4 20 5b c3 cc
0x00007ffb871767c0:   40 53 48 83 ec 20 48 8b 1d bb 64 01 00 48 85 db
0x00007ffb871767d0:   74 57 b8 ff ff ff ff f0 0f c1 43 10 83 f8 01 75
0x00007ffb871767e0:   3d 48 85 db 74 38 48 8b 0b 48 85 c9 74 0d ff 15
0x00007ffb871767f0:   b4 0a 00 00 48 c7 03 00 00 00 00 48 8b 4b 08 48
0x00007ffb87176800:   85 c9 74 0d e8 07 c8 ff ff 48 c7 43 08 00 00 00
0x00007ffb87176810:   00 ba 18 00 00 00 48 8b cb e8 f2 c7 ff ff 48 c7
0x00007ffb87176820:   05 5f 64 01 00 00 00 00 00 48 83 c4 20 5b c3 cc 


Stack slot to memory mapping:
stack at sp + 0 slots: 0x0 is NULL
stack at sp + 1 slots: 0x00007ffba412f05b ucrtbase.dll
stack at sp + 2 slots: 0x000001d4b4295d30 points into unknown readable memory: 0x000033e40a6a75e4 | e4 75 6a 0a e4 33 00 00
stack at sp + 3 slots: 0x000001d4b4295d20 points into unknown readable memory: 0x71735e640a6d8a5c | 5c 8a 6d 0a 64 5e 73 71
stack at sp + 4 slots: 0xfffffffffffffffe is an unknown value
stack at sp + 5 slots: 0x00007ffb87173be0 glass.dll
stack at sp + 6 slots: 0x000001d4b4295d28 points into unknown readable memory: 0x000033e40a6a75e4 | e4 75 6a 0a e4 33 00 00
stack at sp + 7 slots: 0x00007ffba41342d6 ucrtbase.dll

VM_Operation (0x00000053e24ff1c0): Exit, mode: safepoint, requested by thread 0x000001d4b621b800


---------------  P R O C E S S  ---------------

Threads class SMR info:
_java_thread_list=0x000001d4b55eae60, length=19, elements={
0x000001d493b9b800, 0x000001d4b42a7000, 0x000001d4b42b1000, 0x000001d4b4c22800,
0x000001d4b42b4000, 0x000001d4b42b5800, 0x000001d4b42ba800, 0x000001d4b42c1000,
0x000001d4b4c6f800, 0x000001d4b4228000, 0x000001d4b5421800, 0x000001d4b4dd6000,
0x000001d4b5735800, 0x000001d4b57a2800, 0x000001d4b5bf5000, 0x000001d4b5bcf000,
0x000001d4b5fa6000, 0x000001d4b5e54800, 0x000001d4b621b800
}

Java Threads: ( => current thread )
  0x000001d493b9b800 JavaThread "main" [_thread_blocked, id=3056, stack(0x00000053e0200000,0x00000053e0300000)]
  0x000001d4b42a7000 JavaThread "Reference Handler" daemon [_thread_blocked, id=9700, stack(0x00000053e0900000,0x00000053e0a00000)]
  0x000001d4b42b1000 JavaThread "Finalizer" daemon [_thread_blocked, id=15340, stack(0x00000053e0a00000,0x00000053e0b00000)]
  0x000001d4b4c22800 JavaThread "Signal Dispatcher" daemon [_thread_blocked, id=3132, stack(0x00000053e0b00000,0x00000053e0c00000)]
  0x000001d4b42b4000 JavaThread "Attach Listener" daemon [_thread_blocked, id=13472, stack(0x00000053e0c00000,0x00000053e0d00000)]
  0x000001d4b42b5800 JavaThread "Service Thread" daemon [_thread_blocked, id=14628, stack(0x00000053e0d00000,0x00000053e0e00000)]
  0x000001d4b42ba800 JavaThread "C2 CompilerThread0" daemon [_thread_blocked, id=8140, stack(0x00000053e0e00000,0x00000053e0f00000)]
  0x000001d4b42c1000 JavaThread "C1 CompilerThread0" daemon [_thread_blocked, id=5044, stack(0x00000053e0f00000,0x00000053e1000000)]
  0x000001d4b4c6f800 JavaThread "Sweeper thread" daemon [_thread_blocked, id=4296, stack(0x00000053e1000000,0x00000053e1100000)]
  0x000001d4b4228000 JavaThread "Common-Cleaner" daemon [_thread_blocked, id=9256, stack(0x00000053e1100000,0x00000053e1200000)]
  0x000001d4b5421800 JavaThread "Monitor Ctrl-Break" daemon [_thread_in_native, id=7348, stack(0x00000053e1300000,0x00000053e1400000)]
  0x000001d4b4dd6000 JavaThread "QuantumRenderer-0" daemon [_thread_blocked, id=15524, stack(0x00000053e1200000,0x00000053e1300000)]
  0x000001d4b5735800 JavaThread "InvokeLaterDispatcher" daemon [_thread_blocked, id=17808, stack(0x00000053e1800000,0x00000053e1900000)]
  0x000001d4b57a2800 JavaThread "JavaFX Application Thread" [_thread_in_native, id=10952, stack(0x00000053e1900000,0x00000053e1a00000)]
  0x000001d4b5bf5000 JavaThread "Thread-1" daemon [_thread_in_native, id=8316, stack(0x00000053e1c00000,0x00000053e1d00000)]
  0x000001d4b5bcf000 JavaThread "JavaFX-Launcher" [_thread_blocked, id=12836, stack(0x00000053e1d00000,0x00000053e1e00000)]
  0x000001d4b5fa6000 JavaThread "Prism Font Disposer" daemon [_thread_blocked, id=17088, stack(0x00000053e2100000,0x00000053e2200000)]
  0x000001d4b5e54800 JavaThread "Cleaner-0" daemon [_thread_blocked, id=1416, stack(0x00000053e2300000,0x00000053e2400000)]
  0x000001d4b621b800 JavaThread "SIGINT handler" daemon [_thread_blocked, id=11492, stack(0x00000053e2400000,0x00000053e2500000)]

Other Threads:
=>0x000001d4b426e800 VMThread "VM Thread" [stack: 0x00000053e0800000,0x00000053e0900000] [id=4416]
  0x000001d493bb5800 GCTaskThread "GC Thread#0" [stack: 0x00000053e0300000,0x00000053e0400000] [id=11840]
  0x000001d4b4f31800 GCTaskThread "GC Thread#1" [stack: 0x00000053e1500000,0x00000053e1600000] [id=15764]
  0x000001d4b5642000 GCTaskThread "GC Thread#2" [stack: 0x00000053e1600000,0x00000053e1700000] [id=15068]
  0x000001d4b5fb0800 GCTaskThread "GC Thread#3" [stack: 0x00000053e2200000,0x00000053e2300000] [id=15300]
  0x000001d493be4800 ConcurrentGCThread "G1 Main Marker" [stack: 0x00000053e0400000,0x00000053e0500000] [id=18372]
  0x000001d493be7800 ConcurrentGCThread "G1 Conc#0" [stack: 0x00000053e0500000,0x00000053e0600000] [id=11808]
  0x000001d493c76000 ConcurrentGCThread "G1 Refine#0" [stack: 0x00000053e0600000,0x00000053e0700000] [id=8488]
  0x000001d493c77000 ConcurrentGCThread "G1 Young RemSet Sampling" [stack: 0x00000053e0700000,0x00000053e0800000] [id=10328]

Threads with active compile tasks:

VM state:at safepoint (shutting down)

VM Mutex/Monitor currently owned by a thread:  ([mutex/lock_event])
[0x000001d493b988e0] Threads_lock - owner thread: 0x000001d4b426e800

Heap address: 0x0000000081800000, size: 2024 MB, Compressed Oops mode: 32-bit
Narrow klass base: 0x0000000000000000, Narrow klass shift: 3
Compressed class space size: 1073741824 Address: 0x0000000100000000

Heap:
 garbage-first heap   total 131072K, used 15397K [0x0000000081800000, 0x0000000100000000)
  region size 1024K, 8 young (8192K), 5 survivors (5120K)
 Metaspace       used 27254K, capacity 28159K, committed 28208K, reserved 1073152K
  class space    used 3320K, capacity 3696K, committed 3712K, reserved 1048576K
Heap Regions: E=young(eden), S=young(survivor), O=old, HS=humongous(starts), HC=humongous(continues), CS=collection set, F=free, A=archive, TAMS=top-at-mark-start (previous, next)
|   0|0x0000000081800000, 0x0000000081900000, 0x0000000081900000|100%| O|  |TAMS 0x000000008185d600, 0x0000000081800000| Untracked 
|   1|0x0000000081900000, 0x0000000081a00000, 0x0000000081a00000|100%|HS|  |TAMS 0x0000000081900000, 0x0000000081900000| Complete 
|   2|0x0000000081a00000, 0x0000000081b00000, 0x0000000081b00000|100%|HC|  |TAMS 0x0000000081a00000, 0x0000000081a00000| Complete 
|   3|0x0000000081b00000, 0x0000000081c00000, 0x0000000081c00000|100%| O|  |TAMS 0x0000000081b00000, 0x0000000081b00000| Untracked 
|   4|0x0000000081c00000, 0x0000000081d00000, 0x0000000081d00000|100%| O|  |TAMS 0x0000000081c00000, 0x0000000081c00000| Untracked 
|   5|0x0000000081d00000, 0x0000000081e00000, 0x0000000081e00000|100%| O|  |TAMS 0x0000000081d00000, 0x0000000081d00000| Untracked 
|   6|0x0000000081e00000, 0x0000000081f00000, 0x0000000081f00000|100%| O|  |TAMS 0x0000000081e00000, 0x0000000081e00000| Untracked 
|   7|0x0000000081f00000, 0x0000000082000000, 0x0000000082000000|100%| O|  |TAMS 0x0000000081f00000, 0x0000000081f00000| Untracked 
|   8|0x0000000082000000, 0x00000000820f0400, 0x0000000082100000| 93%| O|  |TAMS 0x0000000082000000, 0x0000000082000000| Untracked 
|   9|0x0000000082100000, 0x0000000082100000, 0x0000000082200000|  0%| F|  |TAMS 0x0000000082100000, 0x0000000082100000| Untracked 
|  10|0x0000000082200000, 0x0000000082200000, 0x0000000082300000|  0%| F|  |TAMS 0x0000000082200000, 0x0000000082200000| Untracked 
|  11|0x0000000082300000, 0x0000000082300000, 0x0000000082400000|  0%| F|  |TAMS 0x0000000082300000, 0x0000000082300000| Untracked 
|  12|0x0000000082400000, 0x0000000082400000, 0x0000000082500000|  0%| F|  |TAMS 0x0000000082400000, 0x0000000082400000| Untracked 
|  13|0x0000000082500000, 0x0000000082500000, 0x0000000082600000|  0%| F|  |TAMS 0x0000000082500000, 0x0000000082500000| Untracked 
|  14|0x0000000082600000, 0x0000000082600000, 0x0000000082700000|  0%| F|  |TAMS 0x0000000082600000, 0x0000000082600000| Untracked 
|  15|0x0000000082700000, 0x0000000082700000, 0x0000000082800000|  0%| F|  |TAMS 0x0000000082700000, 0x0000000082700000| Untracked 
|  16|0x0000000082800000, 0x0000000082800000, 0x0000000082900000|  0%| F|  |TAMS 0x0000000082800000, 0x0000000082800000| Untracked 
|  17|0x0000000082900000, 0x0000000082900000, 0x0000000082a00000|  0%| F|  |TAMS 0x0000000082900000, 0x0000000082900000| Untracked 
|  18|0x0000000082a00000, 0x0000000082a00000, 0x0000000082b00000|  0%| F|  |TAMS 0x0000000082a00000, 0x0000000082a00000| Untracked 
|  19|0x0000000082b00000, 0x0000000082b00000, 0x0000000082c00000|  0%| F|  |TAMS 0x0000000082b00000, 0x0000000082b00000| Untracked 
|  20|0x0000000082c00000, 0x0000000082c00000, 0x0000000082d00000|  0%| F|  |TAMS 0x0000000082c00000, 0x0000000082c00000| Untracked 
|  21|0x0000000082d00000, 0x0000000082d00000, 0x0000000082e00000|  0%| F|  |TAMS 0x0000000082d00000, 0x0000000082d00000| Untracked 
|  22|0x0000000082e00000, 0x0000000082e00000, 0x0000000082f00000|  0%| F|  |TAMS 0x0000000082e00000, 0x0000000082e00000| Untracked 
|  23|0x0000000082f00000, 0x0000000082f00000, 0x0000000083000000|  0%| F|  |TAMS 0x0000000082f00000, 0x0000000082f00000| Untracked 
|  24|0x0000000083000000, 0x0000000083000000, 0x0000000083100000|  0%| F|  |TAMS 0x0000000083000000, 0x0000000083000000| Untracked 
|  25|0x0000000083100000, 0x0000000083100000, 0x0000000083200000|  0%| F|  |TAMS 0x0000000083100000, 0x0000000083100000| Untracked 
|  26|0x0000000083200000, 0x0000000083200000, 0x0000000083300000|  0%| F|  |TAMS 0x0000000083200000, 0x0000000083200000| Untracked 
|  27|0x0000000083300000, 0x0000000083300000, 0x0000000083400000|  0%| F|  |TAMS 0x0000000083300000, 0x0000000083300000| Untracked 
|  28|0x0000000083400000, 0x0000000083400000, 0x0000000083500000|  0%| F|  |TAMS 0x0000000083400000, 0x0000000083400000| Untracked 
|  29|0x0000000083500000, 0x0000000083500000, 0x0000000083600000|  0%| F|  |TAMS 0x0000000083500000, 0x0000000083500000| Untracked 
|  30|0x0000000083600000, 0x0000000083600000, 0x0000000083700000|  0%| F|  |TAMS 0x0000000083600000, 0x0000000083600000| Untracked 
|  31|0x0000000083700000, 0x0000000083700000, 0x0000000083800000|  0%| F|  |TAMS 0x0000000083700000, 0x0000000083700000| Untracked 
|  32|0x0000000083800000, 0x0000000083800000, 0x0000000083900000|  0%| F|  |TAMS 0x0000000083800000, 0x0000000083800000| Untracked 
|  33|0x0000000083900000, 0x0000000083900000, 0x0000000083a00000|  0%| F|  |TAMS 0x0000000083900000, 0x0000000083900000| Untracked 
|  34|0x0000000083a00000, 0x0000000083a00000, 0x0000000083b00000|  0%| F|  |TAMS 0x0000000083a00000, 0x0000000083a00000| Untracked 
|  35|0x0000000083b00000, 0x0000000083b00000, 0x0000000083c00000|  0%| F|  |TAMS 0x0000000083b00000, 0x0000000083b00000| Untracked 
|  36|0x0000000083c00000, 0x0000000083c00000, 0x0000000083d00000|  0%| F|  |TAMS 0x0000000083c00000, 0x0000000083c00000| Untracked 
|  37|0x0000000083d00000, 0x0000000083d00000, 0x0000000083e00000|  0%| F|  |TAMS 0x0000000083d00000, 0x0000000083d00000| Untracked 
|  38|0x0000000083e00000, 0x0000000083e00000, 0x0000000083f00000|  0%| F|  |TAMS 0x0000000083e00000, 0x0000000083e00000| Untracked 
|  39|0x0000000083f00000, 0x0000000083f00000, 0x0000000084000000|  0%| F|  |TAMS 0x0000000083f00000, 0x0000000083f00000| Untracked 
|  40|0x0000000084000000, 0x0000000084000000, 0x0000000084100000|  0%| F|  |TAMS 0x0000000084000000, 0x0000000084000000| Untracked 
|  41|0x0000000084100000, 0x0000000084100000, 0x0000000084200000|  0%| F|  |TAMS 0x0000000084100000, 0x0000000084100000| Untracked 
|  42|0x0000000084200000, 0x0000000084200000, 0x0000000084300000|  0%| F|  |TAMS 0x0000000084200000, 0x0000000084200000| Untracked 
|  43|0x0000000084300000, 0x0000000084300000, 0x0000000084400000|  0%| F|  |TAMS 0x0000000084300000, 0x0000000084300000| Untracked 
|  44|0x0000000084400000, 0x0000000084400000, 0x0000000084500000|  0%| F|  |TAMS 0x0000000084400000, 0x0000000084400000| Untracked 
|  45|0x0000000084500000, 0x0000000084500000, 0x0000000084600000|  0%| F|  |TAMS 0x0000000084500000, 0x0000000084500000| Untracked 
|  46|0x0000000084600000, 0x0000000084600000, 0x0000000084700000|  0%| F|  |TAMS 0x0000000084600000, 0x0000000084600000| Untracked 
|  47|0x0000000084700000, 0x0000000084700000, 0x0000000084800000|  0%| F|  |TAMS 0x0000000084700000, 0x0000000084700000| Untracked 
|  48|0x0000000084800000, 0x0000000084800000, 0x0000000084900000|  0%| F|  |TAMS 0x0000000084800000, 0x0000000084800000| Untracked 
|  49|0x0000000084900000, 0x0000000084900000, 0x0000000084a00000|  0%| F|  |TAMS 0x0000000084900000, 0x0000000084900000| Untracked 
|  50|0x0000000084a00000, 0x0000000084a00000, 0x0000000084b00000|  0%| F|  |TAMS 0x0000000084a00000, 0x0000000084a00000| Untracked 
|  51|0x0000000084b00000, 0x0000000084b00000, 0x0000000084c00000|  0%| F|  |TAMS 0x0000000084b00000, 0x0000000084b00000| Untracked 
|  52|0x0000000084c00000, 0x0000000084c00000, 0x0000000084d00000|  0%| F|  |TAMS 0x0000000084c00000, 0x0000000084c00000| Untracked 
|  53|0x0000000084d00000, 0x0000000084d00000, 0x0000000084e00000|  0%| F|  |TAMS 0x0000000084d00000, 0x0000000084d00000| Untracked 
|  54|0x0000000084e00000, 0x0000000084e00000, 0x0000000084f00000|  0%| F|  |TAMS 0x0000000084e00000, 0x0000000084e00000| Untracked 
|  55|0x0000000084f00000, 0x0000000084f00000, 0x0000000085000000|  0%| F|  |TAMS 0x0000000084f00000, 0x0000000084f00000| Untracked 
|  56|0x0000000085000000, 0x0000000085000000, 0x0000000085100000|  0%| F|  |TAMS 0x0000000085000000, 0x0000000085000000| Untracked 
|  57|0x0000000085100000, 0x0000000085100000, 0x0000000085200000|  0%| F|  |TAMS 0x0000000085100000, 0x0000000085100000| Untracked 
|  58|0x0000000085200000, 0x0000000085200000, 0x0000000085300000|  0%| F|  |TAMS 0x0000000085200000, 0x0000000085200000| Untracked 
|  59|0x0000000085300000, 0x0000000085300000, 0x0000000085400000|  0%| F|  |TAMS 0x0000000085300000, 0x0000000085300000| Untracked 
|  60|0x0000000085400000, 0x0000000085400000, 0x0000000085500000|  0%| F|  |TAMS 0x0000000085400000, 0x0000000085400000| Untracked 
|  61|0x0000000085500000, 0x0000000085500000, 0x0000000085600000|  0%| F|  |TAMS 0x0000000085500000, 0x0000000085500000| Untracked 
|  62|0x0000000085600000, 0x0000000085600000, 0x0000000085700000|  0%| F|  |TAMS 0x0000000085600000, 0x0000000085600000| Untracked 
|  63|0x0000000085700000, 0x0000000085700000, 0x0000000085800000|  0%| F|  |TAMS 0x0000000085700000, 0x0000000085700000| Untracked 
|  64|0x0000000085800000, 0x0000000085800000, 0x0000000085900000|  0%| F|  |TAMS 0x0000000085800000, 0x0000000085800000| Untracked 
|  65|0x0000000085900000, 0x0000000085900000, 0x0000000085a00000|  0%| F|  |TAMS 0x0000000085900000, 0x0000000085900000| Untracked 
|  66|0x0000000085a00000, 0x0000000085a00000, 0x0000000085b00000|  0%| F|  |TAMS 0x0000000085a00000, 0x0000000085a00000| Untracked 
|  67|0x0000000085b00000, 0x0000000085b00000, 0x0000000085c00000|  0%| F|  |TAMS 0x0000000085b00000, 0x0000000085b00000| Untracked 
|  68|0x0000000085c00000, 0x0000000085c00000, 0x0000000085d00000|  0%| F|  |TAMS 0x0000000085c00000, 0x0000000085c00000| Untracked 
|  69|0x0000000085d00000, 0x0000000085d00000, 0x0000000085e00000|  0%| F|  |TAMS 0x0000000085d00000, 0x0000000085d00000| Untracked 
|  70|0x0000000085e00000, 0x0000000085e00000, 0x0000000085f00000|  0%| F|  |TAMS 0x0000000085e00000, 0x0000000085e00000| Untracked 
|  71|0x0000000085f00000, 0x0000000085f00000, 0x0000000086000000|  0%| F|  |TAMS 0x0000000085f00000, 0x0000000085f00000| Untracked 
|  72|0x0000000086000000, 0x0000000086000000, 0x0000000086100000|  0%| F|  |TAMS 0x0000000086000000, 0x0000000086000000| Untracked 
|  73|0x0000000086100000, 0x0000000086100000, 0x0000000086200000|  0%| F|  |TAMS 0x0000000086100000, 0x0000000086100000| Untracked 
|  74|0x0000000086200000, 0x0000000086200000, 0x0000000086300000|  0%| F|  |TAMS 0x0000000086200000, 0x0000000086200000| Untracked 
|  75|0x0000000086300000, 0x0000000086300000, 0x0000000086400000|  0%| F|  |TAMS 0x0000000086300000, 0x0000000086300000| Untracked 
|  76|0x0000000086400000, 0x0000000086400000, 0x0000000086500000|  0%| F|  |TAMS 0x0000000086400000, 0x0000000086400000| Untracked 
|  77|0x0000000086500000, 0x0000000086500000, 0x0000000086600000|  0%| F|  |TAMS 0x0000000086500000, 0x0000000086500000| Untracked 
|  78|0x0000000086600000, 0x0000000086600000, 0x0000000086700000|  0%| F|  |TAMS 0x0000000086600000, 0x0000000086600000| Untracked 
|  79|0x0000000086700000, 0x0000000086700000, 0x0000000086800000|  0%| F|  |TAMS 0x0000000086700000, 0x0000000086700000| Untracked 
|  80|0x0000000086800000, 0x0000000086800000, 0x0000000086900000|  0%| F|  |TAMS 0x0000000086800000, 0x0000000086800000| Untracked 
|  81|0x0000000086900000, 0x0000000086900000, 0x0000000086a00000|  0%| F|  |TAMS 0x0000000086900000, 0x0000000086900000| Untracked 
|  82|0x0000000086a00000, 0x0000000086a19020, 0x0000000086b00000|  9%| S|CS|TAMS 0x0000000086a00000, 0x0000000086a00000| Complete 
|  83|0x0000000086b00000, 0x0000000086c00000, 0x0000000086c00000|100%| S|CS|TAMS 0x0000000086b00000, 0x0000000086b00000| Complete 
|  84|0x0000000086c00000, 0x0000000086d00000, 0x0000000086d00000|100%| S|CS|TAMS 0x0000000086c00000, 0x0000000086c00000| Complete 
|  85|0x0000000086d00000, 0x0000000086e00000, 0x0000000086e00000|100%| S|CS|TAMS 0x0000000086d00000, 0x0000000086d00000| Complete 
|  86|0x0000000086e00000, 0x0000000086f00000, 0x0000000086f00000|100%| S|CS|TAMS 0x0000000086e00000, 0x0000000086e00000| Complete 
|  87|0x0000000086f00000, 0x0000000086f00000, 0x0000000087000000|  0%| F|  |TAMS 0x0000000086f00000, 0x0000000086f00000| Untracked 
|  88|0x0000000087000000, 0x0000000087000000, 0x0000000087100000|  0%| F|  |TAMS 0x0000000087000000, 0x0000000087000000| Untracked 
|  89|0x0000000087100000, 0x0000000087100000, 0x0000000087200000|  0%| F|  |TAMS 0x0000000087100000, 0x0000000087100000| Untracked 
|  90|0x0000000087200000, 0x0000000087200000, 0x0000000087300000|  0%| F|  |TAMS 0x0000000087200000, 0x0000000087200000| Untracked 
|  91|0x0000000087300000, 0x0000000087300000, 0x0000000087400000|  0%| F|  |TAMS 0x0000000087300000, 0x0000000087300000| Untracked 
|  92|0x0000000087400000, 0x0000000087400000, 0x0000000087500000|  0%| F|  |TAMS 0x0000000087400000, 0x0000000087400000| Untracked 
|  93|0x0000000087500000, 0x0000000087500000, 0x0000000087600000|  0%| F|  |TAMS 0x0000000087500000, 0x0000000087500000| Untracked 
|  94|0x0000000087600000, 0x0000000087600000, 0x0000000087700000|  0%| F|  |TAMS 0x0000000087600000, 0x0000000087600000| Untracked 
|  95|0x0000000087700000, 0x0000000087700000, 0x0000000087800000|  0%| F|  |TAMS 0x0000000087700000, 0x0000000087700000| Untracked 
|  96|0x0000000087800000, 0x0000000087800000, 0x0000000087900000|  0%| F|  |TAMS 0x0000000087800000, 0x0000000087800000| Untracked 
|  97|0x0000000087900000, 0x0000000087900000, 0x0000000087a00000|  0%| F|  |TAMS 0x0000000087900000, 0x0000000087900000| Untracked 
|  98|0x0000000087a00000, 0x0000000087a00000, 0x0000000087b00000|  0%| F|  |TAMS 0x0000000087a00000, 0x0000000087a00000| Untracked 
|  99|0x0000000087b00000, 0x0000000087b00000, 0x0000000087c00000|  0%| F|  |TAMS 0x0000000087b00000, 0x0000000087b00000| Untracked 
| 100|0x0000000087c00000, 0x0000000087c00000, 0x0000000087d00000|  0%| F|  |TAMS 0x0000000087c00000, 0x0000000087c00000| Untracked 
| 101|0x0000000087d00000, 0x0000000087d00000, 0x0000000087e00000|  0%| F|  |TAMS 0x0000000087d00000, 0x0000000087d00000| Untracked 
| 102|0x0000000087e00000, 0x0000000087e00000, 0x0000000087f00000|  0%| F|  |TAMS 0x0000000087e00000, 0x0000000087e00000| Untracked 
| 103|0x0000000087f00000, 0x0000000087f00000, 0x0000000088000000|  0%| F|  |TAMS 0x0000000087f00000, 0x0000000087f00000| Untracked 
| 104|0x0000000088000000, 0x0000000088000000, 0x0000000088100000|  0%| F|  |TAMS 0x0000000088000000, 0x0000000088000000| Untracked 
| 105|0x0000000088100000, 0x0000000088100000, 0x0000000088200000|  0%| F|  |TAMS 0x0000000088100000, 0x0000000088100000| Untracked 
| 106|0x0000000088200000, 0x0000000088200000, 0x0000000088300000|  0%| F|  |TAMS 0x0000000088200000, 0x0000000088200000| Untracked 
| 107|0x0000000088300000, 0x0000000088300000, 0x0000000088400000|  0%| F|  |TAMS 0x0000000088300000, 0x0000000088300000| Untracked 
| 108|0x0000000088400000, 0x0000000088400000, 0x0000000088500000|  0%| F|  |TAMS 0x0000000088400000, 0x0000000088400000| Untracked 
| 109|0x0000000088500000, 0x0000000088500000, 0x0000000088600000|  0%| F|  |TAMS 0x0000000088500000, 0x0000000088500000| Untracked 
| 110|0x0000000088600000, 0x0000000088600000, 0x0000000088700000|  0%| F|  |TAMS 0x0000000088600000, 0x0000000088600000| Untracked 
| 111|0x0000000088700000, 0x0000000088700000, 0x0000000088800000|  0%| F|  |TAMS 0x0000000088700000, 0x0000000088700000| Untracked 
| 112|0x0000000088800000, 0x0000000088800000, 0x0000000088900000|  0%| F|  |TAMS 0x0000000088800000, 0x0000000088800000| Untracked 
| 113|0x0000000088900000, 0x0000000088900000, 0x0000000088a00000|  0%| F|  |TAMS 0x0000000088900000, 0x0000000088900000| Untracked 
| 114|0x0000000088a00000, 0x0000000088a00000, 0x0000000088b00000|  0%| F|  |TAMS 0x0000000088a00000, 0x0000000088a00000| Untracked 
| 115|0x0000000088b00000, 0x0000000088b00000, 0x0000000088c00000|  0%| F|  |TAMS 0x0000000088b00000, 0x0000000088b00000| Untracked 
| 116|0x0000000088c00000, 0x0000000088c00000, 0x0000000088d00000|  0%| F|  |TAMS 0x0000000088c00000, 0x0000000088c00000| Untracked 
| 117|0x0000000088d00000, 0x0000000088d00000, 0x0000000088e00000|  0%| F|  |TAMS 0x0000000088d00000, 0x0000000088d00000| Untracked 
| 118|0x0000000088e00000, 0x0000000088e00000, 0x0000000088f00000|  0%| F|  |TAMS 0x0000000088e00000, 0x0000000088e00000| Untracked 
| 119|0x0000000088f00000, 0x0000000088f00000, 0x0000000089000000|  0%| F|  |TAMS 0x0000000088f00000, 0x0000000088f00000| Untracked 
| 120|0x0000000089000000, 0x0000000089000000, 0x0000000089100000|  0%| F|  |TAMS 0x0000000089000000, 0x0000000089000000| Untracked 
| 121|0x0000000089100000, 0x0000000089100000, 0x0000000089200000|  0%| F|  |TAMS 0x0000000089100000, 0x0000000089100000| Untracked 
| 122|0x0000000089200000, 0x0000000089200000, 0x0000000089300000|  0%| F|  |TAMS 0x0000000089200000, 0x0000000089200000| Untracked 
| 123|0x0000000089300000, 0x0000000089300000, 0x0000000089400000|  0%| F|  |TAMS 0x0000000089300000, 0x0000000089300000| Untracked 
| 124|0x0000000089400000, 0x0000000089400000, 0x0000000089500000|  0%| F|  |TAMS 0x0000000089400000, 0x0000000089400000| Untracked 
| 125|0x0000000089500000, 0x00000000895c0ef0, 0x0000000089600000| 75%| E|  |TAMS 0x0000000089500000, 0x0000000089500000| Complete 
| 126|0x0000000089600000, 0x0000000089700000, 0x0000000089700000|100%| E|CS|TAMS 0x0000000089600000, 0x0000000089600000| Complete 
| 127|0x0000000089700000, 0x0000000089800000, 0x0000000089800000|100%| E|CS|TAMS 0x0000000089700000, 0x0000000089700000| Complete 

Card table byte_map: [0x000001d4ad510000,0x000001d4ad910000] _byte_map_base: 0x000001d4ad104000

Marking Bits (Prev, Next): (CMBitMap*) 0x000001d493bdba80, (CMBitMap*) 0x000001d493bdba48
 Prev Bits: [0x000001d4afcb0000, 0x000001d4b1c50000)
 Next Bits: [0x000001d4add10000, 0x000001d4afcb0000)

Polling page: 0x000001d493a70000

Metaspace:

Usage:
  Non-class:     23.89 MB capacity,    23.37 MB ( 98%) used,   423.09 KB (  2%) free+waste,   106.38 KB ( <1%) overhead. 
      Class:      3.61 MB capacity,     3.24 MB ( 90%) used,   322.15 KB (  9%) free+waste,    53.38 KB (  1%) overhead. 
       Both:     27.50 MB capacity,    26.62 MB ( 97%) used,   745.24 KB (  3%) free+waste,   159.75 KB ( <1%) overhead. 

Virtual space:
  Non-class space:       24.00 MB reserved,      23.92 MB (>99%) committed 
      Class space:        1.00 GB reserved,       3.63 MB ( <1%) committed 
             Both:        1.02 GB reserved,      27.55 MB (  3%) committed 

Chunk freelists:
   Non-Class:  33.00 KB
       Class:  0 bytes
        Both:  33.00 KB

MaxMetaspaceSize: 17179869184.00 GB
CompressedClassSpaceSize: 1.00 GB
Initial GC threshold: 20.80 MB
Current GC threshold: 34.87 MB
CDS: off

CodeHeap 'non-profiled nmethods': size=120064Kb used=1927Kb max_used=1927Kb free=118136Kb
 bounds [0x000001d4a5590000, 0x000001d4a5800000, 0x000001d4acad0000]
CodeHeap 'profiled nmethods': size=120000Kb used=9081Kb max_used=9081Kb free=110918Kb
 bounds [0x000001d49e060000, 0x000001d49e940000, 0x000001d4a5590000]
CodeHeap 'non-nmethods': size=5696Kb used=1459Kb max_used=1494Kb free=4236Kb
 bounds [0x000001d49dad0000, 0x000001d49dd40000, 0x000001d49e060000]
 total_blobs=5186 nmethods=4389 adapters=709
 compilation: enabled
              stopped_count=0, restarted_count=0
 full_count=0

Compilation events (20 events):
Event: 37.317 Thread 0x000001d4b42ba800 4380       4       com.sun.javafx.geom.RectBounds::deriveWithNewBounds (80 bytes)
Event: 37.318 Thread 0x000001d4b42ba800 nmethod 4380 0x000001d4a5770490 code [0x000001d4a5770660, 0x000001d4a5770878]
Event: 37.323 Thread 0x000001d4b42c1000 4381       3       javafx.beans.value.WeakChangeListener::changed (38 bytes)
Event: 37.323 Thread 0x000001d4b42c1000 nmethod 4381 0x000001d49e93ab10 code [0x000001d49e93ad00, 0x000001d49e93b1c8]
Event: 37.347 Thread 0x000001d4b42c1000 4383       3       javafx.scene.control.Slider::valueProperty (25 bytes)
Event: 37.347 Thread 0x000001d4b42c1000 nmethod 4383 0x000001d49e93b310 code [0x000001d49e93b500, 0x000001d49e93b9f8]
Event: 37.347 Thread 0x000001d4b42c1000 4382       3       javafx.scene.Node$FocusedProperty::get (10 bytes)
Event: 37.347 Thread 0x000001d4b42c1000 nmethod 4382 0x000001d49e93bc10 code [0x000001d49e93bdc0, 0x000001d49e93bed8]
Event: 37.415 Thread 0x000001d4b42c1000 4384       3       com.sun.javafx.scene.control.LambdaMultiplePropertyChangeListenerHandler$$Lambda$233/0x0000000100297040::changed (11 bytes)
Event: 37.415 Thread 0x000001d4b42c1000 nmethod 4384 0x000001d49e93bf90 code [0x000001d49e93c180, 0x000001d49e93c578]
Event: 37.415 Thread 0x000001d4b42c1000 4385       3       com.sun.javafx.scene.control.LambdaMultiplePropertyChangeListenerHandler::lambda$new$1 (23 bytes)
Event: 37.416 Thread 0x000001d4b42c1000 nmethod 4385 0x000001d49e93c710 code [0x000001d49e93c8e0, 0x000001d49e93cc78]
Event: 37.429 Thread 0x000001d4b42c1000 4386   !   3       com.sun.javafx.binding.ExpressionHelper$SingleChange::fireValueChangedEvent (96 bytes)
Event: 37.429 Thread 0x000001d4b42c1000 nmethod 4386 0x000001d49e93cd90 code [0x000001d49e93cfc0, 0x000001d49e93d5a8]
Event: 37.779 Thread 0x000001d4b42ba800 4387       4       com.sun.javafx.tk.quantum.GlassViewEventHandler::mouseEventType (102 bytes)
Event: 37.781 Thread 0x000001d4b42ba800 nmethod 4387 0x000001d4a5770990 code [0x000001d4a5770b20, 0x000001d4a5770bf8]
Event: 37.843 Thread 0x000001d4b42ba800 4388       4       javafx.scene.Node::sceneToLocal0 (46 bytes)
Event: 37.862 Thread 0x000001d4b42ba800 nmethod 4388 0x000001d4a5770c90 code [0x000001d4a5770ec0, 0x000001d4a57716d0]
Event: 38.501 Thread 0x000001d4b42c1000 4389       3       java.util.TimSort::sort (229 bytes)
Event: 38.502 Thread 0x000001d4b42c1000 nmethod 4389 0x000001d49e93d790 code [0x000001d49e93d9e0, 0x000001d49e93e0b8]

GC Heap History (6 events):
Event: 1.688 GC heap before
{Heap before GC invocations=0 (full 0):
 garbage-first heap   total 131072K, used 13312K [0x0000000081800000, 0x0000000100000000)
  region size 1024K, 14 young (14336K), 0 survivors (0K)
 Metaspace       used 10028K, capacity 10301K, committed 10368K, reserved 1058816K
  class space    used 985K, capacity 1097K, committed 1152K, reserved 1048576K
}
Event: 1.716 GC heap after
{Heap after GC invocations=1 (full 0):
 garbage-first heap   total 131072K, used 2421K [0x0000000081800000, 0x0000000100000000)
  region size 1024K, 2 young (2048K), 2 survivors (2048K)
 Metaspace       used 10028K, capacity 10301K, committed 10368K, reserved 1058816K
  class space    used 985K, capacity 1097K, committed 1152K, reserved 1048576K
}
Event: 4.119 GC heap before
{Heap before GC invocations=1 (full 0):
 garbage-first heap   total 131072K, used 34165K [0x0000000081800000, 0x0000000100000000)
  region size 1024K, 34 young (34816K), 2 survivors (2048K)
 Metaspace       used 20474K, capacity 21117K, committed 21296K, reserved 1069056K
  class space    used 2405K, capacity 2658K, committed 2688K, reserved 1048576K
}
Event: 4.133 GC heap after
{Heap after GC invocations=2 (full 0):
 garbage-first heap   total 131072K, used 7256K [0x0000000081800000, 0x0000000100000000)
  region size 1024K, 7 young (7168K), 7 survivors (7168K)
 Metaspace       used 20474K, capacity 21117K, committed 21296K, reserved 1069056K
  class space    used 2405K, capacity 2658K, committed 2688K, reserved 1048576K
}
Event: 32.011 GC heap before
{Heap before GC invocations=3 (full 0):
 garbage-first heap   total 131072K, used 43096K [0x0000000081800000, 0x0000000100000000)
  region size 1024K, 41 young (41984K), 7 survivors (7168K)
 Metaspace       used 27215K, capacity 28153K, committed 28208K, reserved 1073152K
  class space    used 3317K, capacity 3694K, committed 3712K, reserved 1048576K
}
Event: 32.028 GC heap after
{Heap after GC invocations=4 (full 0):
 garbage-first heap   total 131072K, used 13349K [0x0000000081800000, 0x0000000100000000)
  region size 1024K, 5 young (5120K), 5 survivors (5120K)
 Metaspace       used 27215K, capacity 28153K, committed 28208K, reserved 1073152K
  class space    used 3317K, capacity 3694K, committed 3712K, reserved 1048576K
}

Deoptimization events (20 events):
Event: 24.003 Thread 0x000001d4b57a2800 Uncommon trap: trap_request=0xffffffc6 fr.pc=0x000001d4a568d370 relative=0x0000000000000450
Event: 24.003 Thread 0x000001d4b57a2800 Uncommon trap: reason=bimorphic_or_optimized_type_check action=maybe_recompile pc=0x000001d4a568d370 method=javafx.beans.property.BooleanPropertyBase.get()Z @ 23 c2
Event: 24.003 Thread 0x000001d4b57a2800 DEOPT PACKING pc=0x000001d4a568d370 sp=0x00000053e19f4250
Event: 24.003 Thread 0x000001d4b57a2800 DEOPT UNPACKING pc=0x000001d49db1a1af sp=0x00000053e19f40f0 mode 2
Event: 36.141 Thread 0x000001d4b57a2800 Uncommon trap: trap_request=0xffffffc6 fr.pc=0x000001d4a5742b54 relative=0x00000000000011b4
Event: 36.141 Thread 0x000001d4b57a2800 Uncommon trap: reason=bimorphic_or_optimized_type_check action=maybe_recompile pc=0x000001d4a5742b54 method=com.sun.javafx.event.CompositeEventHandler.dispatchBubblingEvent(Ljavafx/event/Event;)V @ 51 c2
Event: 36.141 Thread 0x000001d4b57a2800 DEOPT PACKING pc=0x000001d4a5742b54 sp=0x00000053e19f4b90
Event: 36.141 Thread 0x000001d4b57a2800 DEOPT UNPACKING pc=0x000001d49db1a1af sp=0x00000053e19f4a70 mode 2
Event: 36.219 Thread 0x000001d4b57a2800 Uncommon trap: trap_request=0xffffffc6 fr.pc=0x000001d4a5742b54 relative=0x00000000000011b4
Event: 36.219 Thread 0x000001d4b57a2800 Uncommon trap: reason=bimorphic_or_optimized_type_check action=maybe_recompile pc=0x000001d4a5742b54 method=com.sun.javafx.event.CompositeEventHandler.dispatchBubblingEvent(Ljavafx/event/Event;)V @ 51 c2
Event: 36.219 Thread 0x000001d4b57a2800 DEOPT PACKING pc=0x000001d4a5742b54 sp=0x00000053e19f4b90
Event: 36.219 Thread 0x000001d4b57a2800 DEOPT UNPACKING pc=0x000001d49db1a1af sp=0x00000053e19f4a70 mode 2
Event: 36.223 Thread 0x000001d4b57a2800 Uncommon trap: trap_request=0xffffffc6 fr.pc=0x000001d4a5742b54 relative=0x00000000000011b4
Event: 36.223 Thread 0x000001d4b57a2800 Uncommon trap: reason=bimorphic_or_optimized_type_check action=maybe_recompile pc=0x000001d4a5742b54 method=com.sun.javafx.event.CompositeEventHandler.dispatchBubblingEvent(Ljavafx/event/Event;)V @ 51 c2
Event: 36.223 Thread 0x000001d4b57a2800 DEOPT PACKING pc=0x000001d4a5742b54 sp=0x00000053e19f4b90
Event: 36.223 Thread 0x000001d4b57a2800 DEOPT UNPACKING pc=0x000001d49db1a1af sp=0x00000053e19f4a70 mode 2
Event: 36.225 Thread 0x000001d4b57a2800 Uncommon trap: trap_request=0xffffffc6 fr.pc=0x000001d4a5742b54 relative=0x00000000000011b4
Event: 36.225 Thread 0x000001d4b57a2800 Uncommon trap: reason=bimorphic_or_optimized_type_check action=maybe_recompile pc=0x000001d4a5742b54 method=com.sun.javafx.event.CompositeEventHandler.dispatchBubblingEvent(Ljavafx/event/Event;)V @ 51 c2
Event: 36.225 Thread 0x000001d4b57a2800 DEOPT PACKING pc=0x000001d4a5742b54 sp=0x00000053e19f4b90
Event: 36.225 Thread 0x000001d4b57a2800 DEOPT UNPACKING pc=0x000001d49db1a1af sp=0x00000053e19f4a70 mode 2

Classes redefined (0 events):
No events

Internal exceptions (20 events):
Event: 3.758 Thread 0x000001d4b57a2800 Implicit null exception at 0x000001d4a561b175 to 0x000001d4a561b324
Event: 3.759 Thread 0x000001d4b57a2800 Implicit null exception at 0x000001d4a55adb78 to 0x000001d4a55adc0a
Event: 3.819 Thread 0x000001d4b57a2800 Implicit null exception at 0x000001d4a562142f to 0x000001d4a562149d
Event: 4.140 Thread 0x000001d4b57a2800 Exception <a 'java/lang/NoSuchMethodError'{0x000000008978c730}: 'java.lang.Object java.lang.invoke.DirectMethodHandle$Holder.invokeInterface(java.lang.Object, java.lang.Object, java.lang.Object)'> (0x000000008978c730) thrown at [./src/hotspot/share/interpreter/linkResolver.cpp, line 773]
Event: 4.145 Thread 0x000001d4b57a2800 Exception <a 'java/lang/IncompatibleClassChangeError'{0x000000008978f8e8}: Found class java.lang.Object, but interface was expected> (0x000000008978f8e8) thrown at [./src/hotspot/share/interpreter/linkResolver.cpp, line 839]
Event: 4.241 Thread 0x000001d4b57a2800 Exception <a 'java/lang/ClassNotFoundException'{0x0000000089429ed8}: com/sun/javafx/scene/control/skin/resources/controls> (0x0000000089429ed8) thrown at [./src/hotspot/share/prims/jni.cpp, line 636]
Event: 4.242 Thread 0x000001d4b57a2800 Exception <a 'java/lang/ClassNotFoundException'{0x0000000089437fc0}: com/sun/javafx/scene/control/skin/resources/controls_en> (0x0000000089437fc0) thrown at [./src/hotspot/share/prims/jni.cpp, line 636]
Event: 4.242 Thread 0x000001d4b57a2800 Exception <a 'java/lang/ClassNotFoundException'{0x0000000089439780}: com/sun/javafx/scene/control/skin/resources/controls_en_US> (0x0000000089439780) thrown at [./src/hotspot/share/prims/jni.cpp, line 636]
Event: 4.299 Thread 0x000001d4b57a2800 Exception <a 'java/lang/NoSuchMethodError'{0x00000000893b6878}: 'void java.lang.invoke.DirectMethodHandle$Holder.invokeSpecial(java.lang.Object, java.lang.Object, java.lang.Object, java.lang.Object, java.lang.Object, java.lang.Object)'> (0x00000000893b6878) thrown at [./src/hotspot/share/interpreter/linkResolver.cpp, line 773]
Event: 4.472 Thread 0x000001d4b4dd6000 Exception <a 'java/lang/NoSuchMethodError'{0x0000000088f780a8}: 'int java.lang.invoke.DirectMethodHandle$Holder.invokeStaticInit(java.lang.Object, java.lang.Object)'> (0x0000000088f780a8) thrown at [./src/hotspot/share/interpreter/linkResolver.cpp, line 773]
Event: 6.710 Thread 0x000001d4b57a2800 Exception <a 'java/lang/NoSuchMethodError'{0x0000000088bc51c0}: 'long java.lang.invoke.DirectMethodHandle$Holder.invokeStaticInit(java.lang.Object, java.lang.Object, java.lang.Object)'> (0x0000000088bc51c0) thrown at [./src/hotspot/share/interpreter/linkResolver.cpp, line 773]
Event: 6.712 Thread 0x000001d4b57a2800 Exception <a 'java/lang/NoSuchMethodError'{0x0000000088bdd808}: 'java.lang.Object java.lang.invoke.DirectMethodHandle$Holder.invokeStatic(java.lang.Object, java.lang.Object, long)'> (0x0000000088bdd808) thrown at [./src/hotspot/share/interpreter/linkResolver.cpp, line 773]
Event: 6.713 Thread 0x000001d4b57a2800 Exception <a 'java/lang/NoSuchMethodError'{0x0000000088be3980}: 'java.lang.Object java.lang.invoke.Invokers$Holder.linkToTargetMethod(java.lang.Object, long, java.lang.Object)'> (0x0000000088be3980) thrown at [./src/hotspot/share/interpreter/linkResolver.cpp, line 773]
Event: 6.716 Thread 0x000001d4b57a2800 Exception <a 'java/lang/NoSuchMethodError'{0x0000000088bf1cd0}: 'java.lang.Object java.lang.invoke.DirectMethodHandle$Holder.invokeStatic(java.lang.Object, java.lang.Object, int, int, int, int, int, java.lang.Object)'> (0x0000000088bf1cd0) thrown at [./src/hotspot/share/interpreter/linkResolver.cpp, line 773]
Event: 6.718 Thread 0x000001d4b57a2800 Exception <a 'java/lang/NoSuchMethodError'{0x0000000088a02d40}: 'java.lang.Object java.lang.invoke.DirectMethodHandle$Holder.invokeStatic(java.lang.Object, java.lang.Object, java.lang.Object, int, int, int, int, int)'> (0x0000000088a02d40) thrown at [./src/hotspot/share/interpreter/linkResolver.cpp, line 773]
Event: 6.719 Thread 0x000001d4b57a2800 Exception <a 'java/lang/NoSuchMethodError'{0x0000000088a095b0}: 'java.lang.Object java.lang.invoke.Invokers$Holder.linkToTargetMethod(java.lang.Object, java.lang.Object, int, int, int, int, int, java.lang.Object)'> (0x0000000088a095b0) thrown at [./src/hotspot/share/interpreter/linkResolver.cpp, line 773]
Event: 12.827 Thread 0x000001d4b57a2800 Implicit null exception at 0x000001d4a56bb38b to 0x000001d4a56bb788
Event: 14.739 Thread 0x000001d4b57a2800 Exception <a 'java/io/FileNotFoundException'{0x000000008832a9f8}> (0x000000008832a9f8) thrown at [./src/hotspot/share/prims/jni.cpp, line 615]
Event: 19.432 Thread 0x000001d4b4dd6000 Exception <a 'java/lang/NoSuchMethodError'{0x000000008859b440}: 'java.lang.Object java.lang.invoke.DirectMethodHandle$Holder.invokeStaticInit(java.lang.Object, int)'> (0x000000008859b440) thrown at [./src/hotspot/share/interpreter/linkResolver.cpp, line 773]
Event: 43.559 Thread 0x000001d4b6215800 Exception <a 'java/lang/IllegalStateException'{0x000000008954dae8}> (0x000000008954dae8) thrown at [./src/hotspot/share/prims/jvm.cpp, line 1310]

Events (20 events):
Event: 43.557 Executing VM operation: RevokeBias done
Event: 43.557 Executing VM operation: RevokeBias
Event: 43.557 Executing VM operation: RevokeBias done
Event: 43.557 Executing VM operation: RevokeBias
Event: 43.557 Executing VM operation: RevokeBias done
Event: 43.557 Executing VM operation: RevokeBias
Event: 43.558 Executing VM operation: RevokeBias done
Event: 43.558 Executing VM operation: RevokeBias
Event: 43.558 Executing VM operation: RevokeBias done
Event: 43.558 Executing VM operation: RevokeBias
Event: 43.558 Executing VM operation: RevokeBias done
Event: 43.558 Executing VM operation: RevokeBias
Event: 43.558 Executing VM operation: RevokeBias done
Event: 43.558 loading class com/sun/javafx/tk/quantum/QuantumRenderer
Event: 43.558 loading class com/sun/javafx/tk/quantum/QuantumRenderer done
Event: 43.558 Thread 0x000001d4b621a000 Thread exited: 0x000001d4b621a000
Event: 43.559 loading class com/sun/javafx/tk/quantum/QuantumToolkit
Event: 43.559 loading class com/sun/javafx/tk/quantum/QuantumToolkit done
Event: 43.559 Thread 0x000001d4b6215800 Thread exited: 0x000001d4b6215800
Event: 43.559 Executing VM operation: Exit


Dynamic libraries:
0x00007ff76a280000 - 0x00007ff76a28d000 	C:\Program Files\Eclipse Foundation\jdk-11.0.12.7-hotspot\bin\java.exe
0x00007ffba6290000 - 0x00007ffba6485000 	C:\WINDOWS\SYSTEM32\ntdll.dll
0x00007ffba6190000 - 0x00007ffba624e000 	C:\WINDOWS\System32\KERNEL32.DLL
0x00007ffba3b60000 - 0x00007ffba3e28000 	C:\WINDOWS\System32\KERNELBASE.dll
0x00007ffba4120000 - 0x00007ffba4220000 	C:\WINDOWS\System32\ucrtbase.dll
0x00007ffb9e230000 - 0x00007ffb9e247000 	C:\Program Files\Eclipse Foundation\jdk-11.0.12.7-hotspot\bin\jli.dll
0x00007ffba57b0000 - 0x00007ffba5951000 	C:\WINDOWS\System32\USER32.dll
0x00007ffba3f90000 - 0x00007ffba3fb2000 	C:\WINDOWS\System32\win32u.dll
0x00007ffba5960000 - 0x00007ffba598b000 	C:\WINDOWS\System32\GDI32.dll
0x00007ffba3fc0000 - 0x00007ffba40cd000 	C:\WINDOWS\System32\gdi32full.dll
0x00007ffba3a90000 - 0x00007ffba3b2d000 	C:\WINDOWS\System32\msvcp_win.dll
0x00007ffb99310000 - 0x00007ffb995aa000 	C:\WINDOWS\WinSxS\amd64_microsoft.windows.common-controls_6595b64144ccf1df_6.0.19041.1110_none_60b5254171f9507e\COMCTL32.dll
0x00007ffba51f0000 - 0x00007ffba528e000 	C:\WINDOWS\System32\msvcrt.dll
0x00007ffb9dec0000 - 0x00007ffb9ded5000 	C:\Program Files\Eclipse Foundation\jdk-11.0.12.7-hotspot\bin\VCRUNTIME140.dll
0x00007ffba6160000 - 0x00007ffba6190000 	C:\WINDOWS\System32\IMM32.DLL
0x00007ffb9bf80000 - 0x00007ffb9c01b000 	C:\Program Files\Eclipse Foundation\jdk-11.0.12.7-hotspot\bin\msvcp140.dll
0x00007ffb11b30000 - 0x00007ffb12689000 	C:\Program Files\Eclipse Foundation\jdk-11.0.12.7-hotspot\bin\server\jvm.dll
0x00007ffba60b0000 - 0x00007ffba615c000 	C:\WINDOWS\System32\ADVAPI32.dll
0x00007ffba5e00000 - 0x00007ffba5e9b000 	C:\WINDOWS\System32\sechost.dll
0x00007ffba5c60000 - 0x00007ffba5d8a000 	C:\WINDOWS\System32\RPCRT4.dll
0x00007ffba5df0000 - 0x00007ffba5df8000 	C:\WINDOWS\System32\PSAPI.DLL
0x00007ffb97a90000 - 0x00007ffb97a99000 	C:\WINDOWS\SYSTEM32\WSOCK32.dll
0x00007ffba5f30000 - 0x00007ffba5f9b000 	C:\WINDOWS\System32\WS2_32.dll
0x00007ffb98f90000 - 0x00007ffb98fb7000 	C:\WINDOWS\SYSTEM32\WINMM.dll
0x00007ffb9a720000 - 0x00007ffb9a72a000 	C:\WINDOWS\SYSTEM32\VERSION.dll
0x00007ffba2270000 - 0x00007ffba2282000 	C:\WINDOWS\SYSTEM32\kernel.appcore.dll
0x00007ffb9ef70000 - 0x00007ffb9ef80000 	C:\Program Files\Eclipse Foundation\jdk-11.0.12.7-hotspot\bin\verify.dll
0x00007ffba1780000 - 0x00007ffba1964000 	C:\WINDOWS\SYSTEM32\DBGHELP.DLL
0x00007ffb9a870000 - 0x00007ffb9a89c000 	C:\WINDOWS\SYSTEM32\dbgcore.DLL
0x00007ffba39a0000 - 0x00007ffba3a22000 	C:\WINDOWS\System32\bcryptPrimitives.dll
0x00007ffb9ddf0000 - 0x00007ffb9de18000 	C:\Program Files\Eclipse Foundation\jdk-11.0.12.7-hotspot\bin\java.dll
0x00007ffb9deb0000 - 0x00007ffb9deba000 	C:\Program Files\Eclipse Foundation\jdk-11.0.12.7-hotspot\bin\jimage.dll
0x00007ffb9de40000 - 0x00007ffb9de4e000 	C:\Program Files\Eclipse Foundation\jdk-11.0.12.7-hotspot\bin\instrument.dll
0x00007ffb9ddd0000 - 0x00007ffb9dde7000 	C:\Program Files\Eclipse Foundation\jdk-11.0.12.7-hotspot\bin\zip.dll
0x00007ffba4470000 - 0x00007ffba4bb4000 	C:\WINDOWS\System32\SHELL32.dll
0x00007ffba1970000 - 0x00007ffba2104000 	C:\WINDOWS\SYSTEM32\windows.storage.dll
0x00007ffba4e90000 - 0x00007ffba51e5000 	C:\WINDOWS\System32\combase.dll
0x00007ffba3320000 - 0x00007ffba334e000 	C:\WINDOWS\SYSTEM32\Wldp.dll
0x00007ffba6000000 - 0x00007ffba60ad000 	C:\WINDOWS\System32\SHCORE.dll
0x00007ffba5d90000 - 0x00007ffba5de5000 	C:\WINDOWS\System32\shlwapi.dll
0x00007ffba38e0000 - 0x00007ffba38ff000 	C:\WINDOWS\SYSTEM32\profapi.dll
0x00007ffb9dc40000 - 0x00007ffb9dc59000 	C:\Program Files\Eclipse Foundation\jdk-11.0.12.7-hotspot\bin\net.dll
0x00007ffb9ad70000 - 0x00007ffb9ae7c000 	C:\WINDOWS\SYSTEM32\WINHTTP.dll
0x00007ffba3080000 - 0x00007ffba30ea000 	C:\WINDOWS\system32\mswsock.dll
0x00007ffb9dc20000 - 0x00007ffb9dc32000 	C:\Program Files\Eclipse Foundation\jdk-11.0.12.7-hotspot\bin\nio.dll
0x00007ffb9dbf0000 - 0x00007ffb9dc0a000 	C:\Program Files\JetBrains\IntelliJ IDEA 2021.2.3\bin\breakgen64.dll
0x000001d4b67d0000 - 0x000001d4b67d3000 	C:\Program Files\Eclipse Foundation\jdk-11.0.12.7-hotspot\bin\api-ms-win-core-console-l1-1-0.dll
0x000001d4b67e0000 - 0x000001d4b67e3000 	C:\Program Files\Eclipse Foundation\jdk-11.0.12.7-hotspot\bin\api-ms-win-core-datetime-l1-1-0.dll
0x000001d4b67f0000 - 0x000001d4b67f3000 	C:\Program Files\Eclipse Foundation\jdk-11.0.12.7-hotspot\bin\api-ms-win-core-debug-l1-1-0.dll
0x000001d4b6800000 - 0x000001d4b6803000 	C:\Program Files\Eclipse Foundation\jdk-11.0.12.7-hotspot\bin\api-ms-win-core-errorhandling-l1-1-0.dll
0x000001d4b67b0000 - 0x000001d4b67b4000 	C:\Program Files\Eclipse Foundation\jdk-11.0.12.7-hotspot\bin\api-ms-win-core-file-l1-1-0.dll
0x000001d4b67c0000 - 0x000001d4b67c3000 	C:\Program Files\Eclipse Foundation\jdk-11.0.12.7-hotspot\bin\api-ms-win-core-file-l1-2-0.dll
0x000001d4b6810000 - 0x000001d4b6813000 	C:\Program Files\Eclipse Foundation\jdk-11.0.12.7-hotspot\bin\api-ms-win-core-file-l2-1-0.dll
0x000001d4b6820000 - 0x000001d4b6823000 	C:\Program Files\Eclipse Foundation\jdk-11.0.12.7-hotspot\bin\api-ms-win-core-handle-l1-1-0.dll
0x000001d4b6a30000 - 0x000001d4b6a33000 	C:\Program Files\Eclipse Foundation\jdk-11.0.12.7-hotspot\bin\api-ms-win-core-heap-l1-1-0.dll
0x000001d4b6a40000 - 0x000001d4b6a43000 	C:\Program Files\Eclipse Foundation\jdk-11.0.12.7-hotspot\bin\api-ms-win-core-interlocked-l1-1-0.dll
0x000001d4b6a50000 - 0x000001d4b6a53000 	C:\Program Files\Eclipse Foundation\jdk-11.0.12.7-hotspot\bin\api-ms-win-core-libraryloader-l1-1-0.dll
0x000001d4b6a60000 - 0x000001d4b6a63000 	C:\Program Files\Eclipse Foundation\jdk-11.0.12.7-hotspot\bin\api-ms-win-core-localization-l1-2-0.dll
0x000001d4b6a70000 - 0x000001d4b6a73000 	C:\Program Files\Eclipse Foundation\jdk-11.0.12.7-hotspot\bin\api-ms-win-core-memory-l1-1-0.dll
0x000001d4b6aa0000 - 0x000001d4b6aa3000 	C:\Program Files\Eclipse Foundation\jdk-11.0.12.7-hotspot\bin\api-ms-win-core-namedpipe-l1-1-0.dll
0x000001d4b6ab0000 - 0x000001d4b6ab3000 	C:\Program Files\Eclipse Foundation\jdk-11.0.12.7-hotspot\bin\api-ms-win-core-processenvironment-l1-1-0.dll
0x000001d4b6ac0000 - 0x000001d4b6ac3000 	C:\Program Files\Eclipse Foundation\jdk-11.0.12.7-hotspot\bin\api-ms-win-core-processthreads-l1-1-0.dll
0x000001d4b6ad0000 - 0x000001d4b6ad3000 	C:\Program Files\Eclipse Foundation\jdk-11.0.12.7-hotspot\bin\api-ms-win-core-processthreads-l1-1-1.dll
0x000001d4b6ae0000 - 0x000001d4b6ae3000 	C:\Program Files\Eclipse Foundation\jdk-11.0.12.7-hotspot\bin\api-ms-win-core-profile-l1-1-0.dll
0x000001d4b6af0000 - 0x000001d4b6af3000 	C:\Program Files\Eclipse Foundation\jdk-11.0.12.7-hotspot\bin\api-ms-win-core-rtlsupport-l1-1-0.dll
0x000001d4b6a80000 - 0x000001d4b6a83000 	C:\Program Files\Eclipse Foundation\jdk-11.0.12.7-hotspot\bin\api-ms-win-core-string-l1-1-0.dll
0x000001d4b6a90000 - 0x000001d4b6a93000 	C:\Program Files\Eclipse Foundation\jdk-11.0.12.7-hotspot\bin\api-ms-win-core-synch-l1-1-0.dll
0x000001d4b6b00000 - 0x000001d4b6b03000 	C:\Program Files\Eclipse Foundation\jdk-11.0.12.7-hotspot\bin\api-ms-win-core-synch-l1-2-0.dll
0x000001d4b6b10000 - 0x000001d4b6b13000 	C:\Program Files\Eclipse Foundation\jdk-11.0.12.7-hotspot\bin\api-ms-win-core-sysinfo-l1-1-0.dll
0x000001d4b6b20000 - 0x000001d4b6b23000 	C:\Program Files\Eclipse Foundation\jdk-11.0.12.7-hotspot\bin\api-ms-win-core-timezone-l1-1-0.dll
0x000001d4b6b30000 - 0x000001d4b6b33000 	C:\Program Files\Eclipse Foundation\jdk-11.0.12.7-hotspot\bin\api-ms-win-core-util-l1-1-0.dll
0x000001d4b6b40000 - 0x000001d4b6b43000 	C:\Program Files\Eclipse Foundation\jdk-11.0.12.7-hotspot\bin\api-ms-win-crt-conio-l1-1-0.dll
0x000001d4b6b50000 - 0x000001d4b6b54000 	C:\Program Files\Eclipse Foundation\jdk-11.0.12.7-hotspot\bin\api-ms-win-crt-convert-l1-1-0.dll
0x000001d4b6b60000 - 0x000001d4b6b63000 	C:\Program Files\Eclipse Foundation\jdk-11.0.12.7-hotspot\bin\api-ms-win-crt-environment-l1-1-0.dll
0x000001d4b6b70000 - 0x000001d4b6b73000 	C:\Program Files\Eclipse Foundation\jdk-11.0.12.7-hotspot\bin\api-ms-win-crt-filesystem-l1-1-0.dll
0x000001d4b6b80000 - 0x000001d4b6b83000 	C:\Program Files\Eclipse Foundation\jdk-11.0.12.7-hotspot\bin\api-ms-win-crt-heap-l1-1-0.dll
0x000001d4b6b90000 - 0x000001d4b6b93000 	C:\Program Files\Eclipse Foundation\jdk-11.0.12.7-hotspot\bin\api-ms-win-crt-locale-l1-1-0.dll
0x000001d4b6ba0000 - 0x000001d4b6ba5000 	C:\Program Files\Eclipse Foundation\jdk-11.0.12.7-hotspot\bin\api-ms-win-crt-math-l1-1-0.dll
0x000001d4b6bb0000 - 0x000001d4b6bb5000 	C:\Program Files\Eclipse Foundation\jdk-11.0.12.7-hotspot\bin\api-ms-win-crt-multibyte-l1-1-0.dll
0x000001d4b6bc0000 - 0x000001d4b6bd0000 	C:\Program Files\Eclipse Foundation\jdk-11.0.12.7-hotspot\bin\api-ms-win-crt-private-l1-1-0.dll
0x000001d4b6bd0000 - 0x000001d4b6bd3000 	C:\Program Files\Eclipse Foundation\jdk-11.0.12.7-hotspot\bin\api-ms-win-crt-process-l1-1-0.dll
0x000001d4b6be0000 - 0x000001d4b6be4000 	C:\Program Files\Eclipse Foundation\jdk-11.0.12.7-hotspot\bin\api-ms-win-crt-runtime-l1-1-0.dll
0x000001d4b6bf0000 - 0x000001d4b6bf4000 	C:\Program Files\Eclipse Foundation\jdk-11.0.12.7-hotspot\bin\api-ms-win-crt-stdio-l1-1-0.dll
0x000001d4b6c00000 - 0x000001d4b6c04000 	C:\Program Files\Eclipse Foundation\jdk-11.0.12.7-hotspot\bin\api-ms-win-crt-string-l1-1-0.dll
0x000001d4b6c10000 - 0x000001d4b6c13000 	C:\Program Files\Eclipse Foundation\jdk-11.0.12.7-hotspot\bin\api-ms-win-crt-time-l1-1-0.dll
0x000001d4b6c20000 - 0x000001d4b6c23000 	C:\Program Files\Eclipse Foundation\jdk-11.0.12.7-hotspot\bin\api-ms-win-crt-utility-l1-1-0.dll
0x00007ffb1c1b0000 - 0x00007ffb1c2aa000 	C:\Program Files\Eclipse Foundation\jdk-11.0.12.7-hotspot\bin\ucrtbase.dll
0x00007ffb871a0000 - 0x00007ffb871ed000 	C:\Windows\System32\concrt140.dll
0x00007ffb9fe50000 - 0x00007ffb9fe5c000 	C:\WINDOWS\SYSTEM32\VCRUNTIME140_1.dll
0x00007ffb9a030000 - 0x00007ffb9a053000 	C:\Users\OlgaL\.openjfx\cache\11.0.2\prism_d3d.dll
0x00007ffb686b0000 - 0x00007ffb68880000 	C:\WINDOWS\system32\d3d9.dll
0x00007ffba13d0000 - 0x00007ffba13ff000 	C:\WINDOWS\SYSTEM32\dwmapi.dll
0x00007ffba1000000 - 0x00007ffba109e000 	C:\WINDOWS\system32\uxtheme.dll
0x00007ffba5ad0000 - 0x00007ffba5bfa000 	C:\WINDOWS\System32\ole32.dll
0x00007ffba5a00000 - 0x00007ffba5acd000 	C:\WINDOWS\System32\OLEAUT32.dll
0x00007ffba40d0000 - 0x00007ffba411e000 	C:\WINDOWS\System32\cfgmgr32.dll
0x00007ffba3b30000 - 0x00007ffba3b57000 	C:\WINDOWS\System32\bcrypt.dll
0x00007ffb87150000 - 0x00007ffb87195000 	C:\Users\OlgaL\.openjfx\cache\11.0.2\glass.dll
0x00007ffba4390000 - 0x00007ffba446a000 	C:\WINDOWS\System32\COMDLG32.dll
0x00007ffba4d70000 - 0x00007ffba4e85000 	C:\WINDOWS\System32\MSCTF.dll
0x00007ffb83ee0000 - 0x00007ffb83f1b000 	C:\WINDOWS\SYSTEM32\dxcore.dll
0x00007ffb87bf0000 - 0x00007ffb87c04000 	C:\Users\OlgaL\.openjfx\cache\11.0.2\javafx_font.dll
0x00007ffb807d0000 - 0x00007ffb80a53000 	C:\WINDOWS\SYSTEM32\dwrite.dll
0x00007ffba42d0000 - 0x00007ffba4379000 	C:\WINDOWS\System32\clbcatq.dll
0x00007ffb886a0000 - 0x00007ffb88854000 	C:\WINDOWS\SYSTEM32\WindowsCodecs.dll
0x00007ffb86c70000 - 0x00007ffb86cae000 	C:\WINDOWS\system32\dataexchange.dll
0x00007ffb9f060000 - 0x00007ffb9f2c4000 	C:\WINDOWS\system32\d3d11.dll
0x00007ffb9fe60000 - 0x00007ffba0045000 	C:\WINDOWS\system32\dcomp.dll
0x00007ffba2290000 - 0x00007ffba2384000 	C:\WINDOWS\system32\dxgi.dll
0x00007ffb9b8b0000 - 0x00007ffb9bab1000 	C:\WINDOWS\system32\twinapi.appcore.dll
0x00007ffb303f0000 - 0x00007ffb30424000 	C:\Program Files\Common Files\Microsoft Shared\Ink\rtscom.dll
0x00007ffb89890000 - 0x00007ffb89989000 	C:\WINDOWS\SYSTEM32\textinputframework.dll
0x00007ffba0800000 - 0x00007ffba08f2000 	C:\WINDOWS\System32\CoreMessaging.dll
0x00007ffba04a0000 - 0x00007ffba07fe000 	C:\WINDOWS\System32\CoreUIComponents.dll
0x00007ffba2690000 - 0x00007ffba26c3000 	C:\WINDOWS\SYSTEM32\ntmarta.dll
0x00007ffb9fcf0000 - 0x00007ffb9fe44000 	C:\WINDOWS\SYSTEM32\wintypes.dll
0x00007ffb80a60000 - 0x00007ffb80b0c000 	C:\WINDOWS\SYSTEM32\TextShaping.dll

dbghelp: loaded successfully - version: 4.0.5 - missing functions: none
symbol engine: initialized successfully - sym options: 0x614 - pdb path: .;C:\Program Files\Eclipse Foundation\jdk-11.0.12.7-hotspot\bin;C:\WINDOWS\SYSTEM32;C:\WINDOWS\WinSxS\amd64_microsoft.windows.common-controls_6595b64144ccf1df_6.0.19041.1110_none_60b5254171f9507e;C:\Program Files\Eclipse Foundation\jdk-11.0.12.7-hotspot\bin\server;C:\Program Files\JetBrains\IntelliJ IDEA 2021.2.3\bin;C:\Users\OlgaL\.openjfx\cache\11.0.2;C:\WINDOWS\System32\DriverStore\FileRepository\igdlh64.inf_amd64_af02201d084badde;C:\Program Files\Common Files\Microsoft Shared\Ink

VM Arguments:
jvm_args: -javaagent:C:\Program Files\JetBrains\IntelliJ IDEA 2021.2.3\lib\idea_rt.jar=52915:C:\Program Files\JetBrains\IntelliJ IDEA 2021.2.3\bin -Dfile.encoding=UTF-8 --module-path=C:\Users\OlgaL\.m2\repository\org\openjfx\javafx-base\11.0.2\javafx-base-11.0.2-win.jar;C:\Users\OlgaL\.m2\repository\org\openjfx\javafx-controls\11.0.2\javafx-controls-11.0.2-win.jar;C:\Users\OlgaL\.m2\repository\org\openjfx\javafx-fxml\11.0.2\javafx-fxml-11.0.2-win.jar;C:\Users\OlgaL\IdeaProjects\Jeweller\target\classes;C:\Users\OlgaL\.m2\repository\org\openjfx\javafx-graphics\11.0.2\javafx-graphics-11.0.2-win.jar -Djdk.module.main=com.example.jeweller 
java_command: com.example.jeweller/com.example.jeweller.HelloApplication
java_class_path (initial): C:\Users\OlgaL\.m2\repository\org\openjfx\javafx-controls\11.0.2\javafx-controls-11.0.2.jar;C:\Users\OlgaL\.m2\repository\org\openjfx\javafx-graphics\11.0.2\javafx-graphics-11.0.2.jar;C:\Users\OlgaL\.m2\repository\org\openjfx\javafx-base\11.0.2\javafx-base-11.0.2.jar;C:\Users\OlgaL\.m2\repository\org\openjfx\javafx-fxml\11.0.2\javafx-fxml-11.0.2.jar;C:\Users\OlgaL\Downloads\mysql-connector-java-8.0.27\mysql-connector-java-8.0.27.jar
Launcher Type: SUN_STANDARD

[Global flags]
     intx CICompilerCount                          = 3                                         {product} {ergonomic}
     uint ConcGCThreads                            = 1                                         {product} {ergonomic}
     uint G1ConcRefinementThreads                  = 4                                         {product} {ergonomic}
   size_t G1HeapRegionSize                         = 1048576                                   {product} {ergonomic}
    uintx GCDrainStackTargetSize                   = 64                                        {product} {ergonomic}
   size_t InitialHeapSize                          = 134217728                                 {product} {ergonomic}
   size_t MarkStackSize                            = 4194304                                   {product} {ergonomic}
   size_t MaxHeapSize                              = 2122317824                                {product} {ergonomic}
   size_t MaxNewSize                               = 1272971264                                {product} {ergonomic}
   size_t MinHeapDeltaBytes                        = 1048576                                   {product} {ergonomic}
    uintx NonNMethodCodeHeapSize                   = 5830732                                {pd product} {ergonomic}
    uintx NonProfiledCodeHeapSize                  = 122913754                              {pd product} {ergonomic}
    uintx ProfiledCodeHeapSize                     = 122913754                              {pd product} {ergonomic}
    uintx ReservedCodeCacheSize                    = 251658240                              {pd product} {ergonomic}
     bool SegmentedCodeCache                       = true                                      {product} {ergonomic}
     bool UseCompressedClassPointers               = true                                 {lp64_product} {ergonomic}
     bool UseCompressedOops                        = true                                 {lp64_product} {ergonomic}
     bool UseG1GC                                  = true                                      {product} {ergonomic}
     bool UseLargePagesIndividualAllocation        = false                                  {pd product} {ergonomic}

Logging:
Log output configuration:
 #0: stdout all=warning uptime,level,tags
 #1: stderr all=off uptime,level,tags

Environment Variables:
PATH=C:\Program Files\Eclipse Foundation\jdk-11.0.12.7-hotspot\bin;C:\ProgramData\Oracle\Java\javapath;C:\WINDOWS\system32;C:\WINDOWS;C:\WINDOWS\System32\Wbem;C:\WINDOWS\System32\WindowsPowerShell\v1.0\;C:\WINDOWS\System32\OpenSSH\;C:\Program Files (x86)\Calibre2\;C:\Program Files\WireGuard\;C:\Program Files\Microsoft SQL Server\Client SDK\ODBC\170\Tools\Binn\;C:\Program Files (x86)\Microsoft SQL Server\150\Tools\Binn\;C:\Program Files\Microsoft SQL Server\150\Tools\Binn\;C:\Program Files\Microsoft SQL Server\150\DTS\Binn\;C:\Program Files (x86)\Microsoft SQL Server\150\DTS\Binn\;C:\Program Files\Azure Data Studio\bin;C:\Program Files\MySQL\MySQL Shell 8.0\bin\;C:\Users\OlgaL\AppData\Local\Microsoft\WindowsApps;;C:\Program Files\Azure Data Studio\bin
USERNAME=OlgaL
OS=Windows_NT
PROCESSOR_IDENTIFIER=Intel64 Family 6 Model 142 Stepping 9, GenuineIntel



---------------  S Y S T E M  ---------------

OS: Windows 10 , 64 bit Build 19041 (10.0.19041.1348)
OS uptime: 1 days 21:58 hours

CPU:total 4 (initial active 4) (2 cores per cpu, 2 threads per core) family 6 model 142 stepping 9 microcode 0xb4, cmov, cx8, fxsr, mmx, sse, sse2, sse3, ssse3, sse4.1, sse4.2, popcnt, avx, avx2, aes, clmul, erms, 3dnowpref, lzcnt, ht, tsc, tscinvbit, bmi1, bmi2, adx, fma

Memory: 4k page, system-wide physical 8090M (564M free)
TotalPageFile size 19893M (AvailPageFile size 6865M)
current process WorkingSet (physical memory assigned to process): 161M, peak: 189M
current process commit charge ("private bytes"): 261M, peak: 301M

vm_info: OpenJDK 64-Bit Server VM (11.0.12+7) for windows-amd64 JRE (11.0.12+7), built on Jul 21 2021 16:23:49 by "" with unknown MS VC++:1916

END.
