#
# A fatal error has been detected by the Java Runtime Environment:
#
#  EXCEPTION_ACCESS_VIOLATION (0xc0000005) at pc=0x00007ffb6dff6730, pid=14420, tid=21036
#
# JRE version: OpenJDK Runtime Environment Temurin-11.0.12+7 (11.0.12+7) (build 11.0.12+7)
# Java VM: OpenJDK 64-Bit Server VM Temurin-11.0.12+7 (11.0.12+7, mixed mode, tiered, compressed oops, g1 gc, windows-amd64)
# Problematic frame:
# C  [glass.dll+0x26730]
#
# No core dump will be written. Minidumps are not enabled by default on client versions of Windows
#
# If you would like to submit a bug report, please visit:
#   https://github.com/adoptium/adoptium-support/issues
#

---------------  S U M M A R Y ------------

Command Line: -javaagent:C:\Program Files\JetBrains\IntelliJ IDEA 2021.2.3\lib\idea_rt.jar=57749:C:\Program Files\JetBrains\IntelliJ IDEA 2021.2.3\bin -Dfile.encoding=UTF-8 --module-path=C:\Users\OlgaL\IdeaProjects\Jeweller\target\classes;C:\Users\OlgaL\.m2\repository\org\openjfx\javafx-fxml\11.0.2\javafx-fxml-11.0.2-win.jar;C:\Users\OlgaL\.m2\repository\org\openjfx\javafx-controls\11.0.2\javafx-controls-11.0.2-win.jar;C:\Users\OlgaL\.m2\repository\org\openjfx\javafx-graphics\11.0.2\javafx-graphics-11.0.2-win.jar;C:\Users\OlgaL\.m2\repository\org\openjfx\javafx-base\11.0.2\javafx-base-11.0.2-win.jar -Djdk.module.main=com.example.jeweller com.example.jeweller/com.example.jeweller.HelloApplication

Host: Intel(R) Core(TM) i5-7200U CPU @ 2.50GHz, 4 cores, 7G,  Windows 10 , 64 bit Build 19041 (10.0.19041.1348)
Time: Sun Dec 26 22:21:51 2021 FLE Standard Time elapsed time: 599.269137 seconds (0d 0h 9m 59s)

---------------  T H R E A D  ---------------

Current thread (0x00000201c0b8e800):  VMThread "VM Thread" [stack: 0x00000045dc900000,0x00000045dca00000] [id=21036]

Stack: [0x00000045dc900000,0x00000045dca00000],  sp=0x00000045dc9fef00,  free space=1019k
Native frames: (J=compiled Java code, j=interpreted, Vv=VM code, C=native code)
C  [glass.dll+0x26730]


siginfo: EXCEPTION_ACCESS_VIOLATION (0xc0000005), reading address 0x0000000000000000


Register to memory mapping:

RIP=0x00007ffb6dff6730 glass.dll
RAX=0x0 is NULL
RBX=0x00000201c0bc2c68 is a global jni handle
RCX=0x00000201c0b8e800 points into unknown readable memory: 0x00007ffb3bb55d78 | 78 5d b5 3b fb 7f 00 00
RDX=0x00000045dc9fef00 points into unknown readable memory: 0x0000000000000000 | 00 00 00 00 00 00 00 00
RSP=0x00000045dc9fef00 points into unknown readable memory: 0x0000000000000000 | 00 00 00 00 00 00 00 00
RBP=0x00000201c1fb0ea8 points into unknown readable memory: 0x0000ac4599915f88 | 88 5f 91 99 45 ac 00 00
RSI=0x00000201c1fb0e80 points into unknown readable memory: 0x007f572866a78788 | 88 87 a7 66 28 57 7f 00
RDI=0x0000ac4599915f88 is an unknown value
R8 =0x0000000000010002 is an unknown value
R9 =0x0000ac4599915f88 is an unknown value
R10=0x0000000000008000 is an unknown value
R11=0x00000045dc9feea0 points into unknown readable memory: 0x00000201c1fb0e80 | 80 0e fb c1 01 02 00 00
R12=0x00007ffb6dff3be0 glass.dll
R13=0x00000045dc1ff040 is pointing into the stack for thread: 0x00000201c2c60000
R14=0x00000045dc9ff008 points into unknown readable memory: 0x00000045dc9feff0 | f0 ef 9f dc 45 00 00 00
R15=0x00000201c1fb0e80 points into unknown readable memory: 0x007f572866a78788 | 88 87 a7 66 28 57 7f 00


Registers:
RAX=0x0000000000000000, RBX=0x00000201c0bc2c68, RCX=0x00000201c0b8e800, RDX=0x00000045dc9fef00
RSP=0x00000045dc9fef00, RBP=0x00000201c1fb0ea8, RSI=0x00000201c1fb0e80, RDI=0x0000ac4599915f88
R8 =0x0000000000010002, R9 =0x0000ac4599915f88, R10=0x0000000000008000, R11=0x00000045dc9feea0
R12=0x00007ffb6dff3be0, R13=0x00000045dc1ff040, R14=0x00000045dc9ff008, R15=0x00000201c1fb0e80
RIP=0x00007ffb6dff6730, EFLAGS=0x0000000000010202

Top of Stack: (sp=0x00000045dc9fef00)
0x00000045dc9fef00:   0000000000000000 00007ffba412f05b
0x00000045dc9fef10:   00000201c1fb0e90 00000201c1fb0e80
0x00000045dc9fef20:   fffffffffffffffe 00007ffb6dff3be0
0x00000045dc9fef30:   00000201c1fb0e88 00007ffba41342d6
0x00000045dc9fef40:   00000201c1fb0e90 0000020100000000
0x00000045dc9fef50:   00000201c1fb0ea8 00000201c1fb0e80
0x00000045dc9fef60:   fffffffffffffffe 0000000000000000
0x00000045dc9fef70:   0000000000000001 00007ffb6dfd0000
0x00000045dc9fef80:   00000045dc9feff8 00007ffba41341fb
0x00000045dc9fef90:   0000000000000000 00000045dc9ff008
0x00000045dc9fefa0:   00000045dc9ff2c0 00007ffba4210e40
0x00000045dc9fefb0:   0000000000000001 00007ffba41341b4
0x00000045dc9fefc0:   0000000000000000 0000000000000001
0x00000045dc9fefd0:   0000000000000000 00000045dc9feff8
0x00000045dc9fefe0:   0000000000000000 00007ffb6dff3a60
0x00000045dc9feff0:   00007ffb6e00d100 00007ffb00000002 

Instructions: (pc=0x00007ffb6dff6730)
0x00007ffb6dff6630:   8b 4d 60 e8 d8 c9 ff ff 48 8b 55 68 48 8b 8d 08
0x00007ffb6dff6640:   01 00 00 e8 a9 be ff ff 33 d2 33 c9 e8 a9 de ff
0x00007ffb6dff6650:   ff 90 cc cc cc cc cc cc cc cc cc cc cc cc cc cc
0x00007ffb6dff6660:   48 8d 8a 80 00 00 00 e9 14 ea fe ff 48 89 54 24
0x00007ffb6dff6670:   10 55 48 83 ec 20 48 8b ea 48 8d 05 1d cb ff ff
0x00007ffb6dff6680:   48 83 c4 20 5d c3 cc 40 55 48 8b ea 48 8b 01 33
0x00007ffb6dff6690:   c9 81 38 05 00 00 c0 0f 94 c1 8b c1 5d c3 cc 40
0x00007ffb6dff66a0:   55 48 83 ec 20 48 8b ea 8a 4d 40 48 83 c4 20 5d
0x00007ffb6dff66b0:   e9 23 ce ff ff cc 40 55 48 83 ec 20 48 8b ea e8
0x00007ffb6dff66c0:   3c cc ff ff 8a 4d 38 48 83 c4 20 5d e9 07 ce ff
0x00007ffb6dff66d0:   ff cc 40 55 48 83 ec 30 48 8b ea 48 8b 01 8b 10
0x00007ffb6dff66e0:   48 89 4c 24 28 89 54 24 20 4c 8d 0d d0 d1 ff ff
0x00007ffb6dff66f0:   4c 8b 45 70 8b 55 68 48 8b 4d 60 e8 70 cb ff ff
0x00007ffb6dff6700:   90 48 83 c4 30 5d c3 cc cc cc cc cc cc cc cc cc
0x00007ffb6dff6710:   40 53 48 83 ec 30 48 c7 44 24 20 fe ff ff ff 48
0x00007ffb6dff6720:   8b 1d ea 63 01 00 48 85 db 74 16 e8 90 86 ff ff
0x00007ffb6dff6730:   4c 8b 00 48 8b d3 48 8b c8 41 ff 90 b0 00 00 00
0x00007ffb6dff6740:   90 48 83 c4 30 5b c3 cc cc cc cc cc cc cc cc cc
0x00007ffb6dff6750:   40 53 48 83 ec 20 48 8b 1d 4b 65 01 00 48 85 db
0x00007ffb6dff6760:   74 57 b8 ff ff ff ff f0 0f c1 43 10 83 f8 01 75
0x00007ffb6dff6770:   3d 48 85 db 74 38 48 8b 0b 48 85 c9 74 0d ff 15
0x00007ffb6dff6780:   24 0b 00 00 48 c7 03 00 00 00 00 48 8b 4b 08 48
0x00007ffb6dff6790:   85 c9 74 0d e8 77 c8 ff ff 48 c7 43 08 00 00 00
0x00007ffb6dff67a0:   00 ba 18 00 00 00 48 8b cb e8 62 c8 ff ff 48 c7
0x00007ffb6dff67b0:   05 ef 64 01 00 00 00 00 00 48 83 c4 20 5b c3 cc
0x00007ffb6dff67c0:   40 53 48 83 ec 20 48 8b 1d bb 64 01 00 48 85 db
0x00007ffb6dff67d0:   74 57 b8 ff ff ff ff f0 0f c1 43 10 83 f8 01 75
0x00007ffb6dff67e0:   3d 48 85 db 74 38 48 8b 0b 48 85 c9 74 0d ff 15
0x00007ffb6dff67f0:   b4 0a 00 00 48 c7 03 00 00 00 00 48 8b 4b 08 48
0x00007ffb6dff6800:   85 c9 74 0d e8 07 c8 ff ff 48 c7 43 08 00 00 00
0x00007ffb6dff6810:   00 ba 18 00 00 00 48 8b cb e8 f2 c7 ff ff 48 c7
0x00007ffb6dff6820:   05 5f 64 01 00 00 00 00 00 48 83 c4 20 5b c3 cc 


Stack slot to memory mapping:
stack at sp + 0 slots: 0x0 is NULL
stack at sp + 1 slots: 0x00007ffba412f05b ucrtbase.dll
stack at sp + 2 slots: 0x00000201c1fb0e90 points into unknown readable memory: 0x0000ac4599915f88 | 88 5f 91 99 45 ac 00 00
stack at sp + 3 slots: 0x00000201c1fb0e80 points into unknown readable memory: 0x007f572866a78788 | 88 87 a7 66 28 57 7f 00
stack at sp + 4 slots: 0xfffffffffffffffe is an unknown value
stack at sp + 5 slots: 0x00007ffb6dff3be0 glass.dll
stack at sp + 6 slots: 0x00000201c1fb0e88 points into unknown readable memory: 0x0000ac4599915f88 | 88 5f 91 99 45 ac 00 00
stack at sp + 7 slots: 0x00007ffba41342d6 ucrtbase.dll

VM_Operation (0x00000045dc1ff040): Exit, mode: safepoint, requested by thread 0x00000201c2c60000


---------------  P R O C E S S  ---------------

Threads class SMR info:
_java_thread_list=0x00000201c1c2d760, length=19, elements={
0x00000201a1cdb000, 0x00000201c0bc5800, 0x00000201c0bc7000, 0x00000201c0bd3800,
0x00000201c0bd4800, 0x00000201c0bd8800, 0x00000201c0bd9800, 0x00000201c15c1000,
0x00000201c16d0000, 0x00000201c19bf800, 0x00000201c1fd1800, 0x00000201c209d800,
0x00000201c20f2000, 0x00000201c1f09000, 0x00000201c267b000, 0x00000201c2a19000,
0x00000201c2913800, 0x00000201c2c63000, 0x00000201c2c60000
}

Java Threads: ( => current thread )
  0x00000201a1cdb000 JavaThread "main" [_thread_blocked, id=19840, stack(0x00000045dc300000,0x00000045dc400000)]
  0x00000201c0bc5800 JavaThread "Reference Handler" daemon [_thread_blocked, id=20664, stack(0x00000045dca00000,0x00000045dcb00000)]
  0x00000201c0bc7000 JavaThread "Finalizer" daemon [_thread_blocked, id=12012, stack(0x00000045dcb00000,0x00000045dcc00000)]
  0x00000201c0bd3800 JavaThread "Attach Listener" daemon [_thread_blocked, id=21000, stack(0x00000045dcd00000,0x00000045dce00000)]
  0x00000201c0bd4800 JavaThread "Service Thread" daemon [_thread_blocked, id=20748, stack(0x00000045dce00000,0x00000045dcf00000)]
  0x00000201c0bd8800 JavaThread "C2 CompilerThread0" daemon [_thread_blocked, id=5436, stack(0x00000045dcf00000,0x00000045dd000000)]
  0x00000201c0bd9800 JavaThread "C1 CompilerThread0" daemon [_thread_blocked, id=20780, stack(0x00000045dd000000,0x00000045dd100000)]
  0x00000201c15c1000 JavaThread "Sweeper thread" daemon [_thread_blocked, id=18648, stack(0x00000045dd100000,0x00000045dd200000)]
  0x00000201c16d0000 JavaThread "Common-Cleaner" daemon [_thread_blocked, id=12064, stack(0x00000045dd200000,0x00000045dd300000)]
  0x00000201c19bf800 JavaThread "Monitor Ctrl-Break" daemon [_thread_in_native, id=20788, stack(0x00000045dd300000,0x00000045dd400000)]
  0x00000201c1fd1800 JavaThread "QuantumRenderer-0" daemon [_thread_blocked, id=2128, stack(0x00000045dd500000,0x00000045dd600000)]
  0x00000201c209d800 JavaThread "InvokeLaterDispatcher" daemon [_thread_blocked, id=9044, stack(0x00000045dd800000,0x00000045dd900000)]
  0x00000201c20f2000 JavaThread "JavaFX Application Thread" [_thread_in_native, id=21168, stack(0x00000045dd900000,0x00000045dda00000)]
  0x00000201c1f09000 JavaThread "Thread-1" daemon [_thread_in_native, id=11920, stack(0x00000045ddd00000,0x00000045dde00000)]
  0x00000201c267b000 JavaThread "JavaFX-Launcher" [_thread_blocked, id=20520, stack(0x00000045dde00000,0x00000045ddf00000)]
  0x00000201c2a19000 JavaThread "Prism Font Disposer" daemon [_thread_blocked, id=9416, stack(0x00000045de300000,0x00000045de400000)]
  0x00000201c2913800 JavaThread "Cleaner-0" daemon [_thread_blocked, id=21416, stack(0x00000045ddf00000,0x00000045de000000)]
  0x00000201c2c63000 JavaThread "mysql-cj-abandoned-connection-cleanup" daemon [_thread_blocked, id=20968, stack(0x00000045dc200000,0x00000045dc300000)]
  0x00000201c2c60000 JavaThread "SIGINT handler" daemon [_thread_blocked, id=5104, stack(0x00000045dc100000,0x00000045dc200000)]

Other Threads:
=>0x00000201c0b8e800 VMThread "VM Thread" [stack: 0x00000045dc900000,0x00000045dca00000] [id=21036]
  0x00000201a1cf5000 GCTaskThread "GC Thread#0" [stack: 0x00000045dc400000,0x00000045dc500000] [id=16748]
  0x00000201c1fdd800 GCTaskThread "GC Thread#1" [stack: 0x00000045dd600000,0x00000045dd700000] [id=5828]
  0x00000201c20f3000 GCTaskThread "GC Thread#2" [stack: 0x00000045dd700000,0x00000045dd800000] [id=8864]
  0x00000201c2de9800 GCTaskThread "GC Thread#3" [stack: 0x00000045de400000,0x00000045de500000] [id=10568]
  0x00000201a1d26800 ConcurrentGCThread "G1 Main Marker" [stack: 0x00000045dc500000,0x00000045dc600000] [id=20676]
  0x00000201a1d29000 ConcurrentGCThread "G1 Conc#0" [stack: 0x00000045dc600000,0x00000045dc700000] [id=20984]
  0x00000201a1db5800 ConcurrentGCThread "G1 Refine#0" [stack: 0x00000045dc700000,0x00000045dc800000] [id=10988]
  0x00000201a1db6800 ConcurrentGCThread "G1 Young RemSet Sampling" [stack: 0x00000045dc800000,0x00000045dc900000] [id=19288]

Threads with active compile tasks:

VM state:at safepoint (shutting down)

VM Mutex/Monitor currently owned by a thread:  ([mutex/lock_event])
[0x00000201a1cd9ce0] Threads_lock - owner thread: 0x00000201c0b8e800

Heap address: 0x0000000081800000, size: 2024 MB, Compressed Oops mode: 32-bit
Narrow klass base: 0x0000000000000000, Narrow klass shift: 3
Compressed class space size: 1073741824 Address: 0x0000000100000000

Heap:
 garbage-first heap   total 131072K, used 43418K [0x0000000081800000, 0x0000000100000000)
  region size 1024K, 35 young (35840K), 3 survivors (3072K)
 Metaspace       used 33481K, capacity 34477K, committed 34688K, reserved 1079296K
  class space    used 3953K, capacity 4383K, committed 4480K, reserved 1048576K
Heap Regions: E=young(eden), S=young(survivor), O=old, HS=humongous(starts), HC=humongous(continues), CS=collection set, F=free, A=archive, TAMS=top-at-mark-start (previous, next)
|   0|0x0000000081800000, 0x0000000081900000, 0x0000000081900000|100%| O|  |TAMS 0x000000008185e000, 0x0000000081800000| Untracked 
|   1|0x0000000081900000, 0x0000000081a00000, 0x0000000081a00000|100%|HS|  |TAMS 0x0000000081900000, 0x0000000081900000| Complete 
|   2|0x0000000081a00000, 0x0000000081b00000, 0x0000000081b00000|100%|HC|  |TAMS 0x0000000081a00000, 0x0000000081a00000| Complete 
|   3|0x0000000081b00000, 0x0000000081c00000, 0x0000000081c00000|100%| O|  |TAMS 0x0000000081b00000, 0x0000000081b00000| Untracked 
|   4|0x0000000081c00000, 0x0000000081d00000, 0x0000000081d00000|100%| O|  |TAMS 0x0000000081c00000, 0x0000000081c00000| Untracked 
|   5|0x0000000081d00000, 0x0000000081e00000, 0x0000000081e00000|100%| O|  |TAMS 0x0000000081d00000, 0x0000000081d00000| Untracked 
|   6|0x0000000081e00000, 0x0000000081f00000, 0x0000000081f00000|100%| O|  |TAMS 0x0000000081e00000, 0x0000000081e00000| Untracked 
|   7|0x0000000081f00000, 0x0000000082000000, 0x0000000082000000|100%| O|  |TAMS 0x0000000081f00000, 0x0000000081f00000| Untracked 
|   8|0x0000000082000000, 0x00000000820b8600, 0x0000000082100000| 72%| O|  |TAMS 0x0000000082000000, 0x0000000082000000| Untracked 
|   9|0x0000000082100000, 0x0000000082100000, 0x0000000082200000|  0%| F|  |TAMS 0x0000000082100000, 0x0000000082100000| Untracked 
|  10|0x0000000082200000, 0x0000000082200000, 0x0000000082300000|  0%| F|  |TAMS 0x0000000082200000, 0x0000000082200000| Untracked 
|  11|0x0000000082300000, 0x0000000082300000, 0x0000000082400000|  0%| F|  |TAMS 0x0000000082300000, 0x0000000082300000| Untracked 
|  12|0x0000000082400000, 0x0000000082400000, 0x0000000082500000|  0%| F|  |TAMS 0x0000000082400000, 0x0000000082400000| Untracked 
|  13|0x0000000082500000, 0x0000000082500000, 0x0000000082600000|  0%| F|  |TAMS 0x0000000082500000, 0x0000000082500000| Untracked 
|  14|0x0000000082600000, 0x0000000082600000, 0x0000000082700000|  0%| F|  |TAMS 0x0000000082600000, 0x0000000082600000| Untracked 
|  15|0x0000000082700000, 0x0000000082700000, 0x0000000082800000|  0%| F|  |TAMS 0x0000000082700000, 0x0000000082700000| Untracked 
|  16|0x0000000082800000, 0x0000000082800000, 0x0000000082900000|  0%| F|  |TAMS 0x0000000082800000, 0x0000000082800000| Untracked 
|  17|0x0000000082900000, 0x0000000082900000, 0x0000000082a00000|  0%| F|  |TAMS 0x0000000082900000, 0x0000000082900000| Untracked 
|  18|0x0000000082a00000, 0x0000000082a00000, 0x0000000082b00000|  0%| F|  |TAMS 0x0000000082a00000, 0x0000000082a00000| Untracked 
|  19|0x0000000082b00000, 0x0000000082b00000, 0x0000000082c00000|  0%| F|  |TAMS 0x0000000082b00000, 0x0000000082b00000| Untracked 
|  20|0x0000000082c00000, 0x0000000082c00000, 0x0000000082d00000|  0%| F|  |TAMS 0x0000000082c00000, 0x0000000082c00000| Untracked 
|  21|0x0000000082d00000, 0x0000000082d00000, 0x0000000082e00000|  0%| F|  |TAMS 0x0000000082d00000, 0x0000000082d00000| Untracked 
|  22|0x0000000082e00000, 0x0000000082e00000, 0x0000000082f00000|  0%| F|  |TAMS 0x0000000082e00000, 0x0000000082e00000| Untracked 
|  23|0x0000000082f00000, 0x0000000082f00000, 0x0000000083000000|  0%| F|  |TAMS 0x0000000082f00000, 0x0000000082f00000| Untracked 
|  24|0x0000000083000000, 0x0000000083000000, 0x0000000083100000|  0%| F|  |TAMS 0x0000000083000000, 0x0000000083000000| Untracked 
|  25|0x0000000083100000, 0x0000000083100000, 0x0000000083200000|  0%| F|  |TAMS 0x0000000083100000, 0x0000000083100000| Untracked 
|  26|0x0000000083200000, 0x0000000083200000, 0x0000000083300000|  0%| F|  |TAMS 0x0000000083200000, 0x0000000083200000| Untracked 
|  27|0x0000000083300000, 0x0000000083300000, 0x0000000083400000|  0%| F|  |TAMS 0x0000000083300000, 0x0000000083300000| Untracked 
|  28|0x0000000083400000, 0x0000000083400000, 0x0000000083500000|  0%| F|  |TAMS 0x0000000083400000, 0x0000000083400000| Untracked 
|  29|0x0000000083500000, 0x0000000083500000, 0x0000000083600000|  0%| F|  |TAMS 0x0000000083500000, 0x0000000083500000| Untracked 
|  30|0x0000000083600000, 0x0000000083600000, 0x0000000083700000|  0%| F|  |TAMS 0x0000000083600000, 0x0000000083600000| Untracked 
|  31|0x0000000083700000, 0x0000000083700000, 0x0000000083800000|  0%| F|  |TAMS 0x0000000083700000, 0x0000000083700000| Untracked 
|  32|0x0000000083800000, 0x0000000083800000, 0x0000000083900000|  0%| F|  |TAMS 0x0000000083800000, 0x0000000083800000| Untracked 
|  33|0x0000000083900000, 0x0000000083900000, 0x0000000083a00000|  0%| F|  |TAMS 0x0000000083900000, 0x0000000083900000| Untracked 
|  34|0x0000000083a00000, 0x0000000083a00000, 0x0000000083b00000|  0%| F|  |TAMS 0x0000000083a00000, 0x0000000083a00000| Untracked 
|  35|0x0000000083b00000, 0x0000000083b00000, 0x0000000083c00000|  0%| F|  |TAMS 0x0000000083b00000, 0x0000000083b00000| Untracked 
|  36|0x0000000083c00000, 0x0000000083c00000, 0x0000000083d00000|  0%| F|  |TAMS 0x0000000083c00000, 0x0000000083c00000| Untracked 
|  37|0x0000000083d00000, 0x0000000083d00000, 0x0000000083e00000|  0%| F|  |TAMS 0x0000000083d00000, 0x0000000083d00000| Untracked 
|  38|0x0000000083e00000, 0x0000000083e00000, 0x0000000083f00000|  0%| F|  |TAMS 0x0000000083e00000, 0x0000000083e00000| Untracked 
|  39|0x0000000083f00000, 0x0000000083f00000, 0x0000000084000000|  0%| F|  |TAMS 0x0000000083f00000, 0x0000000083f00000| Untracked 
|  40|0x0000000084000000, 0x0000000084000000, 0x0000000084100000|  0%| F|  |TAMS 0x0000000084000000, 0x0000000084000000| Untracked 
|  41|0x0000000084100000, 0x0000000084100000, 0x0000000084200000|  0%| F|  |TAMS 0x0000000084100000, 0x0000000084100000| Untracked 
|  42|0x0000000084200000, 0x0000000084200000, 0x0000000084300000|  0%| F|  |TAMS 0x0000000084200000, 0x0000000084200000| Untracked 
|  43|0x0000000084300000, 0x0000000084300000, 0x0000000084400000|  0%| F|  |TAMS 0x0000000084300000, 0x0000000084300000| Untracked 
|  44|0x0000000084400000, 0x0000000084400000, 0x0000000084500000|  0%| F|  |TAMS 0x0000000084400000, 0x0000000084400000| Untracked 
|  45|0x0000000084500000, 0x0000000084500000, 0x0000000084600000|  0%| F|  |TAMS 0x0000000084500000, 0x0000000084500000| Untracked 
|  46|0x0000000084600000, 0x0000000084600000, 0x0000000084700000|  0%| F|  |TAMS 0x0000000084600000, 0x0000000084600000| Untracked 
|  47|0x0000000084700000, 0x0000000084700000, 0x0000000084800000|  0%| F|  |TAMS 0x0000000084700000, 0x0000000084700000| Untracked 
|  48|0x0000000084800000, 0x0000000084800000, 0x0000000084900000|  0%| F|  |TAMS 0x0000000084800000, 0x0000000084800000| Untracked 
|  49|0x0000000084900000, 0x0000000084900000, 0x0000000084a00000|  0%| F|  |TAMS 0x0000000084900000, 0x0000000084900000| Untracked 
|  50|0x0000000084a00000, 0x0000000084a00000, 0x0000000084b00000|  0%| F|  |TAMS 0x0000000084a00000, 0x0000000084a00000| Untracked 
|  51|0x0000000084b00000, 0x0000000084b00000, 0x0000000084c00000|  0%| F|  |TAMS 0x0000000084b00000, 0x0000000084b00000| Untracked 
|  52|0x0000000084c00000, 0x0000000084c00000, 0x0000000084d00000|  0%| F|  |TAMS 0x0000000084c00000, 0x0000000084c00000| Untracked 
|  53|0x0000000084d00000, 0x0000000084d00000, 0x0000000084e00000|  0%| F|  |TAMS 0x0000000084d00000, 0x0000000084d00000| Untracked 
|  54|0x0000000084e00000, 0x0000000084e00000, 0x0000000084f00000|  0%| F|  |TAMS 0x0000000084e00000, 0x0000000084e00000| Untracked 
|  55|0x0000000084f00000, 0x0000000084f00000, 0x0000000085000000|  0%| F|  |TAMS 0x0000000084f00000, 0x0000000084f00000| Untracked 
|  56|0x0000000085000000, 0x0000000085000000, 0x0000000085100000|  0%| F|  |TAMS 0x0000000085000000, 0x0000000085000000| Untracked 
|  57|0x0000000085100000, 0x0000000085100000, 0x0000000085200000|  0%| F|  |TAMS 0x0000000085100000, 0x0000000085100000| Untracked 
|  58|0x0000000085200000, 0x0000000085200000, 0x0000000085300000|  0%| F|  |TAMS 0x0000000085200000, 0x0000000085200000| Untracked 
|  59|0x0000000085300000, 0x0000000085300000, 0x0000000085400000|  0%| F|  |TAMS 0x0000000085300000, 0x0000000085300000| Untracked 
|  60|0x0000000085400000, 0x0000000085400000, 0x0000000085500000|  0%| F|  |TAMS 0x0000000085400000, 0x0000000085400000| Untracked 
|  61|0x0000000085500000, 0x0000000085500000, 0x0000000085600000|  0%| F|  |TAMS 0x0000000085500000, 0x0000000085500000| Untracked 
|  62|0x0000000085600000, 0x0000000085600000, 0x0000000085700000|  0%| F|  |TAMS 0x0000000085600000, 0x0000000085600000| Untracked 
|  63|0x0000000085700000, 0x0000000085700000, 0x0000000085800000|  0%| F|  |TAMS 0x0000000085700000, 0x0000000085700000| Untracked 
|  64|0x0000000085800000, 0x0000000085800000, 0x0000000085900000|  0%| F|  |TAMS 0x0000000085800000, 0x0000000085800000| Untracked 
|  65|0x0000000085900000, 0x0000000085900000, 0x0000000085a00000|  0%| F|  |TAMS 0x0000000085900000, 0x0000000085900000| Untracked 
|  66|0x0000000085a00000, 0x0000000085a00000, 0x0000000085b00000|  0%| F|  |TAMS 0x0000000085a00000, 0x0000000085a00000| Untracked 
|  67|0x0000000085b00000, 0x0000000085b00000, 0x0000000085c00000|  0%| F|  |TAMS 0x0000000085b00000, 0x0000000085b00000| Untracked 
|  68|0x0000000085c00000, 0x0000000085c00000, 0x0000000085d00000|  0%| F|  |TAMS 0x0000000085c00000, 0x0000000085c00000| Untracked 
|  69|0x0000000085d00000, 0x0000000085d00000, 0x0000000085e00000|  0%| F|  |TAMS 0x0000000085d00000, 0x0000000085d00000| Untracked 
|  70|0x0000000085e00000, 0x0000000085e00000, 0x0000000085f00000|  0%| F|  |TAMS 0x0000000085e00000, 0x0000000085e00000| Untracked 
|  71|0x0000000085f00000, 0x0000000085f00000, 0x0000000086000000|  0%| F|  |TAMS 0x0000000085f00000, 0x0000000085f00000| Untracked 
|  72|0x0000000086000000, 0x0000000086000000, 0x0000000086100000|  0%| F|  |TAMS 0x0000000086000000, 0x0000000086000000| Untracked 
|  73|0x0000000086100000, 0x0000000086100000, 0x0000000086200000|  0%| F|  |TAMS 0x0000000086100000, 0x0000000086100000| Untracked 
|  74|0x0000000086200000, 0x0000000086200000, 0x0000000086300000|  0%| F|  |TAMS 0x0000000086200000, 0x0000000086200000| Untracked 
|  75|0x0000000086300000, 0x0000000086300000, 0x0000000086400000|  0%| F|  |TAMS 0x0000000086300000, 0x0000000086300000| Untracked 
|  76|0x0000000086400000, 0x0000000086400000, 0x0000000086500000|  0%| F|  |TAMS 0x0000000086400000, 0x0000000086400000| Untracked 
|  77|0x0000000086500000, 0x0000000086500000, 0x0000000086600000|  0%| F|  |TAMS 0x0000000086500000, 0x0000000086500000| Untracked 
|  78|0x0000000086600000, 0x0000000086600000, 0x0000000086700000|  0%| F|  |TAMS 0x0000000086600000, 0x0000000086600000| Untracked 
|  79|0x0000000086700000, 0x0000000086700000, 0x0000000086800000|  0%| F|  |TAMS 0x0000000086700000, 0x0000000086700000| Untracked 
|  80|0x0000000086800000, 0x0000000086800000, 0x0000000086900000|  0%| F|  |TAMS 0x0000000086800000, 0x0000000086800000| Untracked 
|  81|0x0000000086900000, 0x0000000086900000, 0x0000000086a00000|  0%| F|  |TAMS 0x0000000086900000, 0x0000000086900000| Untracked 
|  82|0x0000000086a00000, 0x0000000086a00000, 0x0000000086b00000|  0%| F|  |TAMS 0x0000000086a00000, 0x0000000086a00000| Untracked 
|  83|0x0000000086b00000, 0x0000000086bae398, 0x0000000086c00000| 68%| S|CS|TAMS 0x0000000086b00000, 0x0000000086b00000| Complete 
|  84|0x0000000086c00000, 0x0000000086d00000, 0x0000000086d00000|100%| S|CS|TAMS 0x0000000086c00000, 0x0000000086c00000| Complete 
|  85|0x0000000086d00000, 0x0000000086e00000, 0x0000000086e00000|100%| S|CS|TAMS 0x0000000086d00000, 0x0000000086d00000| Complete 
|  86|0x0000000086e00000, 0x0000000086e00000, 0x0000000086f00000|  0%| F|  |TAMS 0x0000000086e00000, 0x0000000086e00000| Untracked 
|  87|0x0000000086f00000, 0x0000000086f00000, 0x0000000087000000|  0%| F|  |TAMS 0x0000000086f00000, 0x0000000086f00000| Untracked 
|  88|0x0000000087000000, 0x0000000087000000, 0x0000000087100000|  0%| F|  |TAMS 0x0000000087000000, 0x0000000087000000| Untracked 
|  89|0x0000000087100000, 0x0000000087100000, 0x0000000087200000|  0%| F|  |TAMS 0x0000000087100000, 0x0000000087100000| Untracked 
|  90|0x0000000087200000, 0x0000000087200000, 0x0000000087300000|  0%| F|  |TAMS 0x0000000087200000, 0x0000000087200000| Untracked 
|  91|0x0000000087300000, 0x0000000087300000, 0x0000000087400000|  0%| F|  |TAMS 0x0000000087300000, 0x0000000087300000| Untracked 
|  92|0x0000000087400000, 0x0000000087400000, 0x0000000087500000|  0%| F|  |TAMS 0x0000000087400000, 0x0000000087400000| Untracked 
|  93|0x0000000087500000, 0x0000000087500000, 0x0000000087600000|  0%| F|  |TAMS 0x0000000087500000, 0x0000000087500000| Untracked 
|  94|0x0000000087600000, 0x0000000087600000, 0x0000000087700000|  0%| F|  |TAMS 0x0000000087600000, 0x0000000087600000| Untracked 
|  95|0x0000000087700000, 0x0000000087700000, 0x0000000087800000|  0%| F|  |TAMS 0x0000000087700000, 0x0000000087700000| Untracked 
|  96|0x0000000087800000, 0x000000008785af90, 0x0000000087900000| 35%| E|  |TAMS 0x0000000087800000, 0x0000000087800000| Complete 
|  97|0x0000000087900000, 0x0000000087a00000, 0x0000000087a00000|100%| E|CS|TAMS 0x0000000087900000, 0x0000000087900000| Complete 
|  98|0x0000000087a00000, 0x0000000087b00000, 0x0000000087b00000|100%| E|CS|TAMS 0x0000000087a00000, 0x0000000087a00000| Complete 
|  99|0x0000000087b00000, 0x0000000087c00000, 0x0000000087c00000|100%| E|CS|TAMS 0x0000000087b00000, 0x0000000087b00000| Complete 
| 100|0x0000000087c00000, 0x0000000087d00000, 0x0000000087d00000|100%| E|CS|TAMS 0x0000000087c00000, 0x0000000087c00000| Complete 
| 101|0x0000000087d00000, 0x0000000087e00000, 0x0000000087e00000|100%| E|CS|TAMS 0x0000000087d00000, 0x0000000087d00000| Complete 
| 102|0x0000000087e00000, 0x0000000087f00000, 0x0000000087f00000|100%| E|CS|TAMS 0x0000000087e00000, 0x0000000087e00000| Complete 
| 103|0x0000000087f00000, 0x0000000088000000, 0x0000000088000000|100%| E|CS|TAMS 0x0000000087f00000, 0x0000000087f00000| Complete 
| 104|0x0000000088000000, 0x0000000088100000, 0x0000000088100000|100%| E|CS|TAMS 0x0000000088000000, 0x0000000088000000| Complete 
| 105|0x0000000088100000, 0x0000000088200000, 0x0000000088200000|100%| E|CS|TAMS 0x0000000088100000, 0x0000000088100000| Complete 
| 106|0x0000000088200000, 0x0000000088300000, 0x0000000088300000|100%| E|CS|TAMS 0x0000000088200000, 0x0000000088200000| Complete 
| 107|0x0000000088300000, 0x0000000088400000, 0x0000000088400000|100%| E|CS|TAMS 0x0000000088300000, 0x0000000088300000| Complete 
| 108|0x0000000088400000, 0x0000000088500000, 0x0000000088500000|100%| E|CS|TAMS 0x0000000088400000, 0x0000000088400000| Complete 
| 109|0x0000000088500000, 0x0000000088600000, 0x0000000088600000|100%| E|CS|TAMS 0x0000000088500000, 0x0000000088500000| Complete 
| 110|0x0000000088600000, 0x0000000088700000, 0x0000000088700000|100%| E|CS|TAMS 0x0000000088600000, 0x0000000088600000| Complete 
| 111|0x0000000088700000, 0x0000000088800000, 0x0000000088800000|100%| E|CS|TAMS 0x0000000088700000, 0x0000000088700000| Complete 
| 112|0x0000000088800000, 0x0000000088900000, 0x0000000088900000|100%| E|CS|TAMS 0x0000000088800000, 0x0000000088800000| Complete 
| 113|0x0000000088900000, 0x0000000088a00000, 0x0000000088a00000|100%| E|CS|TAMS 0x0000000088900000, 0x0000000088900000| Complete 
| 114|0x0000000088a00000, 0x0000000088b00000, 0x0000000088b00000|100%| E|CS|TAMS 0x0000000088a00000, 0x0000000088a00000| Complete 
| 115|0x0000000088b00000, 0x0000000088c00000, 0x0000000088c00000|100%| E|CS|TAMS 0x0000000088b00000, 0x0000000088b00000| Complete 
| 116|0x0000000088c00000, 0x0000000088d00000, 0x0000000088d00000|100%| E|CS|TAMS 0x0000000088c00000, 0x0000000088c00000| Complete 
| 117|0x0000000088d00000, 0x0000000088e00000, 0x0000000088e00000|100%| E|CS|TAMS 0x0000000088d00000, 0x0000000088d00000| Complete 
| 118|0x0000000088e00000, 0x0000000088f00000, 0x0000000088f00000|100%| E|CS|TAMS 0x0000000088e00000, 0x0000000088e00000| Complete 
| 119|0x0000000088f00000, 0x0000000089000000, 0x0000000089000000|100%| E|CS|TAMS 0x0000000088f00000, 0x0000000088f00000| Complete 
| 120|0x0000000089000000, 0x0000000089100000, 0x0000000089100000|100%| E|CS|TAMS 0x0000000089000000, 0x0000000089000000| Complete 
| 121|0x0000000089100000, 0x0000000089200000, 0x0000000089200000|100%| E|CS|TAMS 0x0000000089100000, 0x0000000089100000| Complete 
| 122|0x0000000089200000, 0x0000000089300000, 0x0000000089300000|100%| E|CS|TAMS 0x0000000089200000, 0x0000000089200000| Complete 
| 123|0x0000000089300000, 0x0000000089400000, 0x0000000089400000|100%| E|CS|TAMS 0x0000000089300000, 0x0000000089300000| Complete 
| 124|0x0000000089400000, 0x0000000089500000, 0x0000000089500000|100%| E|CS|TAMS 0x0000000089400000, 0x0000000089400000| Complete 
| 125|0x0000000089500000, 0x0000000089600000, 0x0000000089600000|100%| E|CS|TAMS 0x0000000089500000, 0x0000000089500000| Complete 
| 126|0x0000000089600000, 0x0000000089700000, 0x0000000089700000|100%| E|CS|TAMS 0x0000000089600000, 0x0000000089600000| Complete 
| 127|0x0000000089700000, 0x0000000089800000, 0x0000000089800000|100%| E|CS|TAMS 0x0000000089700000, 0x0000000089700000| Complete 

Card table byte_map: [0x00000201b9e30000,0x00000201ba230000] _byte_map_base: 0x00000201b9a24000

Marking Bits (Prev, Next): (CMBitMap*) 0x00000201a1d1e050, (CMBitMap*) 0x00000201a1d1e018
 Prev Bits: [0x00000201bc5d0000, 0x00000201be570000)
 Next Bits: [0x00000201ba630000, 0x00000201bc5d0000)

Polling page: 0x00000201a04e0000

Metaspace:

Usage:
  Non-class:     29.39 MB capacity,    28.84 MB ( 98%) used,   449.52 KB (  1%) free+waste,   115.75 KB ( <1%) overhead. 
      Class:      4.28 MB capacity,     3.86 MB ( 90%) used,   372.37 KB (  8%) free+waste,    57.38 KB (  1%) overhead. 
       Both:     33.67 MB capacity,    32.70 MB ( 97%) used,   821.88 KB (  2%) free+waste,   173.13 KB ( <1%) overhead. 

Virtual space:
  Non-class space:       30.00 MB reserved,      29.50 MB ( 98%) committed 
      Class space:        1.00 GB reserved,       4.38 MB ( <1%) committed 
             Both:        1.03 GB reserved,      33.88 MB (  3%) committed 

Chunk freelists:
   Non-Class:  50.00 KB
       Class:  1.00 KB
        Both:  51.00 KB

MaxMetaspaceSize: 17179869184.00 GB
CompressedClassSpaceSize: 1.00 GB
Initial GC threshold: 20.80 MB
Current GC threshold: 35.00 MB
CDS: off

CodeHeap 'non-profiled nmethods': size=120064Kb used=2578Kb max_used=2578Kb free=117485Kb
 bounds [0x00000201b1ec0000, 0x00000201b2150000, 0x00000201b9400000]
CodeHeap 'profiled nmethods': size=120000Kb used=9707Kb max_used=9707Kb free=110292Kb
 bounds [0x00000201aa990000, 0x00000201ab310000, 0x00000201b1ec0000]
CodeHeap 'non-nmethods': size=5696Kb used=1496Kb max_used=1512Kb free=4199Kb
 bounds [0x00000201aa400000, 0x00000201aa670000, 0x00000201aa990000]
 total_blobs=5680 nmethods=4831 adapters=761
 compilation: enabled
              stopped_count=0, restarted_count=0
 full_count=0

Compilation events (20 events):
Event: 580.103 Thread 0x00000201c2c64000 nmethod 4800 0x00000201b2143310 code [0x00000201b21434a0, 0x00000201b2143578]
Event: 580.108 Thread 0x00000201c0bd8800 nmethod 4798 0x00000201b2143690 code [0x00000201b2143840, 0x00000201b2143da8]
Event: 580.688 Thread 0x00000201c0bd9800 4824       3       javafx.scene.control.IndexRange::getLength (10 bytes)
Event: 580.688 Thread 0x00000201c0bd9800 nmethod 4824 0x00000201ab307f10 code [0x00000201ab3080c0, 0x00000201ab3081b8]
Event: 581.222 Thread 0x00000201c0bd9800 4825       3       javafx.animation.Animation$AnimationReadOnlyProperty::access$800 (6 bytes)
Event: 581.222 Thread 0x00000201c0bd9800 nmethod 4825 0x00000201ab308290 code [0x00000201ab308460, 0x00000201ab308828]
Event: 581.222 Thread 0x00000201c0bd9800 4826       3       javafx.animation.Animation$AnimationReadOnlyProperty::set (10 bytes)
Event: 581.223 Thread 0x00000201c0bd9800 nmethod 4826 0x00000201ab308990 code [0x00000201ab308b60, 0x00000201ab308ee8]
Event: 581.233 Thread 0x00000201c0bd9800 4827       3       com.sun.javafx.scene.control.inputmap.InputMap$$Lambda$269/0x00000001002aac40::handle (9 bytes)
Event: 581.233 Thread 0x00000201c0bd9800 nmethod 4827 0x00000201ab309010 code [0x00000201ab3091c0, 0x00000201ab309308]
Event: 581.233 Thread 0x00000201c0bd9800 4829       3       com.sun.javafx.util.Utils::clamp (16 bytes)
Event: 581.233 Thread 0x00000201c0bd9800 nmethod 4829 0x00000201ab309410 code [0x00000201ab3095c0, 0x00000201ab309738]
Event: 581.233 Thread 0x00000201c0bd9800 4828       3       com.sun.javafx.scene.control.inputmap.InputMap::handle (92 bytes)
Event: 581.234 Thread 0x00000201c0bd9800 nmethod 4828 0x00000201ab309810 code [0x00000201ab309a60, 0x00000201ab30a618]
Event: 584.897 Thread 0x00000201c0bd8800 4830       4       com.sun.javafx.geom.transform.Identity::inverseTransform (20 bytes)
Event: 584.897 Thread 0x00000201c0bd8800 nmethod 4830 0x00000201b2143f10 code [0x00000201b21440a0, 0x00000201b2144158]
Event: 598.855 Thread 0x00000201c0bd9800 4831       1       java.util.logging.LogManager$LoggerContext::getOwner (5 bytes)
Event: 598.855 Thread 0x00000201c0bd9800 nmethod 4831 0x00000201b2144210 code [0x00000201b21443c0, 0x00000201b2144478]
Event: 598.857 Thread 0x00000201c0bd9800 4832  s    3       java.lang.Throwable::fillInStackTrace (29 bytes)
Event: 598.858 Thread 0x00000201c0bd9800 nmethod 4832 0x00000201ab30a910 code [0x00000201ab30aae0, 0x00000201ab30ae88]

GC Heap History (6 events):
Event: 4.325 GC heap before
{Heap before GC invocations=0 (full 0):
 garbage-first heap   total 131072K, used 13312K [0x0000000081800000, 0x0000000100000000)
  region size 1024K, 14 young (14336K), 0 survivors (0K)
 Metaspace       used 10026K, capacity 10301K, committed 10368K, reserved 1058816K
  class space    used 985K, capacity 1097K, committed 1152K, reserved 1048576K
}
Event: 4.346 GC heap after
{Heap after GC invocations=1 (full 0):
 garbage-first heap   total 131072K, used 2424K [0x0000000081800000, 0x0000000100000000)
  region size 1024K, 2 young (2048K), 2 survivors (2048K)
 Metaspace       used 10026K, capacity 10301K, committed 10368K, reserved 1058816K
  class space    used 985K, capacity 1097K, committed 1152K, reserved 1048576K
}
Event: 6.594 GC heap before
{Heap before GC invocations=1 (full 0):
 garbage-first heap   total 131072K, used 35192K [0x0000000081800000, 0x0000000100000000)
  region size 1024K, 35 young (35840K), 2 survivors (2048K)
 Metaspace       used 20580K, capacity 21137K, committed 21248K, reserved 1067008K
  class space    used 2431K, capacity 2706K, committed 2816K, reserved 1048576K
}
Event: 6.605 GC heap after
{Heap after GC invocations=2 (full 0):
 garbage-first heap   total 131072K, used 6961K [0x0000000081800000, 0x0000000100000000)
  region size 1024K, 7 young (7168K), 7 survivors (7168K)
 Metaspace       used 20580K, capacity 21137K, committed 21248K, reserved 1067008K
  class space    used 2431K, capacity 2706K, committed 2816K, reserved 1048576K
}
Event: 522.163 GC heap before
{Heap before GC invocations=3 (full 0):
 garbage-first heap   total 131072K, used 44849K [0x0000000081800000, 0x0000000100000000)
  region size 1024K, 42 young (43008K), 7 survivors (7168K)
 Metaspace       used 25623K, capacity 26486K, committed 26496K, reserved 1073152K
  class space    used 3077K, capacity 3447K, committed 3456K, reserved 1048576K
}
Event: 522.177 GC heap after
{Heap after GC invocations=4 (full 0):
 garbage-first heap   total 131072K, used 11674K [0x0000000081800000, 0x0000000100000000)
  region size 1024K, 3 young (3072K), 3 survivors (3072K)
 Metaspace       used 25623K, capacity 26486K, committed 26496K, reserved 1073152K
  class space    used 3077K, capacity 3447K, committed 3456K, reserved 1048576K
}

Deoptimization events (20 events):
Event: 577.871 Thread 0x00000201c20f2000 DEOPT PACKING pc=0x00000201b1ff575c sp=0x00000045dd9f25c0
Event: 577.871 Thread 0x00000201c20f2000 DEOPT UNPACKING pc=0x00000201aa44a1af sp=0x00000045dd9f2550 mode 2
Event: 580.037 Thread 0x00000201c20f2000 Uncommon trap: trap_request=0xffffffde fr.pc=0x00000201b1ff40b0 relative=0x0000000000000ff0
Event: 580.037 Thread 0x00000201c20f2000 Uncommon trap: reason=class_check action=maybe_recompile pc=0x00000201b1ff40b0 method=com.sun.javafx.event.CompositeEventHandler.dispatchBubblingEvent(Ljavafx/event/Event;)V @ 51 c2
Event: 580.037 Thread 0x00000201c20f2000 DEOPT PACKING pc=0x00000201b1ff40b0 sp=0x00000045dd9f5300
Event: 580.037 Thread 0x00000201c20f2000 DEOPT UNPACKING pc=0x00000201aa44a1af sp=0x00000045dd9f51e0 mode 2
Event: 580.037 Thread 0x00000201c20f2000 Uncommon trap: trap_request=0xffffff4d fr.pc=0x00000201b20fbdc4 relative=0x00000000000000a4
Event: 580.037 Thread 0x00000201c20f2000 Uncommon trap: reason=unstable_if action=reinterpret pc=0x00000201b20fbdc4 method=java.lang.CharacterDataLatin1.digit(II)I @ 12 c2
Event: 580.037 Thread 0x00000201c20f2000 DEOPT PACKING pc=0x00000201b20fbdc4 sp=0x00000045dd9f4830
Event: 580.037 Thread 0x00000201c20f2000 DEOPT UNPACKING pc=0x00000201aa44a1af sp=0x00000045dd9f47a8 mode 2
Event: 580.065 Thread 0x00000201c20f2000 DEOPT PACKING pc=0x00000201ab203c5b sp=0x00000045dd9f3b40
Event: 580.065 Thread 0x00000201c20f2000 DEOPT UNPACKING pc=0x00000201aa44a95e sp=0x00000045dd9f2f70 mode 0
Event: 580.069 Thread 0x00000201c20f2000 DEOPT PACKING pc=0x00000201ab205742 sp=0x00000045dd9f3ce0
Event: 580.069 Thread 0x00000201c20f2000 DEOPT UNPACKING pc=0x00000201aa44a95e sp=0x00000045dd9f3138 mode 0
Event: 580.072 Thread 0x00000201c20f2000 DEOPT PACKING pc=0x00000201ab205742 sp=0x00000045dd9f3b50
Event: 580.072 Thread 0x00000201c20f2000 DEOPT UNPACKING pc=0x00000201aa44a95e sp=0x00000045dd9f2fa8 mode 0
Event: 580.078 Thread 0x00000201c20f2000 DEOPT PACKING pc=0x00000201ab203c5b sp=0x00000045dd9f3c10
Event: 580.078 Thread 0x00000201c20f2000 DEOPT UNPACKING pc=0x00000201aa44a95e sp=0x00000045dd9f3040 mode 0
Event: 580.081 Thread 0x00000201c20f2000 DEOPT PACKING pc=0x00000201ab203c5b sp=0x00000045dd9f39b0
Event: 580.081 Thread 0x00000201c20f2000 DEOPT UNPACKING pc=0x00000201aa44a95e sp=0x00000045dd9f2de0 mode 0

Classes redefined (0 events):
No events

Internal exceptions (20 events):
Event: 522.183 Thread 0x00000201c20f2000 Exception <a 'java/lang/NoSuchMethodError'{0x00000000897476c8}: 'java.lang.Object java.lang.invoke.DirectMethodHandle$Holder.invokeSpecial(java.lang.Object, java.lang.Object, int, int, int, java.lang.Object, java.lang.Object, java.lang.Object)'> (0x00000000897476c8) thrown at [./src/hotspot/share/interpreter/linkResolver.cpp, line 773]
Event: 522.184 Thread 0x00000201c20f2000 Exception <a 'java/lang/NoSuchMethodError'{0x000000008974b500}: 'java.lang.Object java.lang.invoke.DelegatingMethodHandle$Holder.reinvoke_L(java.lang.Object, int, int, int, java.lang.Object, java.lang.Object, java.lang.Object)'> (0x000000008974b500) thrown at [./src/hotspot/share/interpreter/linkResolver.cpp, line 773]
Event: 522.186 Thread 0x00000201c20f2000 Exception <a 'java/lang/NoSuchMethodError'{0x0000000089753130}: 'java.lang.Object java.lang.invoke.DirectMethodHandle$Holder.invokeStatic(java.lang.Object, java.lang.Object, java.lang.Object, java.lang.Object, java.lang.Object, int)'> (0x0000000089753130) thrown at [./src/hotspot/share/interpreter/linkResolver.cpp, line 773]
Event: 522.210 Thread 0x00000201c20f2000 Exception <a 'sun/nio/fs/WindowsException'{0x0000000089670898}> (0x0000000089670898) thrown at [./src/hotspot/share/prims/jni.cpp, line 615]
Event: 522.223 Thread 0x00000201c20f2000 Exception <a 'java/lang/NoSuchMethodError'{0x00000000896d43b0}: 'int java.lang.invoke.DirectMethodHandle$Holder.invokeSpecialIFC(java.lang.Object, java.lang.Object, int)'> (0x00000000896d43b0) thrown at [./src/hotspot/share/interpreter/linkResolver.cpp, line 773]
Event: 522.247 Thread 0x00000201c20f2000 Exception <a 'sun/nio/fs/WindowsException'{0x0000000089559fd8}> (0x0000000089559fd8) thrown at [./src/hotspot/share/prims/jni.cpp, line 615]
Event: 522.250 Thread 0x00000201c20f2000 Exception <a 'sun/nio/fs/WindowsException'{0x0000000089562908}> (0x0000000089562908) thrown at [./src/hotspot/share/prims/jni.cpp, line 615]
Event: 522.267 Thread 0x00000201c20f2000 Exception <a 'sun/nio/fs/WindowsException'{0x00000000895bffe8}> (0x00000000895bffe8) thrown at [./src/hotspot/share/prims/jni.cpp, line 615]
Event: 522.268 Thread 0x00000201c20f2000 Exception <a 'sun/nio/fs/WindowsException'{0x00000000895c6f48}> (0x00000000895c6f48) thrown at [./src/hotspot/share/prims/jni.cpp, line 615]
Event: 522.276 Thread 0x00000201c20f2000 Exception <a 'java/lang/NoSuchMethodError'{0x00000000895d8898}: 'java.lang.Object java.lang.invoke.DirectMethodHandle$Holder.invokeVirtual(java.lang.Object, java.lang.Object, java.lang.Object)'> (0x00000000895d8898) thrown at [./src/hotspot/share/interpreter/linkResolver.cpp, line 773]
Event: 522.505 Thread 0x00000201c20f2000 Exception <a 'sun/nio/fs/WindowsException'{0x0000000088f33810}> (0x0000000088f33810) thrown at [./src/hotspot/share/prims/jni.cpp, line 615]
Event: 522.589 Thread 0x00000201c20f2000 Exception <a 'java/lang/NoSuchMethodError'{0x0000000088e32098}: 'java.lang.Object java.lang.invoke.DirectMethodHandle$Holder.invokeStatic(java.lang.Object, int, int, int, int)'> (0x0000000088e32098) thrown at [./src/hotspot/share/interpreter/linkResolver.cpp, line 773]
Event: 522.589 Thread 0x00000201c20f2000 Exception <a 'java/lang/NoSuchMethodError'{0x0000000088e359b8}: 'java.lang.Object java.lang.invoke.DirectMethodHandle$Holder.invokeStaticInit(java.lang.Object, int, int, int, int)'> (0x0000000088e359b8) thrown at [./src/hotspot/share/interpreter/linkResolver.cpp, line 773]
Event: 522.591 Thread 0x00000201c20f2000 Exception <a 'sun/nio/fs/WindowsException'{0x0000000088e3bf20}> (0x0000000088e3bf20) thrown at [./src/hotspot/share/prims/jni.cpp, line 615]
Event: 522.600 Thread 0x00000201c20f2000 Exception <a 'sun/nio/fs/WindowsException'{0x0000000088e52d50}> (0x0000000088e52d50) thrown at [./src/hotspot/share/prims/jni.cpp, line 615]
Event: 522.608 Thread 0x00000201c20f2000 Exception <a 'java/lang/NoSuchMethodError'{0x0000000088e5d260}: 'int java.lang.invoke.DirectMethodHandle$Holder.invokeStaticInit(java.lang.Object, java.lang.Object, java.lang.Object, java.lang.Object)'> (0x0000000088e5d260) thrown at [./src/hotspot/share/interpreter/linkResolver.cpp, line 773]
Event: 522.609 Thread 0x00000201c20f2000 Exception <a 'java/lang/IncompatibleClassChangeError'{0x0000000088e66518}: Found class java.lang.Object, but interface was expected> (0x0000000088e66518) thrown at [./src/hotspot/share/interpreter/linkResolver.cpp, line 839]
Event: 522.949 Thread 0x00000201c20f2000 Exception <a 'java/lang/NoSuchMethodError'{0x0000000088b93720}: 'java.lang.Object java.lang.invoke.DirectMethodHandle$Holder.invokeStatic(java.lang.Object, java.lang.Object, int, int, int, int)'> (0x0000000088b93720) thrown at [./src/hotspot/share/interpreter/linkResolver.cpp, line 773]
Event: 522.949 Thread 0x00000201c20f2000 Exception <a 'java/lang/NoSuchMethodError'{0x0000000088b97270}: 'java.lang.Object java.lang.invoke.DirectMethodHandle$Holder.invokeStaticInit(java.lang.Object, java.lang.Object, int, int, int, int)'> (0x0000000088b97270) thrown at [./src/hotspot/share/interpreter/linkResolver.cpp, line 773]
Event: 598.857 Thread 0x00000201c2c64800 Exception <a 'java/lang/IllegalStateException'{0x0000000087805fc0}> (0x0000000087805fc0) thrown at [./src/hotspot/share/prims/jvm.cpp, line 1310]

Events (20 events):
Event: 598.854 Executing VM operation: RevokeBias
Event: 598.854 Executing VM operation: RevokeBias done
Event: 598.855 loading class com/sun/javafx/tk/quantum/QuantumRenderer
Event: 598.855 loading class com/sun/javafx/tk/quantum/QuantumRenderer done
Event: 598.855 Executing VM operation: RevokeBias
Event: 598.855 Executing VM operation: RevokeBias done
Event: 598.855 Executing VM operation: RevokeBias
Event: 598.855 Executing VM operation: RevokeBias done
Event: 598.855 Executing VM operation: RevokeBias
Event: 598.855 Executing VM operation: RevokeBias done
Event: 598.855 Executing VM operation: RevokeBias
Event: 598.856 Executing VM operation: RevokeBias done
Event: 598.856 Executing VM operation: RevokeBias
Event: 598.856 Executing VM operation: RevokeBias done
Event: 598.856 Thread 0x00000201c2c61800 Thread exited: 0x00000201c2c61800
Event: 598.856 loading class com/sun/javafx/tk/quantum/QuantumToolkit
Event: 598.856 loading class com/sun/javafx/tk/quantum/QuantumToolkit done
Event: 598.857 Thread 0x00000201c2c64800 Thread exited: 0x00000201c2c64800
Event: 598.858 Executing VM operation: Exit
Event: 598.858 Thread 0x00000201c0bd2800 Thread exited: 0x00000201c0bd2800


Dynamic libraries:
0x00007ff76a1b0000 - 0x00007ff76a1bd000 	C:\Program Files\Eclipse Foundation\jdk-11.0.12.7-hotspot\bin\java.exe
0x00007ffba6290000 - 0x00007ffba6485000 	C:\WINDOWS\SYSTEM32\ntdll.dll
0x00007ffba6190000 - 0x00007ffba624e000 	C:\WINDOWS\System32\KERNEL32.DLL
0x00007ffba3b60000 - 0x00007ffba3e28000 	C:\WINDOWS\System32\KERNELBASE.dll
0x00007ffba4120000 - 0x00007ffba4220000 	C:\WINDOWS\System32\ucrtbase.dll
0x00007ffb99c30000 - 0x00007ffb99c47000 	C:\Program Files\Eclipse Foundation\jdk-11.0.12.7-hotspot\bin\jli.dll
0x00007ffba57b0000 - 0x00007ffba5951000 	C:\WINDOWS\System32\USER32.dll
0x00007ffba3f90000 - 0x00007ffba3fb2000 	C:\WINDOWS\System32\win32u.dll
0x00007ffba5960000 - 0x00007ffba598b000 	C:\WINDOWS\System32\GDI32.dll
0x00007ffba3fc0000 - 0x00007ffba40cd000 	C:\WINDOWS\System32\gdi32full.dll
0x00007ffba3a90000 - 0x00007ffba3b2d000 	C:\WINDOWS\System32\msvcp_win.dll
0x00007ffb99310000 - 0x00007ffb995aa000 	C:\WINDOWS\WinSxS\amd64_microsoft.windows.common-controls_6595b64144ccf1df_6.0.19041.1110_none_60b5254171f9507e\COMCTL32.dll
0x00007ffba51f0000 - 0x00007ffba528e000 	C:\WINDOWS\System32\msvcrt.dll
0x00007ffb9bf40000 - 0x00007ffb9bf55000 	C:\Program Files\Eclipse Foundation\jdk-11.0.12.7-hotspot\bin\VCRUNTIME140.dll
0x00007ffba6160000 - 0x00007ffba6190000 	C:\WINDOWS\System32\IMM32.DLL
0x00007ffb67090000 - 0x00007ffb6712b000 	C:\Program Files\Eclipse Foundation\jdk-11.0.12.7-hotspot\bin\msvcp140.dll
0x00007ffb3b240000 - 0x00007ffb3bd99000 	C:\Program Files\Eclipse Foundation\jdk-11.0.12.7-hotspot\bin\server\jvm.dll
0x00007ffba60b0000 - 0x00007ffba615c000 	C:\WINDOWS\System32\ADVAPI32.dll
0x00007ffba5e00000 - 0x00007ffba5e9b000 	C:\WINDOWS\System32\sechost.dll
0x00007ffba5c60000 - 0x00007ffba5d8a000 	C:\WINDOWS\System32\RPCRT4.dll
0x00007ffba5df0000 - 0x00007ffba5df8000 	C:\WINDOWS\System32\PSAPI.DLL
0x00007ffb97a90000 - 0x00007ffb97a99000 	C:\WINDOWS\SYSTEM32\WSOCK32.dll
0x00007ffba5f30000 - 0x00007ffba5f9b000 	C:\WINDOWS\System32\WS2_32.dll
0x00007ffb98f90000 - 0x00007ffb98fb7000 	C:\WINDOWS\SYSTEM32\WINMM.dll
0x00007ffb9a720000 - 0x00007ffb9a72a000 	C:\WINDOWS\SYSTEM32\VERSION.dll
0x00007ffba2270000 - 0x00007ffba2282000 	C:\WINDOWS\SYSTEM32\kernel.appcore.dll
0x00007ffb9e2b0000 - 0x00007ffb9e2c0000 	C:\Program Files\Eclipse Foundation\jdk-11.0.12.7-hotspot\bin\verify.dll
0x00007ffba1780000 - 0x00007ffba1964000 	C:\WINDOWS\SYSTEM32\DBGHELP.DLL
0x00007ffb9a870000 - 0x00007ffb9a89c000 	C:\WINDOWS\SYSTEM32\dbgcore.DLL
0x00007ffba39a0000 - 0x00007ffba3a22000 	C:\WINDOWS\System32\bcryptPrimitives.dll
0x00007ffb87bc0000 - 0x00007ffb87be8000 	C:\Program Files\Eclipse Foundation\jdk-11.0.12.7-hotspot\bin\java.dll
0x00007ffb9dd80000 - 0x00007ffb9dd8a000 	C:\Program Files\Eclipse Foundation\jdk-11.0.12.7-hotspot\bin\jimage.dll
0x00007ffb9ca80000 - 0x00007ffb9ca8e000 	C:\Program Files\Eclipse Foundation\jdk-11.0.12.7-hotspot\bin\instrument.dll
0x00007ffb88590000 - 0x00007ffb885a7000 	C:\Program Files\Eclipse Foundation\jdk-11.0.12.7-hotspot\bin\zip.dll
0x00007ffba4470000 - 0x00007ffba4bb4000 	C:\WINDOWS\System32\SHELL32.dll
0x00007ffba1970000 - 0x00007ffba2104000 	C:\WINDOWS\SYSTEM32\windows.storage.dll
0x00007ffba4e90000 - 0x00007ffba51e5000 	C:\WINDOWS\System32\combase.dll
0x00007ffba3320000 - 0x00007ffba334e000 	C:\WINDOWS\SYSTEM32\Wldp.dll
0x00007ffba6000000 - 0x00007ffba60ad000 	C:\WINDOWS\System32\SHCORE.dll
0x00007ffba5d90000 - 0x00007ffba5de5000 	C:\WINDOWS\System32\shlwapi.dll
0x00007ffba38e0000 - 0x00007ffba38ff000 	C:\WINDOWS\SYSTEM32\profapi.dll
0x00007ffb87170000 - 0x00007ffb87189000 	C:\Program Files\Eclipse Foundation\jdk-11.0.12.7-hotspot\bin\net.dll
0x00007ffb9ad70000 - 0x00007ffb9ae7c000 	C:\WINDOWS\SYSTEM32\WINHTTP.dll
0x00007ffba3080000 - 0x00007ffba30ea000 	C:\WINDOWS\system32\mswsock.dll
0x00007ffb87150000 - 0x00007ffb87162000 	C:\Program Files\Eclipse Foundation\jdk-11.0.12.7-hotspot\bin\nio.dll
0x00007ffb87090000 - 0x00007ffb870aa000 	C:\Program Files\JetBrains\IntelliJ IDEA 2021.2.3\bin\breakgen64.dll
0x00000201c2140000 - 0x00000201c2143000 	C:\Program Files\Eclipse Foundation\jdk-11.0.12.7-hotspot\bin\api-ms-win-core-console-l1-1-0.dll
0x00000201c2150000 - 0x00000201c2153000 	C:\Program Files\Eclipse Foundation\jdk-11.0.12.7-hotspot\bin\api-ms-win-core-datetime-l1-1-0.dll
0x00000201c2360000 - 0x00000201c2363000 	C:\Program Files\Eclipse Foundation\jdk-11.0.12.7-hotspot\bin\api-ms-win-core-debug-l1-1-0.dll
0x00000201c2370000 - 0x00000201c2373000 	C:\Program Files\Eclipse Foundation\jdk-11.0.12.7-hotspot\bin\api-ms-win-core-errorhandling-l1-1-0.dll
0x00000201c2380000 - 0x00000201c2384000 	C:\Program Files\Eclipse Foundation\jdk-11.0.12.7-hotspot\bin\api-ms-win-core-file-l1-1-0.dll
0x00000201c2390000 - 0x00000201c2393000 	C:\Program Files\Eclipse Foundation\jdk-11.0.12.7-hotspot\bin\api-ms-win-core-file-l1-2-0.dll
0x00000201c23a0000 - 0x00000201c23a3000 	C:\Program Files\Eclipse Foundation\jdk-11.0.12.7-hotspot\bin\api-ms-win-core-file-l2-1-0.dll
0x00000201c23b0000 - 0x00000201c23b3000 	C:\Program Files\Eclipse Foundation\jdk-11.0.12.7-hotspot\bin\api-ms-win-core-handle-l1-1-0.dll
0x00000201c23c0000 - 0x00000201c23c3000 	C:\Program Files\Eclipse Foundation\jdk-11.0.12.7-hotspot\bin\api-ms-win-core-heap-l1-1-0.dll
0x00000201c23d0000 - 0x00000201c23d3000 	C:\Program Files\Eclipse Foundation\jdk-11.0.12.7-hotspot\bin\api-ms-win-core-interlocked-l1-1-0.dll
0x00000201c23e0000 - 0x00000201c23e3000 	C:\Program Files\Eclipse Foundation\jdk-11.0.12.7-hotspot\bin\api-ms-win-core-libraryloader-l1-1-0.dll
0x00000201c23f0000 - 0x00000201c23f3000 	C:\Program Files\Eclipse Foundation\jdk-11.0.12.7-hotspot\bin\api-ms-win-core-localization-l1-2-0.dll
0x00000201c2400000 - 0x00000201c2403000 	C:\Program Files\Eclipse Foundation\jdk-11.0.12.7-hotspot\bin\api-ms-win-core-memory-l1-1-0.dll
0x00000201c2410000 - 0x00000201c2413000 	C:\Program Files\Eclipse Foundation\jdk-11.0.12.7-hotspot\bin\api-ms-win-core-namedpipe-l1-1-0.dll
0x00000201c2420000 - 0x00000201c2423000 	C:\Program Files\Eclipse Foundation\jdk-11.0.12.7-hotspot\bin\api-ms-win-core-processenvironment-l1-1-0.dll
0x00000201c2430000 - 0x00000201c2433000 	C:\Program Files\Eclipse Foundation\jdk-11.0.12.7-hotspot\bin\api-ms-win-core-processthreads-l1-1-0.dll
0x00000201c2440000 - 0x00000201c2443000 	C:\Program Files\Eclipse Foundation\jdk-11.0.12.7-hotspot\bin\api-ms-win-core-processthreads-l1-1-1.dll
0x00000201c2450000 - 0x00000201c2453000 	C:\Program Files\Eclipse Foundation\jdk-11.0.12.7-hotspot\bin\api-ms-win-core-profile-l1-1-0.dll
0x00000201c2460000 - 0x00000201c2463000 	C:\Program Files\Eclipse Foundation\jdk-11.0.12.7-hotspot\bin\api-ms-win-core-rtlsupport-l1-1-0.dll
0x00000201c2470000 - 0x00000201c2473000 	C:\Program Files\Eclipse Foundation\jdk-11.0.12.7-hotspot\bin\api-ms-win-core-string-l1-1-0.dll
0x00000201c2480000 - 0x00000201c2483000 	C:\Program Files\Eclipse Foundation\jdk-11.0.12.7-hotspot\bin\api-ms-win-core-synch-l1-1-0.dll
0x00000201c2490000 - 0x00000201c2493000 	C:\Program Files\Eclipse Foundation\jdk-11.0.12.7-hotspot\bin\api-ms-win-core-synch-l1-2-0.dll
0x00000201c24a0000 - 0x00000201c24a3000 	C:\Program Files\Eclipse Foundation\jdk-11.0.12.7-hotspot\bin\api-ms-win-core-sysinfo-l1-1-0.dll
0x00000201c24b0000 - 0x00000201c24b3000 	C:\Program Files\Eclipse Foundation\jdk-11.0.12.7-hotspot\bin\api-ms-win-core-timezone-l1-1-0.dll
0x00000201c24c0000 - 0x00000201c24c3000 	C:\Program Files\Eclipse Foundation\jdk-11.0.12.7-hotspot\bin\api-ms-win-core-util-l1-1-0.dll
0x00000201c24d0000 - 0x00000201c24d3000 	C:\Program Files\Eclipse Foundation\jdk-11.0.12.7-hotspot\bin\api-ms-win-crt-conio-l1-1-0.dll
0x00000201c24e0000 - 0x00000201c24e4000 	C:\Program Files\Eclipse Foundation\jdk-11.0.12.7-hotspot\bin\api-ms-win-crt-convert-l1-1-0.dll
0x00000201c24f0000 - 0x00000201c24f3000 	C:\Program Files\Eclipse Foundation\jdk-11.0.12.7-hotspot\bin\api-ms-win-crt-environment-l1-1-0.dll
0x00000201c2500000 - 0x00000201c2503000 	C:\Program Files\Eclipse Foundation\jdk-11.0.12.7-hotspot\bin\api-ms-win-crt-filesystem-l1-1-0.dll
0x00000201c2510000 - 0x00000201c2513000 	C:\Program Files\Eclipse Foundation\jdk-11.0.12.7-hotspot\bin\api-ms-win-crt-heap-l1-1-0.dll
0x00000201c2520000 - 0x00000201c2523000 	C:\Program Files\Eclipse Foundation\jdk-11.0.12.7-hotspot\bin\api-ms-win-crt-locale-l1-1-0.dll
0x00000201c2530000 - 0x00000201c2535000 	C:\Program Files\Eclipse Foundation\jdk-11.0.12.7-hotspot\bin\api-ms-win-crt-math-l1-1-0.dll
0x00000201c2540000 - 0x00000201c2545000 	C:\Program Files\Eclipse Foundation\jdk-11.0.12.7-hotspot\bin\api-ms-win-crt-multibyte-l1-1-0.dll
0x00000201c2550000 - 0x00000201c2560000 	C:\Program Files\Eclipse Foundation\jdk-11.0.12.7-hotspot\bin\api-ms-win-crt-private-l1-1-0.dll
0x00000201c2560000 - 0x00000201c2563000 	C:\Program Files\Eclipse Foundation\jdk-11.0.12.7-hotspot\bin\api-ms-win-crt-process-l1-1-0.dll
0x00000201c2570000 - 0x00000201c2574000 	C:\Program Files\Eclipse Foundation\jdk-11.0.12.7-hotspot\bin\api-ms-win-crt-runtime-l1-1-0.dll
0x00000201c2580000 - 0x00000201c2584000 	C:\Program Files\Eclipse Foundation\jdk-11.0.12.7-hotspot\bin\api-ms-win-crt-stdio-l1-1-0.dll
0x00000201c2590000 - 0x00000201c2594000 	C:\Program Files\Eclipse Foundation\jdk-11.0.12.7-hotspot\bin\api-ms-win-crt-string-l1-1-0.dll
0x00000201c25a0000 - 0x00000201c25a3000 	C:\Program Files\Eclipse Foundation\jdk-11.0.12.7-hotspot\bin\api-ms-win-crt-time-l1-1-0.dll
0x00000201c25b0000 - 0x00000201c25b3000 	C:\Program Files\Eclipse Foundation\jdk-11.0.12.7-hotspot\bin\api-ms-win-crt-utility-l1-1-0.dll
0x00007ffb45200000 - 0x00007ffb452fa000 	C:\Program Files\Eclipse Foundation\jdk-11.0.12.7-hotspot\bin\ucrtbase.dll
0x00007ffb7c820000 - 0x00007ffb7c86d000 	C:\Windows\System32\concrt140.dll
0x00007ffb9fe50000 - 0x00007ffb9fe5c000 	C:\WINDOWS\SYSTEM32\VCRUNTIME140_1.dll
0x00007ffb7bdc0000 - 0x00007ffb7bde3000 	C:\Users\OlgaL\.openjfx\cache\11.0.2\prism_d3d.dll
0x00007ffb686b0000 - 0x00007ffb68880000 	C:\WINDOWS\system32\d3d9.dll
0x00007ffba13d0000 - 0x00007ffba13ff000 	C:\WINDOWS\SYSTEM32\dwmapi.dll
0x00007ffba1000000 - 0x00007ffba109e000 	C:\WINDOWS\system32\uxtheme.dll
0x00007ffb59050000 - 0x00007ffb591b5000 	C:\WINDOWS\System32\DriverStore\FileRepository\igdlh64.inf_amd64_af02201d084badde\igdumdim64.dll
0x00007ffba5ad0000 - 0x00007ffba5bfa000 	C:\WINDOWS\System32\ole32.dll
0x00007ffb50e40000 - 0x00007ffb5563d000 	C:\WINDOWS\System32\DriverStore\FileRepository\igdlh64.inf_amd64_af02201d084badde\igd9dxva64.dll
0x00007ffba5a00000 - 0x00007ffba5acd000 	C:\WINDOWS\System32\OLEAUT32.dll
0x00007ffba5310000 - 0x00007ffba5782000 	C:\WINDOWS\System32\SETUPAPI.dll
0x00007ffba40d0000 - 0x00007ffba411e000 	C:\WINDOWS\System32\cfgmgr32.dll
0x00007ffba3b30000 - 0x00007ffba3b57000 	C:\WINDOWS\System32\bcrypt.dll
0x00007ffb83f20000 - 0x00007ffb84177000 	C:\WINDOWS\System32\DriverStore\FileRepository\igdlh64.inf_amd64_af02201d084badde\igdgmm64.dll
0x00007ffb6dfd0000 - 0x00007ffb6e015000 	C:\Users\OlgaL\.openjfx\cache\11.0.2\glass.dll
0x00007ffba4390000 - 0x00007ffba446a000 	C:\WINDOWS\System32\COMDLG32.dll
0x00007ffba4d70000 - 0x00007ffba4e85000 	C:\WINDOWS\System32\MSCTF.dll
0x00007ffb6a050000 - 0x00007ffb6a077000 	C:\WINDOWS\System32\DriverStore\FileRepository\igdlh64.inf_amd64_af02201d084badde\igdinfo64.dll
0x00007ffb80eb0000 - 0x00007ffb83ac9000 	C:\WINDOWS\System32\DriverStore\FileRepository\igdlh64.inf_amd64_af02201d084badde\igc64.dll
0x00007ffb83ee0000 - 0x00007ffb83f1b000 	C:\WINDOWS\SYSTEM32\dxcore.dll
0x00007ffb7ca40000 - 0x00007ffb7ca54000 	C:\Users\OlgaL\.openjfx\cache\11.0.2\javafx_font.dll
0x00007ffb807d0000 - 0x00007ffb80a53000 	C:\WINDOWS\SYSTEM32\dwrite.dll
0x00007ffba42d0000 - 0x00007ffba4379000 	C:\WINDOWS\System32\clbcatq.dll
0x00007ffb886a0000 - 0x00007ffb88854000 	C:\WINDOWS\SYSTEM32\WindowsCodecs.dll
0x00007ffb86c70000 - 0x00007ffb86cae000 	C:\WINDOWS\system32\dataexchange.dll
0x00007ffb9f060000 - 0x00007ffb9f2c4000 	C:\WINDOWS\system32\d3d11.dll
0x00007ffb9fe60000 - 0x00007ffba0045000 	C:\WINDOWS\system32\dcomp.dll
0x00007ffba2290000 - 0x00007ffba2384000 	C:\WINDOWS\system32\dxgi.dll
0x00007ffb9b8b0000 - 0x00007ffb9bab1000 	C:\WINDOWS\system32\twinapi.appcore.dll
0x00007ffb67180000 - 0x00007ffb671b4000 	C:\Program Files\Common Files\Microsoft Shared\Ink\rtscom.dll
0x00007ffb89890000 - 0x00007ffb89989000 	C:\WINDOWS\SYSTEM32\textinputframework.dll
0x00007ffba04a0000 - 0x00007ffba07fe000 	C:\WINDOWS\System32\CoreUIComponents.dll
0x00007ffba0800000 - 0x00007ffba08f2000 	C:\WINDOWS\System32\CoreMessaging.dll
0x00007ffba2690000 - 0x00007ffba26c3000 	C:\WINDOWS\SYSTEM32\ntmarta.dll
0x00007ffb9fcf0000 - 0x00007ffb9fe44000 	C:\WINDOWS\SYSTEM32\wintypes.dll
0x00007ffba2db0000 - 0x00007ffba2e7b000 	C:\WINDOWS\SYSTEM32\DNSAPI.dll
0x00007ffba2d70000 - 0x00007ffba2dab000 	C:\WINDOWS\SYSTEM32\IPHLPAPI.DLL
0x00007ffba4380000 - 0x00007ffba4388000 	C:\WINDOWS\System32\NSI.dll
0x00007ffb9aaf0000 - 0x00007ffb9aafa000 	C:\Windows\System32\rasadhlp.dll
0x00007ffb9a730000 - 0x00007ffb9a7af000 	C:\WINDOWS\System32\fwpuclnt.dll
0x00007ffb9a5c0000 - 0x00007ffb9a5e5000 	C:\Program Files\Eclipse Foundation\jdk-11.0.12.7-hotspot\bin\sunec.dll

dbghelp: loaded successfully - version: 4.0.5 - missing functions: none
symbol engine: initialized successfully - sym options: 0x614 - pdb path: .;C:\Program Files\Eclipse Foundation\jdk-11.0.12.7-hotspot\bin;C:\WINDOWS\SYSTEM32;C:\WINDOWS\WinSxS\amd64_microsoft.windows.common-controls_6595b64144ccf1df_6.0.19041.1110_none_60b5254171f9507e;C:\Program Files\Eclipse Foundation\jdk-11.0.12.7-hotspot\bin\server;C:\Program Files\JetBrains\IntelliJ IDEA 2021.2.3\bin;C:\Users\OlgaL\.openjfx\cache\11.0.2;C:\WINDOWS\System32\DriverStore\FileRepository\igdlh64.inf_amd64_af02201d084badde;C:\Program Files\Common Files\Microsoft Shared\Ink

VM Arguments:
jvm_args: -javaagent:C:\Program Files\JetBrains\IntelliJ IDEA 2021.2.3\lib\idea_rt.jar=57749:C:\Program Files\JetBrains\IntelliJ IDEA 2021.2.3\bin -Dfile.encoding=UTF-8 --module-path=C:\Users\OlgaL\IdeaProjects\Jeweller\target\classes;C:\Users\OlgaL\.m2\repository\org\openjfx\javafx-fxml\11.0.2\javafx-fxml-11.0.2-win.jar;C:\Users\OlgaL\.m2\repository\org\openjfx\javafx-controls\11.0.2\javafx-controls-11.0.2-win.jar;C:\Users\OlgaL\.m2\repository\org\openjfx\javafx-graphics\11.0.2\javafx-graphics-11.0.2-win.jar;C:\Users\OlgaL\.m2\repository\org\openjfx\javafx-base\11.0.2\javafx-base-11.0.2-win.jar -Djdk.module.main=com.example.jeweller 
java_command: com.example.jeweller/com.example.jeweller.HelloApplication
java_class_path (initial): C:\Users\OlgaL\.m2\repository\org\openjfx\javafx-controls\11.0.2\javafx-controls-11.0.2.jar;C:\Users\OlgaL\.m2\repository\org\openjfx\javafx-graphics\11.0.2\javafx-graphics-11.0.2.jar;C:\Users\OlgaL\.m2\repository\org\openjfx\javafx-base\11.0.2\javafx-base-11.0.2.jar;C:\Users\OlgaL\.m2\repository\org\openjfx\javafx-fxml\11.0.2\javafx-fxml-11.0.2.jar;C:\Users\OlgaL\Downloads\mysql-connector-java-8.0.27\mysql-connector-java-8.0.27.jar
Launcher Type: SUN_STANDARD

[Global flags]
     intx CICompilerCount                          = 3                                         {product} {ergonomic}
     uint ConcGCThreads                            = 1                                         {product} {ergonomic}
     uint G1ConcRefinementThreads                  = 4                                         {product} {ergonomic}
   size_t G1HeapRegionSize                         = 1048576                                   {product} {ergonomic}
    uintx GCDrainStackTargetSize                   = 64                                        {product} {ergonomic}
   size_t InitialHeapSize                          = 134217728                                 {product} {ergonomic}
   size_t MarkStackSize                            = 4194304                                   {product} {ergonomic}
   size_t MaxHeapSize                              = 2122317824                                {product} {ergonomic}
   size_t MaxNewSize                               = 1272971264                                {product} {ergonomic}
   size_t MinHeapDeltaBytes                        = 1048576                                   {product} {ergonomic}
    uintx NonNMethodCodeHeapSize                   = 5830732                                {pd product} {ergonomic}
    uintx NonProfiledCodeHeapSize                  = 122913754                              {pd product} {ergonomic}
    uintx ProfiledCodeHeapSize                     = 122913754                              {pd product} {ergonomic}
    uintx ReservedCodeCacheSize                    = 251658240                              {pd product} {ergonomic}
     bool SegmentedCodeCache                       = true                                      {product} {ergonomic}
     bool UseCompressedClassPointers               = true                                 {lp64_product} {ergonomic}
     bool UseCompressedOops                        = true                                 {lp64_product} {ergonomic}
     bool UseG1GC                                  = true                                      {product} {ergonomic}
     bool UseLargePagesIndividualAllocation        = false                                  {pd product} {ergonomic}

Logging:
Log output configuration:
 #0: stdout all=warning uptime,level,tags
 #1: stderr all=off uptime,level,tags

Environment Variables:
PATH=C:\Program Files\Eclipse Foundation\jdk-11.0.12.7-hotspot\bin;C:\ProgramData\Oracle\Java\javapath;C:\WINDOWS\system32;C:\WINDOWS;C:\WINDOWS\System32\Wbem;C:\WINDOWS\System32\WindowsPowerShell\v1.0\;C:\WINDOWS\System32\OpenSSH\;C:\Program Files (x86)\Calibre2\;C:\Program Files\WireGuard\;C:\Program Files\Microsoft SQL Server\Client SDK\ODBC\170\Tools\Binn\;C:\Program Files (x86)\Microsoft SQL Server\150\Tools\Binn\;C:\Program Files\Microsoft SQL Server\150\Tools\Binn\;C:\Program Files\Microsoft SQL Server\150\DTS\Binn\;C:\Program Files (x86)\Microsoft SQL Server\150\DTS\Binn\;C:\Program Files\Azure Data Studio\bin;C:\Program Files\MySQL\MySQL Shell 8.0\bin\;C:\Users\OlgaL\AppData\Local\Microsoft\WindowsApps;;C:\Program Files\Azure Data Studio\bin
USERNAME=OlgaL
OS=Windows_NT
PROCESSOR_IDENTIFIER=Intel64 Family 6 Model 142 Stepping 9, GenuineIntel



---------------  S Y S T E M  ---------------

OS: Windows 10 , 64 bit Build 19041 (10.0.19041.1348)
OS uptime: 5 days 4:40 hours

CPU:total 4 (initial active 4) (2 cores per cpu, 2 threads per core) family 6 model 142 stepping 9 microcode 0xb4, cmov, cx8, fxsr, mmx, sse, sse2, sse3, ssse3, sse4.1, sse4.2, popcnt, avx, avx2, aes, clmul, erms, 3dnowpref, lzcnt, ht, tsc, tscinvbit, bmi1, bmi2, adx, fma

Memory: 4k page, system-wide physical 8090M (1018M free)
TotalPageFile size 19893M (AvailPageFile size 5202M)
current process WorkingSet (physical memory assigned to process): 189M, peak: 205M
current process commit charge ("private bytes"): 304M, peak: 320M

vm_info: OpenJDK 64-Bit Server VM (11.0.12+7) for windows-amd64 JRE (11.0.12+7), built on Jul 21 2021 16:23:49 by "" with unknown MS VC++:1916

END.
