#
# A fatal error has been detected by the Java Runtime Environment:
#
#  EXCEPTION_ACCESS_VIOLATION (0xc0000005) at pc=0x00007ffb87176730, pid=14580, tid=14624
#
# JRE version: OpenJDK Runtime Environment Temurin-11.0.12+7 (11.0.12+7) (build 11.0.12+7)
# Java VM: OpenJDK 64-Bit Server VM Temurin-11.0.12+7 (11.0.12+7, mixed mode, tiered, compressed oops, g1 gc, windows-amd64)
# Problematic frame:
# C  [glass.dll+0x26730]
#
# No core dump will be written. Minidumps are not enabled by default on client versions of Windows
#
# If you would like to submit a bug report, please visit:
#   https://github.com/adoptium/adoptium-support/issues
#

---------------  S U M M A R Y ------------

Command Line: -javaagent:C:\Program Files\JetBrains\IntelliJ IDEA 2021.2.3\lib\idea_rt.jar=49466:C:\Program Files\JetBrains\IntelliJ IDEA 2021.2.3\bin -Dfile.encoding=UTF-8 --module-path=C:\Users\OlgaL\.m2\repository\org\openjfx\javafx-base\11.0.2\javafx-base-11.0.2-win.jar;C:\Users\OlgaL\.m2\repository\org\openjfx\javafx-controls\11.0.2\javafx-controls-11.0.2-win.jar;C:\Users\OlgaL\.m2\repository\org\openjfx\javafx-fxml\11.0.2\javafx-fxml-11.0.2-win.jar;C:\Users\OlgaL\IdeaProjects\Jeweller\target\classes;C:\Users\OlgaL\.m2\repository\org\openjfx\javafx-graphics\11.0.2\javafx-graphics-11.0.2-win.jar -Djdk.module.main=com.example.jeweller com.example.jeweller/com.example.jeweller.HelloApplication

Host: Intel(R) Core(TM) i5-7200U CPU @ 2.50GHz, 4 cores, 7G,  Windows 10 , 64 bit Build 19041 (10.0.19041.1348)
Time: Thu Dec 23 15:47:08 2021 FLE Standard Time elapsed time: 241.512374 seconds (0d 0h 4m 1s)

---------------  T H R E A D  ---------------

Current thread (0x0000020f4509f800):  VMThread "VM Thread" [stack: 0x0000006a16d00000,0x0000006a16e00000] [id=14624]

Stack: [0x0000006a16d00000,0x0000006a16e00000],  sp=0x0000006a16dff260,  free space=1020k
Native frames: (J=compiled Java code, j=interpreted, Vv=VM code, C=native code)
C  [glass.dll+0x26730]


siginfo: EXCEPTION_ACCESS_VIOLATION (0xc0000005), reading address 0x0000000000000000


Register to memory mapping:

RIP=0x00007ffb87176730 glass.dll
RAX=0x0 is NULL
RBX=0x0000020f450da768 is a global jni handle
RCX=0x0000020f4509f800 points into unknown readable memory: 0x00007ffb12445d78 | 78 5d 44 12 fb 7f 00 00
RDX=0x0000006a16dff260 points into unknown readable memory: 0x0000000000000000 | 00 00 00 00 00 00 00 00
RSP=0x0000006a16dff260 points into unknown readable memory: 0x0000000000000000 | 00 00 00 00 00 00 00 00
RBP=0x0000020f45c377d8 points into unknown readable memory: 0x000086a6c690ea71 | 71 ea 90 c6 a6 86 00 00
RSI=0x0000020f45c377b0 points into unknown readable memory: 0x6db086a63967e45f | 5f e4 67 39 a6 86 b0 6d
RDI=0x000086a6c690ea71 is an unknown value
R8 =0x0000000000010002 is an unknown value
R9 =0x000086a6c690ea71 is an unknown value
R10=0x0000000000008000 is an unknown value
R11=0x0000006a16dff200 points into unknown readable memory: 0x0000020f45c377b0 | b0 77 c3 45 0f 02 00 00
R12=0x00007ffb87173be0 glass.dll
R13=0x0000006a164fed00 is pointing into the stack for thread: 0x0000020f45af9800
R14=0x0000006a16dff368 points into unknown readable memory: 0x0000006a16dff350 | 50 f3 df 16 6a 00 00 00
R15=0x0000020f45c377b0 points into unknown readable memory: 0x6db086a63967e45f | 5f e4 67 39 a6 86 b0 6d


Registers:
RAX=0x0000000000000000, RBX=0x0000020f450da768, RCX=0x0000020f4509f800, RDX=0x0000006a16dff260
RSP=0x0000006a16dff260, RBP=0x0000020f45c377d8, RSI=0x0000020f45c377b0, RDI=0x000086a6c690ea71
R8 =0x0000000000010002, R9 =0x000086a6c690ea71, R10=0x0000000000008000, R11=0x0000006a16dff200
R12=0x00007ffb87173be0, R13=0x0000006a164fed00, R14=0x0000006a16dff368, R15=0x0000020f45c377b0
RIP=0x00007ffb87176730, EFLAGS=0x0000000000010202

Top of Stack: (sp=0x0000006a16dff260)
0x0000006a16dff260:   0000000000000000 00007ffba412f05b
0x0000006a16dff270:   0000020f45c377c0 0000020f45c377b0
0x0000006a16dff280:   fffffffffffffffe 00007ffb87173be0
0x0000006a16dff290:   0000020f45c377b8 00007ffba41342d6
0x0000006a16dff2a0:   0000020f45c377c0 0000020f00000000
0x0000006a16dff2b0:   0000020f45c377d8 0000020f45c377b0
0x0000006a16dff2c0:   fffffffffffffffe 0000000000000000
0x0000006a16dff2d0:   0000000000000001 00007ffb87150000
0x0000006a16dff2e0:   0000006a16dff358 00007ffba41341fb
0x0000006a16dff2f0:   0000000000000000 0000006a16dff368
0x0000006a16dff300:   0000006a16dff620 00007ffba4210e40
0x0000006a16dff310:   0000000000000001 00007ffba41341b4
0x0000006a16dff320:   0000000000000000 0000000000000001
0x0000006a16dff330:   00007ffb0000000d 0000006a16dff358
0x0000006a16dff340:   0000000000000000 00007ffb87173a60
0x0000006a16dff350:   00007ffb8718d100 0000006a00000002 

Instructions: (pc=0x00007ffb87176730)
0x00007ffb87176630:   8b 4d 60 e8 d8 c9 ff ff 48 8b 55 68 48 8b 8d 08
0x00007ffb87176640:   01 00 00 e8 a9 be ff ff 33 d2 33 c9 e8 a9 de ff
0x00007ffb87176650:   ff 90 cc cc cc cc cc cc cc cc cc cc cc cc cc cc
0x00007ffb87176660:   48 8d 8a 80 00 00 00 e9 14 ea fe ff 48 89 54 24
0x00007ffb87176670:   10 55 48 83 ec 20 48 8b ea 48 8d 05 1d cb ff ff
0x00007ffb87176680:   48 83 c4 20 5d c3 cc 40 55 48 8b ea 48 8b 01 33
0x00007ffb87176690:   c9 81 38 05 00 00 c0 0f 94 c1 8b c1 5d c3 cc 40
0x00007ffb871766a0:   55 48 83 ec 20 48 8b ea 8a 4d 40 48 83 c4 20 5d
0x00007ffb871766b0:   e9 23 ce ff ff cc 40 55 48 83 ec 20 48 8b ea e8
0x00007ffb871766c0:   3c cc ff ff 8a 4d 38 48 83 c4 20 5d e9 07 ce ff
0x00007ffb871766d0:   ff cc 40 55 48 83 ec 30 48 8b ea 48 8b 01 8b 10
0x00007ffb871766e0:   48 89 4c 24 28 89 54 24 20 4c 8d 0d d0 d1 ff ff
0x00007ffb871766f0:   4c 8b 45 70 8b 55 68 48 8b 4d 60 e8 70 cb ff ff
0x00007ffb87176700:   90 48 83 c4 30 5d c3 cc cc cc cc cc cc cc cc cc
0x00007ffb87176710:   40 53 48 83 ec 30 48 c7 44 24 20 fe ff ff ff 48
0x00007ffb87176720:   8b 1d ea 63 01 00 48 85 db 74 16 e8 90 86 ff ff
0x00007ffb87176730:   4c 8b 00 48 8b d3 48 8b c8 41 ff 90 b0 00 00 00
0x00007ffb87176740:   90 48 83 c4 30 5b c3 cc cc cc cc cc cc cc cc cc
0x00007ffb87176750:   40 53 48 83 ec 20 48 8b 1d 4b 65 01 00 48 85 db
0x00007ffb87176760:   74 57 b8 ff ff ff ff f0 0f c1 43 10 83 f8 01 75
0x00007ffb87176770:   3d 48 85 db 74 38 48 8b 0b 48 85 c9 74 0d ff 15
0x00007ffb87176780:   24 0b 00 00 48 c7 03 00 00 00 00 48 8b 4b 08 48
0x00007ffb87176790:   85 c9 74 0d e8 77 c8 ff ff 48 c7 43 08 00 00 00
0x00007ffb871767a0:   00 ba 18 00 00 00 48 8b cb e8 62 c8 ff ff 48 c7
0x00007ffb871767b0:   05 ef 64 01 00 00 00 00 00 48 83 c4 20 5b c3 cc
0x00007ffb871767c0:   40 53 48 83 ec 20 48 8b 1d bb 64 01 00 48 85 db
0x00007ffb871767d0:   74 57 b8 ff ff ff ff f0 0f c1 43 10 83 f8 01 75
0x00007ffb871767e0:   3d 48 85 db 74 38 48 8b 0b 48 85 c9 74 0d ff 15
0x00007ffb871767f0:   b4 0a 00 00 48 c7 03 00 00 00 00 48 8b 4b 08 48
0x00007ffb87176800:   85 c9 74 0d e8 07 c8 ff ff 48 c7 43 08 00 00 00
0x00007ffb87176810:   00 ba 18 00 00 00 48 8b cb e8 f2 c7 ff ff 48 c7
0x00007ffb87176820:   05 5f 64 01 00 00 00 00 00 48 83 c4 20 5b c3 cc 


Stack slot to memory mapping:
stack at sp + 0 slots: 0x0 is NULL
stack at sp + 1 slots: 0x00007ffba412f05b ucrtbase.dll
stack at sp + 2 slots: 0x0000020f45c377c0 points into unknown readable memory: 0x000086a6c690ea71 | 71 ea 90 c6 a6 86 00 00
stack at sp + 3 slots: 0x0000020f45c377b0 points into unknown readable memory: 0x6db086a63967e45f | 5f e4 67 39 a6 86 b0 6d
stack at sp + 4 slots: 0xfffffffffffffffe is an unknown value
stack at sp + 5 slots: 0x00007ffb87173be0 glass.dll
stack at sp + 6 slots: 0x0000020f45c377b8 points into unknown readable memory: 0x000086a6c690ea71 | 71 ea 90 c6 a6 86 00 00
stack at sp + 7 slots: 0x00007ffba41342d6 ucrtbase.dll

VM_Operation (0x0000006a164fed00): Exit, mode: safepoint, requested by thread 0x0000020f45af9800


---------------  P R O C E S S  ---------------

Threads class SMR info:
_java_thread_list=0x0000020f46fe8da0, length=19, elements={
0x0000020f24a0f000, 0x0000020f450c6800, 0x0000020f450c7800, 0x0000020f450e3000,
0x0000020f450e4000, 0x0000020f450e5000, 0x0000020f450e8800, 0x0000020f450e9800,
0x0000020f45ad2800, 0x0000020f45be8000, 0x0000020f46272000, 0x0000020f45d09000,
0x0000020f462a1000, 0x0000020f4649e000, 0x0000020f46869800, 0x0000020f4690a000,
0x0000020f46a97800, 0x0000020f46b90800, 0x0000020f45af9800
}

Java Threads: ( => current thread )
  0x0000020f24a0f000 JavaThread "main" [_thread_blocked, id=11556, stack(0x0000006a16700000,0x0000006a16800000)]
  0x0000020f450c6800 JavaThread "Reference Handler" daemon [_thread_blocked, id=7408, stack(0x0000006a16e00000,0x0000006a16f00000)]
  0x0000020f450c7800 JavaThread "Finalizer" daemon [_thread_blocked, id=9040, stack(0x0000006a16f00000,0x0000006a17000000)]
  0x0000020f450e3000 JavaThread "Signal Dispatcher" daemon [_thread_blocked, id=2036, stack(0x0000006a17000000,0x0000006a17100000)]
  0x0000020f450e4000 JavaThread "Attach Listener" daemon [_thread_blocked, id=15308, stack(0x0000006a17100000,0x0000006a17200000)]
  0x0000020f450e5000 JavaThread "Service Thread" daemon [_thread_blocked, id=17316, stack(0x0000006a17200000,0x0000006a17300000)]
  0x0000020f450e8800 JavaThread "C2 CompilerThread0" daemon [_thread_blocked, id=12572, stack(0x0000006a17300000,0x0000006a17400000)]
  0x0000020f450e9800 JavaThread "C1 CompilerThread0" daemon [_thread_blocked, id=2128, stack(0x0000006a17400000,0x0000006a17500000)]
  0x0000020f45ad2800 JavaThread "Sweeper thread" daemon [_thread_blocked, id=9780, stack(0x0000006a17500000,0x0000006a17600000)]
  0x0000020f45be8000 JavaThread "Common-Cleaner" daemon [_thread_blocked, id=8768, stack(0x0000006a17600000,0x0000006a17700000)]
  0x0000020f46272000 JavaThread "Monitor Ctrl-Break" daemon [_thread_in_native, id=7012, stack(0x0000006a17800000,0x0000006a17900000)]
  0x0000020f45d09000 JavaThread "QuantumRenderer-0" daemon [_thread_blocked, id=10056, stack(0x0000006a17700000,0x0000006a17800000)]
  0x0000020f462a1000 JavaThread "InvokeLaterDispatcher" daemon [_thread_blocked, id=12076, stack(0x0000006a17c00000,0x0000006a17d00000)]
  0x0000020f4649e000 JavaThread "JavaFX Application Thread" [_thread_in_native, id=14400, stack(0x0000006a17d00000,0x0000006a17e00000)]
  0x0000020f46869800 JavaThread "JavaFX-Launcher" [_thread_blocked, id=8476, stack(0x0000006a18200000,0x0000006a18300000)]
  0x0000020f4690a000 JavaThread "Thread-2" daemon [_thread_in_native, id=14680, stack(0x0000006a18000000,0x0000006a18100000)]
  0x0000020f46a97800 JavaThread "Prism Font Disposer" daemon [_thread_blocked, id=12736, stack(0x0000006a18700000,0x0000006a18800000)]
  0x0000020f46b90800 JavaThread "Cleaner-0" daemon [_thread_blocked, id=7484, stack(0x0000006a18300000,0x0000006a18400000)]
  0x0000020f45af9800 JavaThread "SIGINT handler" daemon [_thread_blocked, id=16768, stack(0x0000006a16400000,0x0000006a16500000)]

Other Threads:
=>0x0000020f4509f800 VMThread "VM Thread" [stack: 0x0000006a16d00000,0x0000006a16e00000] [id=14624]
  0x0000020f24a29000 GCTaskThread "GC Thread#0" [stack: 0x0000006a16800000,0x0000006a16900000] [id=7416]
  0x0000020f4632d000 GCTaskThread "GC Thread#1" [stack: 0x0000006a17a00000,0x0000006a17b00000] [id=13684]
  0x0000020f46160000 GCTaskThread "GC Thread#2" [stack: 0x0000006a17b00000,0x0000006a17c00000] [id=8184]
  0x0000020f47228000 GCTaskThread "GC Thread#3" [stack: 0x0000006a18800000,0x0000006a18900000] [id=11180]
  0x0000020f24a56000 ConcurrentGCThread "G1 Main Marker" [stack: 0x0000006a16900000,0x0000006a16a00000] [id=7200]
  0x0000020f24a58000 ConcurrentGCThread "G1 Conc#0" [stack: 0x0000006a16a00000,0x0000006a16b00000] [id=16060]
  0x0000020f24ae5000 ConcurrentGCThread "G1 Refine#0" [stack: 0x0000006a16b00000,0x0000006a16c00000] [id=6948]
  0x0000020f24ae6000 ConcurrentGCThread "G1 Young RemSet Sampling" [stack: 0x0000006a16c00000,0x0000006a16d00000] [id=10992]

Threads with active compile tasks:

VM state:at safepoint (shutting down)

VM Mutex/Monitor currently owned by a thread:  ([mutex/lock_event])
[0x0000020f24a0d660] Threads_lock - owner thread: 0x0000020f4509f800

Heap address: 0x0000000081800000, size: 2024 MB, Compressed Oops mode: 32-bit
Narrow klass base: 0x0000000000000000, Narrow klass shift: 3
Compressed class space size: 1073741824 Address: 0x0000000100000000

Heap:
 garbage-first heap   total 131072K, used 37763K [0x0000000081800000, 0x0000000100000000)
  region size 1024K, 37 young (37888K), 7 survivors (7168K)
 Metaspace       used 26698K, capacity 27563K, committed 27776K, reserved 1073152K
  class space    used 3317K, capacity 3693K, committed 3712K, reserved 1048576K
Heap Regions: E=young(eden), S=young(survivor), O=old, HS=humongous(starts), HC=humongous(continues), CS=collection set, F=free, A=archive, TAMS=top-at-mark-start (previous, next)
|   0|0x0000000081800000, 0x000000008185e400, 0x0000000081900000| 36%| O|  |TAMS 0x000000008185e400, 0x0000000081800000| Untracked 
|   1|0x0000000081900000, 0x0000000081a00000, 0x0000000081a00000|100%|HS|  |TAMS 0x0000000081900000, 0x0000000081900000| Complete 
|   2|0x0000000081a00000, 0x0000000081b00000, 0x0000000081b00000|100%|HC|  |TAMS 0x0000000081a00000, 0x0000000081a00000| Complete 
|   3|0x0000000081b00000, 0x0000000081b00000, 0x0000000081c00000|  0%| F|  |TAMS 0x0000000081b00000, 0x0000000081b00000| Untracked 
|   4|0x0000000081c00000, 0x0000000081c00000, 0x0000000081d00000|  0%| F|  |TAMS 0x0000000081c00000, 0x0000000081c00000| Untracked 
|   5|0x0000000081d00000, 0x0000000081d00000, 0x0000000081e00000|  0%| F|  |TAMS 0x0000000081d00000, 0x0000000081d00000| Untracked 
|   6|0x0000000081e00000, 0x0000000081e00000, 0x0000000081f00000|  0%| F|  |TAMS 0x0000000081e00000, 0x0000000081e00000| Untracked 
|   7|0x0000000081f00000, 0x0000000081f00000, 0x0000000082000000|  0%| F|  |TAMS 0x0000000081f00000, 0x0000000081f00000| Untracked 
|   8|0x0000000082000000, 0x0000000082000000, 0x0000000082100000|  0%| F|  |TAMS 0x0000000082000000, 0x0000000082000000| Untracked 
|   9|0x0000000082100000, 0x0000000082100000, 0x0000000082200000|  0%| F|  |TAMS 0x0000000082100000, 0x0000000082100000| Untracked 
|  10|0x0000000082200000, 0x0000000082200000, 0x0000000082300000|  0%| F|  |TAMS 0x0000000082200000, 0x0000000082200000| Untracked 
|  11|0x0000000082300000, 0x0000000082300000, 0x0000000082400000|  0%| F|  |TAMS 0x0000000082300000, 0x0000000082300000| Untracked 
|  12|0x0000000082400000, 0x0000000082400000, 0x0000000082500000|  0%| F|  |TAMS 0x0000000082400000, 0x0000000082400000| Untracked 
|  13|0x0000000082500000, 0x0000000082500000, 0x0000000082600000|  0%| F|  |TAMS 0x0000000082500000, 0x0000000082500000| Untracked 
|  14|0x0000000082600000, 0x0000000082600000, 0x0000000082700000|  0%| F|  |TAMS 0x0000000082600000, 0x0000000082600000| Untracked 
|  15|0x0000000082700000, 0x0000000082700000, 0x0000000082800000|  0%| F|  |TAMS 0x0000000082700000, 0x0000000082700000| Untracked 
|  16|0x0000000082800000, 0x0000000082800000, 0x0000000082900000|  0%| F|  |TAMS 0x0000000082800000, 0x0000000082800000| Untracked 
|  17|0x0000000082900000, 0x0000000082900000, 0x0000000082a00000|  0%| F|  |TAMS 0x0000000082900000, 0x0000000082900000| Untracked 
|  18|0x0000000082a00000, 0x0000000082a00000, 0x0000000082b00000|  0%| F|  |TAMS 0x0000000082a00000, 0x0000000082a00000| Untracked 
|  19|0x0000000082b00000, 0x0000000082b00000, 0x0000000082c00000|  0%| F|  |TAMS 0x0000000082b00000, 0x0000000082b00000| Untracked 
|  20|0x0000000082c00000, 0x0000000082c00000, 0x0000000082d00000|  0%| F|  |TAMS 0x0000000082c00000, 0x0000000082c00000| Untracked 
|  21|0x0000000082d00000, 0x0000000082d00000, 0x0000000082e00000|  0%| F|  |TAMS 0x0000000082d00000, 0x0000000082d00000| Untracked 
|  22|0x0000000082e00000, 0x0000000082e00000, 0x0000000082f00000|  0%| F|  |TAMS 0x0000000082e00000, 0x0000000082e00000| Untracked 
|  23|0x0000000082f00000, 0x0000000082f00000, 0x0000000083000000|  0%| F|  |TAMS 0x0000000082f00000, 0x0000000082f00000| Untracked 
|  24|0x0000000083000000, 0x0000000083000000, 0x0000000083100000|  0%| F|  |TAMS 0x0000000083000000, 0x0000000083000000| Untracked 
|  25|0x0000000083100000, 0x0000000083100000, 0x0000000083200000|  0%| F|  |TAMS 0x0000000083100000, 0x0000000083100000| Untracked 
|  26|0x0000000083200000, 0x0000000083200000, 0x0000000083300000|  0%| F|  |TAMS 0x0000000083200000, 0x0000000083200000| Untracked 
|  27|0x0000000083300000, 0x0000000083300000, 0x0000000083400000|  0%| F|  |TAMS 0x0000000083300000, 0x0000000083300000| Untracked 
|  28|0x0000000083400000, 0x0000000083400000, 0x0000000083500000|  0%| F|  |TAMS 0x0000000083400000, 0x0000000083400000| Untracked 
|  29|0x0000000083500000, 0x0000000083500000, 0x0000000083600000|  0%| F|  |TAMS 0x0000000083500000, 0x0000000083500000| Untracked 
|  30|0x0000000083600000, 0x0000000083600000, 0x0000000083700000|  0%| F|  |TAMS 0x0000000083600000, 0x0000000083600000| Untracked 
|  31|0x0000000083700000, 0x0000000083700000, 0x0000000083800000|  0%| F|  |TAMS 0x0000000083700000, 0x0000000083700000| Untracked 
|  32|0x0000000083800000, 0x0000000083800000, 0x0000000083900000|  0%| F|  |TAMS 0x0000000083800000, 0x0000000083800000| Untracked 
|  33|0x0000000083900000, 0x0000000083900000, 0x0000000083a00000|  0%| F|  |TAMS 0x0000000083900000, 0x0000000083900000| Untracked 
|  34|0x0000000083a00000, 0x0000000083a00000, 0x0000000083b00000|  0%| F|  |TAMS 0x0000000083a00000, 0x0000000083a00000| Untracked 
|  35|0x0000000083b00000, 0x0000000083b00000, 0x0000000083c00000|  0%| F|  |TAMS 0x0000000083b00000, 0x0000000083b00000| Untracked 
|  36|0x0000000083c00000, 0x0000000083c00000, 0x0000000083d00000|  0%| F|  |TAMS 0x0000000083c00000, 0x0000000083c00000| Untracked 
|  37|0x0000000083d00000, 0x0000000083d00000, 0x0000000083e00000|  0%| F|  |TAMS 0x0000000083d00000, 0x0000000083d00000| Untracked 
|  38|0x0000000083e00000, 0x0000000083e00000, 0x0000000083f00000|  0%| F|  |TAMS 0x0000000083e00000, 0x0000000083e00000| Untracked 
|  39|0x0000000083f00000, 0x0000000083f00000, 0x0000000084000000|  0%| F|  |TAMS 0x0000000083f00000, 0x0000000083f00000| Untracked 
|  40|0x0000000084000000, 0x0000000084000000, 0x0000000084100000|  0%| F|  |TAMS 0x0000000084000000, 0x0000000084000000| Untracked 
|  41|0x0000000084100000, 0x0000000084100000, 0x0000000084200000|  0%| F|  |TAMS 0x0000000084100000, 0x0000000084100000| Untracked 
|  42|0x0000000084200000, 0x0000000084200000, 0x0000000084300000|  0%| F|  |TAMS 0x0000000084200000, 0x0000000084200000| Untracked 
|  43|0x0000000084300000, 0x0000000084300000, 0x0000000084400000|  0%| F|  |TAMS 0x0000000084300000, 0x0000000084300000| Untracked 
|  44|0x0000000084400000, 0x0000000084400000, 0x0000000084500000|  0%| F|  |TAMS 0x0000000084400000, 0x0000000084400000| Untracked 
|  45|0x0000000084500000, 0x0000000084500000, 0x0000000084600000|  0%| F|  |TAMS 0x0000000084500000, 0x0000000084500000| Untracked 
|  46|0x0000000084600000, 0x0000000084600000, 0x0000000084700000|  0%| F|  |TAMS 0x0000000084600000, 0x0000000084600000| Untracked 
|  47|0x0000000084700000, 0x0000000084700000, 0x0000000084800000|  0%| F|  |TAMS 0x0000000084700000, 0x0000000084700000| Untracked 
|  48|0x0000000084800000, 0x0000000084800000, 0x0000000084900000|  0%| F|  |TAMS 0x0000000084800000, 0x0000000084800000| Untracked 
|  49|0x0000000084900000, 0x0000000084900000, 0x0000000084a00000|  0%| F|  |TAMS 0x0000000084900000, 0x0000000084900000| Untracked 
|  50|0x0000000084a00000, 0x0000000084a00000, 0x0000000084b00000|  0%| F|  |TAMS 0x0000000084a00000, 0x0000000084a00000| Untracked 
|  51|0x0000000084b00000, 0x0000000084b00000, 0x0000000084c00000|  0%| F|  |TAMS 0x0000000084b00000, 0x0000000084b00000| Untracked 
|  52|0x0000000084c00000, 0x0000000084c00000, 0x0000000084d00000|  0%| F|  |TAMS 0x0000000084c00000, 0x0000000084c00000| Untracked 
|  53|0x0000000084d00000, 0x0000000084d00000, 0x0000000084e00000|  0%| F|  |TAMS 0x0000000084d00000, 0x0000000084d00000| Untracked 
|  54|0x0000000084e00000, 0x0000000084e00000, 0x0000000084f00000|  0%| F|  |TAMS 0x0000000084e00000, 0x0000000084e00000| Untracked 
|  55|0x0000000084f00000, 0x0000000084f00000, 0x0000000085000000|  0%| F|  |TAMS 0x0000000084f00000, 0x0000000084f00000| Untracked 
|  56|0x0000000085000000, 0x0000000085000000, 0x0000000085100000|  0%| F|  |TAMS 0x0000000085000000, 0x0000000085000000| Untracked 
|  57|0x0000000085100000, 0x0000000085100000, 0x0000000085200000|  0%| F|  |TAMS 0x0000000085100000, 0x0000000085100000| Untracked 
|  58|0x0000000085200000, 0x0000000085200000, 0x0000000085300000|  0%| F|  |TAMS 0x0000000085200000, 0x0000000085200000| Untracked 
|  59|0x0000000085300000, 0x0000000085300000, 0x0000000085400000|  0%| F|  |TAMS 0x0000000085300000, 0x0000000085300000| Untracked 
|  60|0x0000000085400000, 0x0000000085400000, 0x0000000085500000|  0%| F|  |TAMS 0x0000000085400000, 0x0000000085400000| Untracked 
|  61|0x0000000085500000, 0x0000000085500000, 0x0000000085600000|  0%| F|  |TAMS 0x0000000085500000, 0x0000000085500000| Untracked 
|  62|0x0000000085600000, 0x0000000085600000, 0x0000000085700000|  0%| F|  |TAMS 0x0000000085600000, 0x0000000085600000| Untracked 
|  63|0x0000000085700000, 0x0000000085700000, 0x0000000085800000|  0%| F|  |TAMS 0x0000000085700000, 0x0000000085700000| Untracked 
|  64|0x0000000085800000, 0x0000000085800000, 0x0000000085900000|  0%| F|  |TAMS 0x0000000085800000, 0x0000000085800000| Untracked 
|  65|0x0000000085900000, 0x0000000085900000, 0x0000000085a00000|  0%| F|  |TAMS 0x0000000085900000, 0x0000000085900000| Untracked 
|  66|0x0000000085a00000, 0x0000000085a00000, 0x0000000085b00000|  0%| F|  |TAMS 0x0000000085a00000, 0x0000000085a00000| Untracked 
|  67|0x0000000085b00000, 0x0000000085b00000, 0x0000000085c00000|  0%| F|  |TAMS 0x0000000085b00000, 0x0000000085b00000| Untracked 
|  68|0x0000000085c00000, 0x0000000085c00000, 0x0000000085d00000|  0%| F|  |TAMS 0x0000000085c00000, 0x0000000085c00000| Untracked 
|  69|0x0000000085d00000, 0x0000000085d00000, 0x0000000085e00000|  0%| F|  |TAMS 0x0000000085d00000, 0x0000000085d00000| Untracked 
|  70|0x0000000085e00000, 0x0000000085e00000, 0x0000000085f00000|  0%| F|  |TAMS 0x0000000085e00000, 0x0000000085e00000| Untracked 
|  71|0x0000000085f00000, 0x0000000085f00000, 0x0000000086000000|  0%| F|  |TAMS 0x0000000085f00000, 0x0000000085f00000| Untracked 
|  72|0x0000000086000000, 0x0000000086000000, 0x0000000086100000|  0%| F|  |TAMS 0x0000000086000000, 0x0000000086000000| Untracked 
|  73|0x0000000086100000, 0x0000000086100000, 0x0000000086200000|  0%| F|  |TAMS 0x0000000086100000, 0x0000000086100000| Untracked 
|  74|0x0000000086200000, 0x0000000086200000, 0x0000000086300000|  0%| F|  |TAMS 0x0000000086200000, 0x0000000086200000| Untracked 
|  75|0x0000000086300000, 0x0000000086300000, 0x0000000086400000|  0%| F|  |TAMS 0x0000000086300000, 0x0000000086300000| Untracked 
|  76|0x0000000086400000, 0x0000000086400000, 0x0000000086500000|  0%| F|  |TAMS 0x0000000086400000, 0x0000000086400000| Untracked 
|  77|0x0000000086500000, 0x0000000086500000, 0x0000000086600000|  0%| F|  |TAMS 0x0000000086500000, 0x0000000086500000| Untracked 
|  78|0x0000000086600000, 0x0000000086600000, 0x0000000086700000|  0%| F|  |TAMS 0x0000000086600000, 0x0000000086600000| Untracked 
|  79|0x0000000086700000, 0x0000000086700000, 0x0000000086800000|  0%| F|  |TAMS 0x0000000086700000, 0x0000000086700000| Untracked 
|  80|0x0000000086800000, 0x0000000086800000, 0x0000000086900000|  0%| F|  |TAMS 0x0000000086800000, 0x0000000086800000| Untracked 
|  81|0x0000000086900000, 0x0000000086900000, 0x0000000086a00000|  0%| F|  |TAMS 0x0000000086900000, 0x0000000086900000| Untracked 
|  82|0x0000000086a00000, 0x0000000086a00000, 0x0000000086b00000|  0%| F|  |TAMS 0x0000000086a00000, 0x0000000086a00000| Untracked 
|  83|0x0000000086b00000, 0x0000000086b00000, 0x0000000086c00000|  0%| F|  |TAMS 0x0000000086b00000, 0x0000000086b00000| Untracked 
|  84|0x0000000086c00000, 0x0000000086c00000, 0x0000000086d00000|  0%| F|  |TAMS 0x0000000086c00000, 0x0000000086c00000| Untracked 
|  85|0x0000000086d00000, 0x0000000086d00000, 0x0000000086e00000|  0%| F|  |TAMS 0x0000000086d00000, 0x0000000086d00000| Untracked 
|  86|0x0000000086e00000, 0x0000000086e00000, 0x0000000086f00000|  0%| F|  |TAMS 0x0000000086e00000, 0x0000000086e00000| Untracked 
|  87|0x0000000086f00000, 0x0000000086f82948, 0x0000000087000000| 51%| S|CS|TAMS 0x0000000086f00000, 0x0000000086f00000| Complete 
|  88|0x0000000087000000, 0x0000000087100000, 0x0000000087100000|100%| S|CS|TAMS 0x0000000087000000, 0x0000000087000000| Complete 
|  89|0x0000000087100000, 0x0000000087200000, 0x0000000087200000|100%| S|CS|TAMS 0x0000000087100000, 0x0000000087100000| Complete 
|  90|0x0000000087200000, 0x0000000087300000, 0x0000000087300000|100%| S|CS|TAMS 0x0000000087200000, 0x0000000087200000| Complete 
|  91|0x0000000087300000, 0x0000000087400000, 0x0000000087400000|100%| S|CS|TAMS 0x0000000087300000, 0x0000000087300000| Complete 
|  92|0x0000000087400000, 0x0000000087500000, 0x0000000087500000|100%| S|CS|TAMS 0x0000000087400000, 0x0000000087400000| Complete 
|  93|0x0000000087500000, 0x0000000087600000, 0x0000000087600000|100%| S|CS|TAMS 0x0000000087500000, 0x0000000087500000| Complete 
|  94|0x0000000087600000, 0x0000000087600000, 0x0000000087700000|  0%| F|  |TAMS 0x0000000087600000, 0x0000000087600000| Untracked 
|  95|0x0000000087700000, 0x0000000087700000, 0x0000000087800000|  0%| F|  |TAMS 0x0000000087700000, 0x0000000087700000| Untracked 
|  96|0x0000000087800000, 0x0000000087800000, 0x0000000087900000|  0%| F|  |TAMS 0x0000000087800000, 0x0000000087800000| Untracked 
|  97|0x0000000087900000, 0x0000000087900000, 0x0000000087a00000|  0%| F|  |TAMS 0x0000000087900000, 0x0000000087900000| Untracked 
|  98|0x0000000087a00000, 0x0000000087b00000, 0x0000000087b00000|100%| E|  |TAMS 0x0000000087a00000, 0x0000000087a00000| Complete 
|  99|0x0000000087b00000, 0x0000000087c00000, 0x0000000087c00000|100%| E|CS|TAMS 0x0000000087b00000, 0x0000000087b00000| Complete 
| 100|0x0000000087c00000, 0x0000000087d00000, 0x0000000087d00000|100%| E|CS|TAMS 0x0000000087c00000, 0x0000000087c00000| Complete 
| 101|0x0000000087d00000, 0x0000000087e00000, 0x0000000087e00000|100%| E|  |TAMS 0x0000000087d00000, 0x0000000087d00000| Complete 
| 102|0x0000000087e00000, 0x0000000087f00000, 0x0000000087f00000|100%| E|CS|TAMS 0x0000000087e00000, 0x0000000087e00000| Complete 
| 103|0x0000000087f00000, 0x0000000088000000, 0x0000000088000000|100%| E|CS|TAMS 0x0000000087f00000, 0x0000000087f00000| Complete 
| 104|0x0000000088000000, 0x0000000088100000, 0x0000000088100000|100%| E|CS|TAMS 0x0000000088000000, 0x0000000088000000| Complete 
| 105|0x0000000088100000, 0x0000000088200000, 0x0000000088200000|100%| E|CS|TAMS 0x0000000088100000, 0x0000000088100000| Complete 
| 106|0x0000000088200000, 0x0000000088300000, 0x0000000088300000|100%| E|CS|TAMS 0x0000000088200000, 0x0000000088200000| Complete 
| 107|0x0000000088300000, 0x0000000088400000, 0x0000000088400000|100%| E|CS|TAMS 0x0000000088300000, 0x0000000088300000| Complete 
| 108|0x0000000088400000, 0x0000000088500000, 0x0000000088500000|100%| E|CS|TAMS 0x0000000088400000, 0x0000000088400000| Complete 
| 109|0x0000000088500000, 0x0000000088600000, 0x0000000088600000|100%| E|CS|TAMS 0x0000000088500000, 0x0000000088500000| Complete 
| 110|0x0000000088600000, 0x0000000088700000, 0x0000000088700000|100%| E|CS|TAMS 0x0000000088600000, 0x0000000088600000| Complete 
| 111|0x0000000088700000, 0x0000000088800000, 0x0000000088800000|100%| E|CS|TAMS 0x0000000088700000, 0x0000000088700000| Complete 
| 112|0x0000000088800000, 0x0000000088900000, 0x0000000088900000|100%| E|CS|TAMS 0x0000000088800000, 0x0000000088800000| Complete 
| 113|0x0000000088900000, 0x0000000088a00000, 0x0000000088a00000|100%| E|CS|TAMS 0x0000000088900000, 0x0000000088900000| Complete 
| 114|0x0000000088a00000, 0x0000000088b00000, 0x0000000088b00000|100%| E|CS|TAMS 0x0000000088a00000, 0x0000000088a00000| Complete 
| 115|0x0000000088b00000, 0x0000000088c00000, 0x0000000088c00000|100%| E|CS|TAMS 0x0000000088b00000, 0x0000000088b00000| Complete 
| 116|0x0000000088c00000, 0x0000000088d00000, 0x0000000088d00000|100%| E|CS|TAMS 0x0000000088c00000, 0x0000000088c00000| Complete 
| 117|0x0000000088d00000, 0x0000000088e00000, 0x0000000088e00000|100%| E|CS|TAMS 0x0000000088d00000, 0x0000000088d00000| Complete 
| 118|0x0000000088e00000, 0x0000000088f00000, 0x0000000088f00000|100%| E|CS|TAMS 0x0000000088e00000, 0x0000000088e00000| Complete 
| 119|0x0000000088f00000, 0x0000000089000000, 0x0000000089000000|100%| E|CS|TAMS 0x0000000088f00000, 0x0000000088f00000| Complete 
| 120|0x0000000089000000, 0x0000000089100000, 0x0000000089100000|100%| E|CS|TAMS 0x0000000089000000, 0x0000000089000000| Complete 
| 121|0x0000000089100000, 0x0000000089200000, 0x0000000089200000|100%| E|CS|TAMS 0x0000000089100000, 0x0000000089100000| Complete 
| 122|0x0000000089200000, 0x0000000089300000, 0x0000000089300000|100%| E|CS|TAMS 0x0000000089200000, 0x0000000089200000| Complete 
| 123|0x0000000089300000, 0x0000000089400000, 0x0000000089400000|100%| E|CS|TAMS 0x0000000089300000, 0x0000000089300000| Complete 
| 124|0x0000000089400000, 0x0000000089500000, 0x0000000089500000|100%| E|CS|TAMS 0x0000000089400000, 0x0000000089400000| Complete 
| 125|0x0000000089500000, 0x0000000089600000, 0x0000000089600000|100%| E|CS|TAMS 0x0000000089500000, 0x0000000089500000| Complete 
| 126|0x0000000089600000, 0x0000000089700000, 0x0000000089700000|100%| E|CS|TAMS 0x0000000089600000, 0x0000000089600000| Complete 
| 127|0x0000000089700000, 0x0000000089800000, 0x0000000089800000|100%| E|CS|TAMS 0x0000000089700000, 0x0000000089700000| Complete 

Card table byte_map: [0x0000020f3e330000,0x0000020f3e730000] _byte_map_base: 0x0000020f3df24000

Marking Bits (Prev, Next): (CMBitMap*) 0x0000020f24a4d2f0, (CMBitMap*) 0x0000020f24a4d2b8
 Prev Bits: [0x0000020f40ad0000, 0x0000020f42a70000)
 Next Bits: [0x0000020f3eb30000, 0x0000020f40ad0000)

Polling page: 0x0000020f24af0000

Metaspace:

Usage:
  Non-class:     23.31 MB capacity,    22.83 MB ( 98%) used,   384.13 KB (  2%) free+waste,   105.13 KB ( <1%) overhead. 
      Class:      3.61 MB capacity,     3.24 MB ( 90%) used,   321.87 KB (  9%) free+waste,    53.19 KB (  1%) overhead. 
       Both:     26.92 MB capacity,    26.07 MB ( 97%) used,   706.00 KB (  3%) free+waste,   158.31 KB ( <1%) overhead. 

Virtual space:
  Non-class space:       24.00 MB reserved,      23.50 MB ( 98%) committed 
      Class space:        1.00 GB reserved,       3.63 MB ( <1%) committed 
             Both:        1.02 GB reserved,      27.13 MB (  3%) committed 

Chunk freelists:
   Non-Class:  2.00 KB
       Class:  0 bytes
        Both:  2.00 KB

MaxMetaspaceSize: 17179869184.00 GB
CompressedClassSpaceSize: 1.00 GB
Initial GC threshold: 20.80 MB
Current GC threshold: 35.00 MB
CDS: off

CodeHeap 'non-profiled nmethods': size=120064Kb used=1554Kb max_used=1554Kb free=118509Kb
 bounds [0x0000020f363d0000, 0x0000020f36640000, 0x0000020f3d910000]
CodeHeap 'profiled nmethods': size=120000Kb used=7287Kb max_used=7287Kb free=112713Kb
 bounds [0x0000020f2eea0000, 0x0000020f2f5c0000, 0x0000020f363d0000]
CodeHeap 'non-nmethods': size=5696Kb used=1460Kb max_used=1483Kb free=4235Kb
 bounds [0x0000020f2e910000, 0x0000020f2eb80000, 0x0000020f2eea0000]
 total_blobs=4421 nmethods=3624 adapters=709
 compilation: enabled
              stopped_count=0, restarted_count=0
 full_count=0

Compilation events (20 events):
Event: 15.251 Thread 0x0000020f450e8800 3622       4       com.sun.glass.ui.win.WinApplication::staticView_getMultiClickMaxX (4 bytes)
Event: 15.251 Thread 0x0000020f450e8800 nmethod 3622 0x0000020f36551c90 code [0x0000020f36551e20, 0x0000020f36551e98]
Event: 15.253 Thread 0x0000020f450e8800 3623       4       com.sun.javafx.tk.quantum.QuantumToolkit::getMultiClickMaxX (4 bytes)
Event: 15.254 Thread 0x0000020f450e8800 nmethod 3623 0x0000020f36551f90 code [0x0000020f36552120, 0x0000020f365521d8]
Event: 15.259 Thread 0x0000020f450e8800 3624       4       javafx.scene.Scene$ClickCounter::moved (52 bytes)
Event: 15.261 Thread 0x0000020f450e8800 nmethod 3624 0x0000020f36552290 code [0x0000020f36552480, 0x0000020f36552678]
Event: 15.395 Thread 0x0000020f450e8800 3625       4       com.sun.javafx.event.BasicEventDispatcher::dispatchEvent (44 bytes)
Event: 15.399 Thread 0x0000020f450e8800 nmethod 3625 0x0000020f36552890 code [0x0000020f36552a40, 0x0000020f36552c98]
Event: 16.305 Thread 0x0000020f450e9800 3626       3       javafx.scene.Node::pseudoClassStateChanged (59 bytes)
Event: 16.306 Thread 0x0000020f450e9800 nmethod 3626 0x0000020f2f5bbe90 code [0x0000020f2f5bc0a0, 0x0000020f2f5bc598]
Event: 16.491 Thread 0x0000020f450e9800 3627       3       javafx.scene.Parent::doPickNodeLocal (42 bytes)
Event: 16.492 Thread 0x0000020f450e9800 nmethod 3627 0x0000020f2f5bc790 code [0x0000020f2f5bc9c0, 0x0000020f2f5bd168]
Event: 16.545 Thread 0x0000020f450e8800 3628       4       javafx.scene.Node::intersects (47 bytes)
Event: 16.561 Thread 0x0000020f450e8800 nmethod 3628 0x0000020f36552f90 code [0x0000020f36553180, 0x0000020f36553908]
Event: 88.234 Thread 0x0000020f450e8800 3629       4       com.sun.javafx.tk.quantum.QuantumToolkit::postPulse (106 bytes)
Event: 88.238 Thread 0x0000020f450e8800 nmethod 3629 0x0000020f36553f10 code [0x0000020f365540c0, 0x0000020f36554278]
Event: 88.442 Thread 0x0000020f450e8800 3630       4       com.sun.javafx.tk.quantum.QuantumToolkit$$Lambda$86/0x000000010012fc40::run (8 bytes)
Event: 88.444 Thread 0x0000020f450e8800 nmethod 3630 0x0000020f36554490 code [0x0000020f36554660, 0x0000020f36554888]
Event: 240.976 Thread 0x0000020f450e9800 3631       3       java.util.concurrent.locks.ReentrantLock::lock (9 bytes)
Event: 240.978 Thread 0x0000020f450e9800 nmethod 3631 0x0000020f2f5bd410 code [0x0000020f2f5bd620, 0x0000020f2f5bda58]

GC Heap History (4 events):
Event: 1.813 GC heap before
{Heap before GC invocations=0 (full 0):
 garbage-first heap   total 131072K, used 13312K [0x0000000081800000, 0x0000000100000000)
  region size 1024K, 14 young (14336K), 0 survivors (0K)
 Metaspace       used 10019K, capacity 10301K, committed 10368K, reserved 1058816K
  class space    used 987K, capacity 1097K, committed 1152K, reserved 1048576K
}
Event: 1.870 GC heap after
{Heap after GC invocations=1 (full 0):
 garbage-first heap   total 131072K, used 2425K [0x0000000081800000, 0x0000000100000000)
  region size 1024K, 2 young (2048K), 2 survivors (2048K)
 Metaspace       used 10019K, capacity 10301K, committed 10368K, reserved 1058816K
  class space    used 987K, capacity 1097K, committed 1152K, reserved 1048576K
}
Event: 4.083 GC heap before
{Heap before GC invocations=1 (full 0):
 garbage-first heap   total 131072K, used 34169K [0x0000000081800000, 0x0000000100000000)
  region size 1024K, 34 young (34816K), 2 survivors (2048K)
 Metaspace       used 20479K, capacity 21085K, committed 21248K, reserved 1067008K
  class space    used 2408K, capacity 2690K, committed 2816K, reserved 1048576K
}
Event: 4.116 GC heap after
{Heap after GC invocations=2 (full 0):
 garbage-first heap   total 131072K, used 7043K [0x0000000081800000, 0x0000000100000000)
  region size 1024K, 7 young (7168K), 7 survivors (7168K)
 Metaspace       used 20479K, capacity 21085K, committed 21248K, reserved 1067008K
  class space    used 2408K, capacity 2690K, committed 2816K, reserved 1048576K
}

Deoptimization events (20 events):
Event: 7.723 Thread 0x0000020f45d09000 DEOPT PACKING pc=0x0000020f364e5150 sp=0x0000006a177fcf30
Event: 7.723 Thread 0x0000020f45d09000 DEOPT UNPACKING pc=0x0000020f2e95a1af sp=0x0000006a177fce08 mode 2
Event: 7.733 Thread 0x0000020f45d09000 DEOPT PACKING pc=0x0000020f2f30c24f sp=0x0000006a177fd300
Event: 7.733 Thread 0x0000020f45d09000 DEOPT UNPACKING pc=0x0000020f2e95a95e sp=0x0000006a177fc718 mode 0
Event: 14.095 Thread 0x0000020f4649e000 Uncommon trap: trap_request=0xffffffde fr.pc=0x0000020f364d9d6c relative=0x000000000000104c
Event: 14.095 Thread 0x0000020f4649e000 Uncommon trap: reason=class_check action=maybe_recompile pc=0x0000020f364d9d6c method=javafx.scene.Node.updateLocalToParentTransform()V @ 11 c2
Event: 14.095 Thread 0x0000020f4649e000 DEOPT PACKING pc=0x0000020f364d9d6c sp=0x0000006a17df4330
Event: 14.095 Thread 0x0000020f4649e000 DEOPT UNPACKING pc=0x0000020f2e95a1af sp=0x0000006a17df42f0 mode 2
Event: 14.105 Thread 0x0000020f4649e000 Uncommon trap: trap_request=0xffffffde fr.pc=0x0000020f364d9d6c relative=0x000000000000104c
Event: 14.105 Thread 0x0000020f4649e000 Uncommon trap: reason=class_check action=maybe_recompile pc=0x0000020f364d9d6c method=javafx.scene.Node.updateLocalToParentTransform()V @ 11 c2
Event: 14.105 Thread 0x0000020f4649e000 DEOPT PACKING pc=0x0000020f364d9d6c sp=0x0000006a17df4330
Event: 14.105 Thread 0x0000020f4649e000 DEOPT UNPACKING pc=0x0000020f2e95a1af sp=0x0000006a17df42f0 mode 2
Event: 14.111 Thread 0x0000020f4649e000 Uncommon trap: trap_request=0xffffffde fr.pc=0x0000020f364d9d6c relative=0x000000000000104c
Event: 14.111 Thread 0x0000020f4649e000 Uncommon trap: reason=class_check action=maybe_recompile pc=0x0000020f364d9d6c method=javafx.scene.Node.updateLocalToParentTransform()V @ 11 c2
Event: 14.111 Thread 0x0000020f4649e000 DEOPT PACKING pc=0x0000020f364d9d6c sp=0x0000006a17df4330
Event: 14.111 Thread 0x0000020f4649e000 DEOPT UNPACKING pc=0x0000020f2e95a1af sp=0x0000006a17df42f0 mode 2
Event: 14.113 Thread 0x0000020f4649e000 Uncommon trap: trap_request=0xffffffde fr.pc=0x0000020f364d9d6c relative=0x000000000000104c
Event: 14.113 Thread 0x0000020f4649e000 Uncommon trap: reason=class_check action=maybe_recompile pc=0x0000020f364d9d6c method=javafx.scene.Node.updateLocalToParentTransform()V @ 11 c2
Event: 14.113 Thread 0x0000020f4649e000 DEOPT PACKING pc=0x0000020f364d9d6c sp=0x0000006a17df4330
Event: 14.113 Thread 0x0000020f4649e000 DEOPT UNPACKING pc=0x0000020f2e95a1af sp=0x0000006a17df42f0 mode 2

Classes redefined (0 events):
No events

Internal exceptions (20 events):
Event: 3.248 Thread 0x0000020f4649e000 Exception <a 'java/lang/NoSuchMethodError'{0x0000000087e34478}: 'java.lang.Object java.lang.invoke.Invokers$Holder.linkToTargetMethod(java.lang.Object, int, java.lang.Object)'> (0x0000000087e34478) thrown at [./src/hotspot/share/interpreter/linkResolver.cpp, line 773]
Event: 3.742 Thread 0x0000020f4649e000 Implicit null exception at 0x0000020f36461e15 to 0x0000020f36461fec
Event: 3.742 Thread 0x0000020f4649e000 Implicit null exception at 0x0000020f363f9bf8 to 0x0000020f363f9c8a
Event: 3.770 Thread 0x0000020f4649e000 Implicit null exception at 0x0000020f363eed2f to 0x0000020f363eed9d
Event: 4.124 Thread 0x0000020f4649e000 Exception <a 'java/lang/NoSuchMethodError'{0x0000000089793210}: 'java.lang.Object java.lang.invoke.DirectMethodHandle$Holder.invokeInterface(java.lang.Object, java.lang.Object, java.lang.Object)'> (0x0000000089793210) thrown at [./src/hotspot/share/interpreter/linkResolver.cpp, line 773]
Event: 4.124 Thread 0x0000020f4649e000 Exception <a 'java/lang/IncompatibleClassChangeError'{0x00000000897963c8}: Found class java.lang.Object, but interface was expected> (0x00000000897963c8) thrown at [./src/hotspot/share/interpreter/linkResolver.cpp, line 839]
Event: 4.222 Thread 0x0000020f4649e000 Exception <a 'java/lang/ClassNotFoundException'{0x00000000894303e8}: com/sun/javafx/scene/control/skin/resources/controls> (0x00000000894303e8) thrown at [./src/hotspot/share/prims/jni.cpp, line 636]
Event: 4.224 Thread 0x0000020f4649e000 Exception <a 'java/lang/ClassNotFoundException'{0x000000008943e048}: com/sun/javafx/scene/control/skin/resources/controls_en> (0x000000008943e048) thrown at [./src/hotspot/share/prims/jni.cpp, line 636]
Event: 4.224 Thread 0x0000020f4649e000 Exception <a 'java/lang/ClassNotFoundException'{0x000000008943f808}: com/sun/javafx/scene/control/skin/resources/controls_en_US> (0x000000008943f808) thrown at [./src/hotspot/share/prims/jni.cpp, line 636]
Event: 4.270 Thread 0x0000020f4649e000 Exception <a 'java/lang/NoSuchMethodError'{0x00000000893bca28}: 'void java.lang.invoke.DirectMethodHandle$Holder.invokeSpecial(java.lang.Object, java.lang.Object, java.lang.Object, java.lang.Object, java.lang.Object, java.lang.Object)'> (0x00000000893bca28) thrown at [./src/hotspot/share/interpreter/linkResolver.cpp, line 773]
Event: 4.398 Thread 0x0000020f45d09000 Exception <a 'java/lang/NoSuchMethodError'{0x0000000088fa5a38}: 'int java.lang.invoke.DirectMethodHandle$Holder.invokeStaticInit(java.lang.Object, java.lang.Object)'> (0x0000000088fa5a38) thrown at [./src/hotspot/share/interpreter/linkResolver.cpp, line 773]
Event: 5.580 Thread 0x0000020f4649e000 Exception <a 'java/lang/NoSuchMethodError'{0x0000000088bde218}: 'long java.lang.invoke.DirectMethodHandle$Holder.invokeStaticInit(java.lang.Object, java.lang.Object, java.lang.Object)'> (0x0000000088bde218) thrown at [./src/hotspot/share/interpreter/linkResolver.cpp, line 773]
Event: 5.583 Thread 0x0000020f4649e000 Exception <a 'java/lang/NoSuchMethodError'{0x0000000088bf6aa0}: 'java.lang.Object java.lang.invoke.DirectMethodHandle$Holder.invokeStatic(java.lang.Object, java.lang.Object, long)'> (0x0000000088bf6aa0) thrown at [./src/hotspot/share/interpreter/linkResolver.cpp, line 773]
Event: 5.584 Thread 0x0000020f4649e000 Exception <a 'java/lang/NoSuchMethodError'{0x0000000088bfcc18}: 'java.lang.Object java.lang.invoke.Invokers$Holder.linkToTargetMethod(java.lang.Object, long, java.lang.Object)'> (0x0000000088bfcc18) thrown at [./src/hotspot/share/interpreter/linkResolver.cpp, line 773]
Event: 6.908 Thread 0x0000020f4649e000 Exception <a 'java/io/FileNotFoundException'{0x0000000088866c40}> (0x0000000088866c40) thrown at [./src/hotspot/share/prims/jni.cpp, line 615]
Event: 7.671 Thread 0x0000020f45d09000 Exception <a 'java/lang/NoSuchMethodError'{0x0000000087f54fd0}: 'java.lang.Object java.lang.invoke.DirectMethodHandle$Holder.invokeStaticInit(java.lang.Object, int)'> (0x0000000087f54fd0) thrown at [./src/hotspot/share/interpreter/linkResolver.cpp, line 773]
Event: 10.009 Thread 0x0000020f4649e000 Exception <a 'java/lang/NoSuchMethodError'{0x0000000087eba250}: 'java.lang.Object java.lang.invoke.DirectMethodHandle$Holder.invokeStatic(java.lang.Object, java.lang.Object, int, int, int, int, int, java.lang.Object)'> (0x0000000087eba250) thrown at [./src/hotspot/share/interpreter/linkResolver.cpp, line 773]
Event: 10.012 Thread 0x0000020f4649e000 Exception <a 'java/lang/NoSuchMethodError'{0x0000000087ecb6c8}: 'java.lang.Object java.lang.invoke.DirectMethodHandle$Holder.invokeStatic(java.lang.Object, java.lang.Object, java.lang.Object, int, int, int, int, int)'> (0x0000000087ecb6c8) thrown at [./src/hotspot/share/interpreter/linkResolver.cpp, line 773]
Event: 10.012 Thread 0x0000020f4649e000 Exception <a 'java/lang/NoSuchMethodError'{0x0000000087ed29d8}: 'java.lang.Object java.lang.invoke.Invokers$Holder.linkToTargetMethod(java.lang.Object, java.lang.Object, int, int, int, int, int, java.lang.Object)'> (0x0000000087ed29d8) thrown at [./src/hotspot/share/interpreter/linkResolver.cpp, line 773]
Event: 240.978 Thread 0x0000020f45afa800 Exception <a 'java/lang/IllegalStateException'{0x0000000087ad6e40}> (0x0000000087ad6e40) thrown at [./src/hotspot/share/prims/jvm.cpp, line 1310]

Events (20 events):
Event: 240.976 Executing VM operation: RevokeBias done
Event: 240.976 Executing VM operation: RevokeBias
Event: 240.976 Executing VM operation: RevokeBias done
Event: 240.976 Executing VM operation: RevokeBias
Event: 240.977 Executing VM operation: RevokeBias done
Event: 240.977 Executing VM operation: RevokeBias
Event: 240.977 loading class com/sun/javafx/tk/quantum/QuantumRenderer
Event: 240.977 loading class com/sun/javafx/tk/quantum/QuantumRenderer done
Event: 240.977 Executing VM operation: RevokeBias done
Event: 240.977 Executing VM operation: RevokeBias
Event: 240.977 Executing VM operation: RevokeBias done
Event: 240.977 Executing VM operation: RevokeBias
Event: 240.977 Executing VM operation: RevokeBias done
Event: 240.977 Executing VM operation: RevokeBias
Event: 240.978 Executing VM operation: RevokeBias done
Event: 240.978 Thread 0x0000020f45af8800 Thread exited: 0x0000020f45af8800
Event: 240.978 loading class com/sun/javafx/tk/quantum/QuantumToolkit
Event: 240.978 loading class com/sun/javafx/tk/quantum/QuantumToolkit done
Event: 240.978 Thread 0x0000020f45afa800 Thread exited: 0x0000020f45afa800
Event: 240.979 Executing VM operation: Exit


Dynamic libraries:
0x00007ff76a280000 - 0x00007ff76a28d000 	C:\Program Files\Eclipse Foundation\jdk-11.0.12.7-hotspot\bin\java.exe
0x00007ffba6290000 - 0x00007ffba6485000 	C:\WINDOWS\SYSTEM32\ntdll.dll
0x00007ffba6190000 - 0x00007ffba624e000 	C:\WINDOWS\System32\KERNEL32.DLL
0x00007ffba3b60000 - 0x00007ffba3e28000 	C:\WINDOWS\System32\KERNELBASE.dll
0x00007ffba4120000 - 0x00007ffba4220000 	C:\WINDOWS\System32\ucrtbase.dll
0x00007ffb9e230000 - 0x00007ffb9e247000 	C:\Program Files\Eclipse Foundation\jdk-11.0.12.7-hotspot\bin\jli.dll
0x00007ffba57b0000 - 0x00007ffba5951000 	C:\WINDOWS\System32\USER32.dll
0x00007ffba3f90000 - 0x00007ffba3fb2000 	C:\WINDOWS\System32\win32u.dll
0x00007ffb99310000 - 0x00007ffb995aa000 	C:\WINDOWS\WinSxS\amd64_microsoft.windows.common-controls_6595b64144ccf1df_6.0.19041.1110_none_60b5254171f9507e\COMCTL32.dll
0x00007ffba5960000 - 0x00007ffba598b000 	C:\WINDOWS\System32\GDI32.dll
0x00007ffba51f0000 - 0x00007ffba528e000 	C:\WINDOWS\System32\msvcrt.dll
0x00007ffba3fc0000 - 0x00007ffba40cd000 	C:\WINDOWS\System32\gdi32full.dll
0x00007ffba3a90000 - 0x00007ffba3b2d000 	C:\WINDOWS\System32\msvcp_win.dll
0x00007ffb9dec0000 - 0x00007ffb9ded5000 	C:\Program Files\Eclipse Foundation\jdk-11.0.12.7-hotspot\bin\VCRUNTIME140.dll
0x00007ffba6160000 - 0x00007ffba6190000 	C:\WINDOWS\System32\IMM32.DLL
0x00007ffb9bf80000 - 0x00007ffb9c01b000 	C:\Program Files\Eclipse Foundation\jdk-11.0.12.7-hotspot\bin\msvcp140.dll
0x00007ffb11b30000 - 0x00007ffb12689000 	C:\Program Files\Eclipse Foundation\jdk-11.0.12.7-hotspot\bin\server\jvm.dll
0x00007ffba60b0000 - 0x00007ffba615c000 	C:\WINDOWS\System32\ADVAPI32.dll
0x00007ffba5e00000 - 0x00007ffba5e9b000 	C:\WINDOWS\System32\sechost.dll
0x00007ffba5c60000 - 0x00007ffba5d8a000 	C:\WINDOWS\System32\RPCRT4.dll
0x00007ffba5df0000 - 0x00007ffba5df8000 	C:\WINDOWS\System32\PSAPI.DLL
0x00007ffb97a90000 - 0x00007ffb97a99000 	C:\WINDOWS\SYSTEM32\WSOCK32.dll
0x00007ffba5f30000 - 0x00007ffba5f9b000 	C:\WINDOWS\System32\WS2_32.dll
0x00007ffb98f90000 - 0x00007ffb98fb7000 	C:\WINDOWS\SYSTEM32\WINMM.dll
0x00007ffb9a720000 - 0x00007ffb9a72a000 	C:\WINDOWS\SYSTEM32\VERSION.dll
0x00007ffba2270000 - 0x00007ffba2282000 	C:\WINDOWS\SYSTEM32\kernel.appcore.dll
0x00007ffb9ef70000 - 0x00007ffb9ef80000 	C:\Program Files\Eclipse Foundation\jdk-11.0.12.7-hotspot\bin\verify.dll
0x00007ffba1780000 - 0x00007ffba1964000 	C:\WINDOWS\SYSTEM32\DBGHELP.DLL
0x00007ffb9a870000 - 0x00007ffb9a89c000 	C:\WINDOWS\SYSTEM32\dbgcore.DLL
0x00007ffba39a0000 - 0x00007ffba3a22000 	C:\WINDOWS\System32\bcryptPrimitives.dll
0x00007ffb9ddf0000 - 0x00007ffb9de18000 	C:\Program Files\Eclipse Foundation\jdk-11.0.12.7-hotspot\bin\java.dll
0x00007ffb9deb0000 - 0x00007ffb9deba000 	C:\Program Files\Eclipse Foundation\jdk-11.0.12.7-hotspot\bin\jimage.dll
0x00007ffb9dc50000 - 0x00007ffb9dc5e000 	C:\Program Files\Eclipse Foundation\jdk-11.0.12.7-hotspot\bin\instrument.dll
0x00007ffb9ddd0000 - 0x00007ffb9dde7000 	C:\Program Files\Eclipse Foundation\jdk-11.0.12.7-hotspot\bin\zip.dll
0x00007ffba4470000 - 0x00007ffba4bb4000 	C:\WINDOWS\System32\SHELL32.dll
0x00007ffba1970000 - 0x00007ffba2104000 	C:\WINDOWS\SYSTEM32\windows.storage.dll
0x00007ffba4e90000 - 0x00007ffba51e5000 	C:\WINDOWS\System32\combase.dll
0x00007ffba3320000 - 0x00007ffba334e000 	C:\WINDOWS\SYSTEM32\Wldp.dll
0x00007ffba6000000 - 0x00007ffba60ad000 	C:\WINDOWS\System32\SHCORE.dll
0x00007ffba5d90000 - 0x00007ffba5de5000 	C:\WINDOWS\System32\shlwapi.dll
0x00007ffba38e0000 - 0x00007ffba38ff000 	C:\WINDOWS\SYSTEM32\profapi.dll
0x00007ffb9dc30000 - 0x00007ffb9dc49000 	C:\Program Files\Eclipse Foundation\jdk-11.0.12.7-hotspot\bin\net.dll
0x00007ffb9ad70000 - 0x00007ffb9ae7c000 	C:\WINDOWS\SYSTEM32\WINHTTP.dll
0x00007ffba3080000 - 0x00007ffba30ea000 	C:\WINDOWS\system32\mswsock.dll
0x00007ffb9dc10000 - 0x00007ffb9dc22000 	C:\Program Files\Eclipse Foundation\jdk-11.0.12.7-hotspot\bin\nio.dll
0x00007ffb9dbf0000 - 0x00007ffb9dc0a000 	C:\Program Files\JetBrains\IntelliJ IDEA 2021.2.3\bin\breakgen64.dll
0x0000020f47820000 - 0x0000020f47823000 	C:\Program Files\Eclipse Foundation\jdk-11.0.12.7-hotspot\bin\api-ms-win-core-console-l1-1-0.dll
0x0000020f47830000 - 0x0000020f47833000 	C:\Program Files\Eclipse Foundation\jdk-11.0.12.7-hotspot\bin\api-ms-win-core-datetime-l1-1-0.dll
0x0000020f47840000 - 0x0000020f47843000 	C:\Program Files\Eclipse Foundation\jdk-11.0.12.7-hotspot\bin\api-ms-win-core-debug-l1-1-0.dll
0x0000020f47850000 - 0x0000020f47853000 	C:\Program Files\Eclipse Foundation\jdk-11.0.12.7-hotspot\bin\api-ms-win-core-errorhandling-l1-1-0.dll
0x0000020f47860000 - 0x0000020f47864000 	C:\Program Files\Eclipse Foundation\jdk-11.0.12.7-hotspot\bin\api-ms-win-core-file-l1-1-0.dll
0x0000020f47870000 - 0x0000020f47873000 	C:\Program Files\Eclipse Foundation\jdk-11.0.12.7-hotspot\bin\api-ms-win-core-file-l1-2-0.dll
0x0000020f47880000 - 0x0000020f47883000 	C:\Program Files\Eclipse Foundation\jdk-11.0.12.7-hotspot\bin\api-ms-win-core-file-l2-1-0.dll
0x0000020f47890000 - 0x0000020f47893000 	C:\Program Files\Eclipse Foundation\jdk-11.0.12.7-hotspot\bin\api-ms-win-core-handle-l1-1-0.dll
0x0000020f478a0000 - 0x0000020f478a3000 	C:\Program Files\Eclipse Foundation\jdk-11.0.12.7-hotspot\bin\api-ms-win-core-heap-l1-1-0.dll
0x0000020f478b0000 - 0x0000020f478b3000 	C:\Program Files\Eclipse Foundation\jdk-11.0.12.7-hotspot\bin\api-ms-win-core-interlocked-l1-1-0.dll
0x0000020f478c0000 - 0x0000020f478c3000 	C:\Program Files\Eclipse Foundation\jdk-11.0.12.7-hotspot\bin\api-ms-win-core-libraryloader-l1-1-0.dll
0x0000020f478d0000 - 0x0000020f478d3000 	C:\Program Files\Eclipse Foundation\jdk-11.0.12.7-hotspot\bin\api-ms-win-core-localization-l1-2-0.dll
0x0000020f478e0000 - 0x0000020f478e3000 	C:\Program Files\Eclipse Foundation\jdk-11.0.12.7-hotspot\bin\api-ms-win-core-memory-l1-1-0.dll
0x0000020f478f0000 - 0x0000020f478f3000 	C:\Program Files\Eclipse Foundation\jdk-11.0.12.7-hotspot\bin\api-ms-win-core-namedpipe-l1-1-0.dll
0x0000020f47900000 - 0x0000020f47903000 	C:\Program Files\Eclipse Foundation\jdk-11.0.12.7-hotspot\bin\api-ms-win-core-processenvironment-l1-1-0.dll
0x0000020f47910000 - 0x0000020f47913000 	C:\Program Files\Eclipse Foundation\jdk-11.0.12.7-hotspot\bin\api-ms-win-core-processthreads-l1-1-0.dll
0x0000020f47920000 - 0x0000020f47923000 	C:\Program Files\Eclipse Foundation\jdk-11.0.12.7-hotspot\bin\api-ms-win-core-processthreads-l1-1-1.dll
0x0000020f47930000 - 0x0000020f47933000 	C:\Program Files\Eclipse Foundation\jdk-11.0.12.7-hotspot\bin\api-ms-win-core-profile-l1-1-0.dll
0x0000020f47940000 - 0x0000020f47943000 	C:\Program Files\Eclipse Foundation\jdk-11.0.12.7-hotspot\bin\api-ms-win-core-rtlsupport-l1-1-0.dll
0x0000020f47950000 - 0x0000020f47953000 	C:\Program Files\Eclipse Foundation\jdk-11.0.12.7-hotspot\bin\api-ms-win-core-string-l1-1-0.dll
0x0000020f47960000 - 0x0000020f47963000 	C:\Program Files\Eclipse Foundation\jdk-11.0.12.7-hotspot\bin\api-ms-win-core-synch-l1-1-0.dll
0x0000020f47970000 - 0x0000020f47973000 	C:\Program Files\Eclipse Foundation\jdk-11.0.12.7-hotspot\bin\api-ms-win-core-synch-l1-2-0.dll
0x0000020f47980000 - 0x0000020f47983000 	C:\Program Files\Eclipse Foundation\jdk-11.0.12.7-hotspot\bin\api-ms-win-core-sysinfo-l1-1-0.dll
0x0000020f47990000 - 0x0000020f47993000 	C:\Program Files\Eclipse Foundation\jdk-11.0.12.7-hotspot\bin\api-ms-win-core-timezone-l1-1-0.dll
0x0000020f479a0000 - 0x0000020f479a3000 	C:\Program Files\Eclipse Foundation\jdk-11.0.12.7-hotspot\bin\api-ms-win-core-util-l1-1-0.dll
0x0000020f479b0000 - 0x0000020f479b3000 	C:\Program Files\Eclipse Foundation\jdk-11.0.12.7-hotspot\bin\api-ms-win-crt-conio-l1-1-0.dll
0x0000020f479c0000 - 0x0000020f479c4000 	C:\Program Files\Eclipse Foundation\jdk-11.0.12.7-hotspot\bin\api-ms-win-crt-convert-l1-1-0.dll
0x0000020f479d0000 - 0x0000020f479d3000 	C:\Program Files\Eclipse Foundation\jdk-11.0.12.7-hotspot\bin\api-ms-win-crt-environment-l1-1-0.dll
0x0000020f479e0000 - 0x0000020f479e3000 	C:\Program Files\Eclipse Foundation\jdk-11.0.12.7-hotspot\bin\api-ms-win-crt-filesystem-l1-1-0.dll
0x0000020f479f0000 - 0x0000020f479f3000 	C:\Program Files\Eclipse Foundation\jdk-11.0.12.7-hotspot\bin\api-ms-win-crt-heap-l1-1-0.dll
0x0000020f47a00000 - 0x0000020f47a03000 	C:\Program Files\Eclipse Foundation\jdk-11.0.12.7-hotspot\bin\api-ms-win-crt-locale-l1-1-0.dll
0x0000020f47a10000 - 0x0000020f47a15000 	C:\Program Files\Eclipse Foundation\jdk-11.0.12.7-hotspot\bin\api-ms-win-crt-math-l1-1-0.dll
0x0000020f47a20000 - 0x0000020f47a25000 	C:\Program Files\Eclipse Foundation\jdk-11.0.12.7-hotspot\bin\api-ms-win-crt-multibyte-l1-1-0.dll
0x0000020f47a30000 - 0x0000020f47a40000 	C:\Program Files\Eclipse Foundation\jdk-11.0.12.7-hotspot\bin\api-ms-win-crt-private-l1-1-0.dll
0x0000020f47a40000 - 0x0000020f47a43000 	C:\Program Files\Eclipse Foundation\jdk-11.0.12.7-hotspot\bin\api-ms-win-crt-process-l1-1-0.dll
0x0000020f47a50000 - 0x0000020f47a54000 	C:\Program Files\Eclipse Foundation\jdk-11.0.12.7-hotspot\bin\api-ms-win-crt-runtime-l1-1-0.dll
0x0000020f47a60000 - 0x0000020f47a64000 	C:\Program Files\Eclipse Foundation\jdk-11.0.12.7-hotspot\bin\api-ms-win-crt-stdio-l1-1-0.dll
0x0000020f47a70000 - 0x0000020f47a74000 	C:\Program Files\Eclipse Foundation\jdk-11.0.12.7-hotspot\bin\api-ms-win-crt-string-l1-1-0.dll
0x0000020f47a80000 - 0x0000020f47a83000 	C:\Program Files\Eclipse Foundation\jdk-11.0.12.7-hotspot\bin\api-ms-win-crt-time-l1-1-0.dll
0x0000020f47a90000 - 0x0000020f47a93000 	C:\Program Files\Eclipse Foundation\jdk-11.0.12.7-hotspot\bin\api-ms-win-crt-utility-l1-1-0.dll
0x00007ffb1c2a0000 - 0x00007ffb1c39a000 	C:\Program Files\Eclipse Foundation\jdk-11.0.12.7-hotspot\bin\ucrtbase.dll
0x00007ffb871a0000 - 0x00007ffb871ed000 	C:\Windows\System32\concrt140.dll
0x00007ffb9fe50000 - 0x00007ffb9fe5c000 	C:\WINDOWS\SYSTEM32\VCRUNTIME140_1.dll
0x00007ffb9a030000 - 0x00007ffb9a053000 	C:\Users\OlgaL\.openjfx\cache\11.0.2\prism_d3d.dll
0x00007ffb686b0000 - 0x00007ffb68880000 	C:\WINDOWS\system32\d3d9.dll
0x00007ffba13d0000 - 0x00007ffba13ff000 	C:\WINDOWS\SYSTEM32\dwmapi.dll
0x00007ffba1000000 - 0x00007ffba109e000 	C:\WINDOWS\system32\uxtheme.dll
0x00007ffba5ad0000 - 0x00007ffba5bfa000 	C:\WINDOWS\System32\ole32.dll
0x00007ffba5a00000 - 0x00007ffba5acd000 	C:\WINDOWS\System32\OLEAUT32.dll
0x00007ffba40d0000 - 0x00007ffba411e000 	C:\WINDOWS\System32\cfgmgr32.dll
0x00007ffba3b30000 - 0x00007ffba3b57000 	C:\WINDOWS\System32\bcrypt.dll
0x00007ffb87150000 - 0x00007ffb87195000 	C:\Users\OlgaL\.openjfx\cache\11.0.2\glass.dll
0x00007ffba4390000 - 0x00007ffba446a000 	C:\WINDOWS\System32\COMDLG32.dll
0x00007ffba4d70000 - 0x00007ffba4e85000 	C:\WINDOWS\System32\MSCTF.dll
0x00007ffb83ee0000 - 0x00007ffb83f1b000 	C:\WINDOWS\SYSTEM32\dxcore.dll
0x00007ffb88590000 - 0x00007ffb885a4000 	C:\Users\OlgaL\.openjfx\cache\11.0.2\javafx_font.dll
0x00007ffb807d0000 - 0x00007ffb80a53000 	C:\WINDOWS\SYSTEM32\dwrite.dll
0x00007ffba42d0000 - 0x00007ffba4379000 	C:\WINDOWS\System32\clbcatq.dll
0x00007ffb886a0000 - 0x00007ffb88854000 	C:\WINDOWS\SYSTEM32\WindowsCodecs.dll
0x00007ffb86c70000 - 0x00007ffb86cae000 	C:\WINDOWS\system32\dataexchange.dll
0x00007ffb9fe60000 - 0x00007ffba0045000 	C:\WINDOWS\system32\dcomp.dll
0x00007ffb9f060000 - 0x00007ffb9f2c4000 	C:\WINDOWS\system32\d3d11.dll
0x00007ffba2290000 - 0x00007ffba2384000 	C:\WINDOWS\system32\dxgi.dll
0x00007ffb9b8b0000 - 0x00007ffb9bab1000 	C:\WINDOWS\system32\twinapi.appcore.dll
0x00007ffb303f0000 - 0x00007ffb30424000 	C:\Program Files\Common Files\Microsoft Shared\Ink\rtscom.dll
0x00007ffb89890000 - 0x00007ffb89989000 	C:\WINDOWS\SYSTEM32\textinputframework.dll
0x00007ffba04a0000 - 0x00007ffba07fe000 	C:\WINDOWS\System32\CoreUIComponents.dll
0x00007ffba0800000 - 0x00007ffba08f2000 	C:\WINDOWS\System32\CoreMessaging.dll
0x00007ffba2690000 - 0x00007ffba26c3000 	C:\WINDOWS\SYSTEM32\ntmarta.dll
0x00007ffb9fcf0000 - 0x00007ffb9fe44000 	C:\WINDOWS\SYSTEM32\wintypes.dll

dbghelp: loaded successfully - version: 4.0.5 - missing functions: none
symbol engine: initialized successfully - sym options: 0x614 - pdb path: .;C:\Program Files\Eclipse Foundation\jdk-11.0.12.7-hotspot\bin;C:\WINDOWS\SYSTEM32;C:\WINDOWS\WinSxS\amd64_microsoft.windows.common-controls_6595b64144ccf1df_6.0.19041.1110_none_60b5254171f9507e;C:\Program Files\Eclipse Foundation\jdk-11.0.12.7-hotspot\bin\server;C:\Program Files\JetBrains\IntelliJ IDEA 2021.2.3\bin;C:\Users\OlgaL\.openjfx\cache\11.0.2;C:\WINDOWS\System32\DriverStore\FileRepository\igdlh64.inf_amd64_af02201d084badde;C:\Program Files\Common Files\Microsoft Shared\Ink

VM Arguments:
jvm_args: -javaagent:C:\Program Files\JetBrains\IntelliJ IDEA 2021.2.3\lib\idea_rt.jar=49466:C:\Program Files\JetBrains\IntelliJ IDEA 2021.2.3\bin -Dfile.encoding=UTF-8 --module-path=C:\Users\OlgaL\.m2\repository\org\openjfx\javafx-base\11.0.2\javafx-base-11.0.2-win.jar;C:\Users\OlgaL\.m2\repository\org\openjfx\javafx-controls\11.0.2\javafx-controls-11.0.2-win.jar;C:\Users\OlgaL\.m2\repository\org\openjfx\javafx-fxml\11.0.2\javafx-fxml-11.0.2-win.jar;C:\Users\OlgaL\IdeaProjects\Jeweller\target\classes;C:\Users\OlgaL\.m2\repository\org\openjfx\javafx-graphics\11.0.2\javafx-graphics-11.0.2-win.jar -Djdk.module.main=com.example.jeweller 
java_command: com.example.jeweller/com.example.jeweller.HelloApplication
java_class_path (initial): C:\Users\OlgaL\.m2\repository\org\openjfx\javafx-controls\11.0.2\javafx-controls-11.0.2.jar;C:\Users\OlgaL\.m2\repository\org\openjfx\javafx-graphics\11.0.2\javafx-graphics-11.0.2.jar;C:\Users\OlgaL\.m2\repository\org\openjfx\javafx-base\11.0.2\javafx-base-11.0.2.jar;C:\Users\OlgaL\.m2\repository\org\openjfx\javafx-fxml\11.0.2\javafx-fxml-11.0.2.jar;C:\Users\OlgaL\Downloads\mysql-connector-java-8.0.27\mysql-connector-java-8.0.27.jar
Launcher Type: SUN_STANDARD

[Global flags]
     intx CICompilerCount                          = 3                                         {product} {ergonomic}
     uint ConcGCThreads                            = 1                                         {product} {ergonomic}
     uint G1ConcRefinementThreads                  = 4                                         {product} {ergonomic}
   size_t G1HeapRegionSize                         = 1048576                                   {product} {ergonomic}
    uintx GCDrainStackTargetSize                   = 64                                        {product} {ergonomic}
   size_t InitialHeapSize                          = 134217728                                 {product} {ergonomic}
   size_t MarkStackSize                            = 4194304                                   {product} {ergonomic}
   size_t MaxHeapSize                              = 2122317824                                {product} {ergonomic}
   size_t MaxNewSize                               = 1272971264                                {product} {ergonomic}
   size_t MinHeapDeltaBytes                        = 1048576                                   {product} {ergonomic}
    uintx NonNMethodCodeHeapSize                   = 5830732                                {pd product} {ergonomic}
    uintx NonProfiledCodeHeapSize                  = 122913754                              {pd product} {ergonomic}
    uintx ProfiledCodeHeapSize                     = 122913754                              {pd product} {ergonomic}
    uintx ReservedCodeCacheSize                    = 251658240                              {pd product} {ergonomic}
     bool SegmentedCodeCache                       = true                                      {product} {ergonomic}
     bool UseCompressedClassPointers               = true                                 {lp64_product} {ergonomic}
     bool UseCompressedOops                        = true                                 {lp64_product} {ergonomic}
     bool UseG1GC                                  = true                                      {product} {ergonomic}
     bool UseLargePagesIndividualAllocation        = false                                  {pd product} {ergonomic}

Logging:
Log output configuration:
 #0: stdout all=warning uptime,level,tags
 #1: stderr all=off uptime,level,tags

Environment Variables:
PATH=C:\Program Files\Eclipse Foundation\jdk-11.0.12.7-hotspot\bin;C:\ProgramData\Oracle\Java\javapath;C:\WINDOWS\system32;C:\WINDOWS;C:\WINDOWS\System32\Wbem;C:\WINDOWS\System32\WindowsPowerShell\v1.0\;C:\WINDOWS\System32\OpenSSH\;C:\Program Files (x86)\Calibre2\;C:\Program Files\WireGuard\;C:\Program Files\Microsoft SQL Server\Client SDK\ODBC\170\Tools\Binn\;C:\Program Files (x86)\Microsoft SQL Server\150\Tools\Binn\;C:\Program Files\Microsoft SQL Server\150\Tools\Binn\;C:\Program Files\Microsoft SQL Server\150\DTS\Binn\;C:\Program Files (x86)\Microsoft SQL Server\150\DTS\Binn\;C:\Program Files\Azure Data Studio\bin;C:\Program Files\MySQL\MySQL Shell 8.0\bin\;C:\Users\OlgaL\AppData\Local\Microsoft\WindowsApps;;C:\Program Files\Azure Data Studio\bin
USERNAME=OlgaL
OS=Windows_NT
PROCESSOR_IDENTIFIER=Intel64 Family 6 Model 142 Stepping 9, GenuineIntel



---------------  S Y S T E M  ---------------

OS: Windows 10 , 64 bit Build 19041 (10.0.19041.1348)
OS uptime: 1 days 22:06 hours

CPU:total 4 (initial active 4) (2 cores per cpu, 2 threads per core) family 6 model 142 stepping 9 microcode 0xb4, cmov, cx8, fxsr, mmx, sse, sse2, sse3, ssse3, sse4.1, sse4.2, popcnt, avx, avx2, aes, clmul, erms, 3dnowpref, lzcnt, ht, tsc, tscinvbit, bmi1, bmi2, adx, fma

Memory: 4k page, system-wide physical 8090M (582M free)
TotalPageFile size 19893M (AvailPageFile size 6802M)
current process WorkingSet (physical memory assigned to process): 145M, peak: 180M
current process commit charge ("private bytes"): 259M, peak: 293M

vm_info: OpenJDK 64-Bit Server VM (11.0.12+7) for windows-amd64 JRE (11.0.12+7), built on Jul 21 2021 16:23:49 by "" with unknown MS VC++:1916

END.
